SF:src/podcast_scraper/__init__.py
DA:38,1
DA:40,1
DA:41,1
DA:43,1
DA:54,1
DA:60,1
DA:63,1
DA:66,1
DA:67,1
DA:68,1
DA:70,1
DA:71,1
DA:73,1
DA:74,1
DA:75,1
DA:76,1
DA:77,0
DA:79,0
DA:80,0
DA:81,0
DA:82,1
DA:83,1
DA:85,1
DA:86,1
DA:87,1
DA:88,1
DA:89,1
DA:91,1
DA:92,1
DA:93,1
DA:94,1
DA:95,1
DA:97,1
DA:98,1
DA:99,1
DA:100,1
DA:101,0
DA:103,0
DA:104,0
DA:105,0
DA:106,1
DA:107,1
DA:109,1
DA:110,1
DA:111,1
DA:112,1
DA:113,1
DA:115,1
DA:116,1
DA:117,1
DA:118,1
LF:51
LH:43
FN:66,118,__getattr__
FNDA:1,__getattr__
FNF:1
FNH:1
BRDA:67,0,jump to line 68,1
BRDA:67,0,jump to line 70,1
BRDA:70,0,jump to line 71,1
BRDA:70,0,jump to line 76,1
BRDA:76,0,jump to line 77,0
BRDA:76,0,jump to line 82,1
BRDA:82,0,jump to line 83,1
BRDA:82,0,jump to line 88,1
BRDA:88,0,jump to line 89,1
BRDA:88,0,jump to line 94,1
BRDA:94,0,jump to line 95,1
BRDA:94,0,jump to line 100,1
BRDA:100,0,jump to line 101,0
BRDA:100,0,jump to line 106,1
BRDA:106,0,jump to line 107,1
BRDA:106,0,jump to line 112,1
BRDA:112,0,jump to line 113,1
BRDA:112,0,jump to line 118,1
BRF:18
BRH:16
end_of_record
SF:src/podcast_scraper/cache/__init__.py
DA:3,1
DA:6,1
DA:13,1
LF:3
LH:3
end_of_record
SF:src/podcast_scraper/cache/directories.py
DA:8,1
DA:9,1
DA:10,1
DA:13,1
DA:16,1
DA:23,1
DA:24,1
DA:27,1
DA:28,1
DA:29,1
DA:30,1
DA:31,1
DA:32,1
DA:34,1
DA:35,1
DA:38,1
DA:51,1
DA:52,1
DA:53,1
DA:56,1
DA:57,1
DA:58,1
DA:61,1
DA:62,1
DA:63,1
DA:64,1
DA:67,1
DA:70,1
DA:90,1
DA:91,1
DA:92,1
DA:95,1
DA:96,1
DA:97,1
DA:100,1
DA:101,1
DA:102,1
DA:103,1
DA:106,1
DA:108,1
DA:110,1
DA:111,1
DA:112,1
DA:113,1
DA:115,1
DA:117,1
DA:119,0
DA:120,0
DA:121,1
DA:122,1
DA:125,1
DA:128,1
DA:137,1
DA:138,1
DA:139,1
DA:140,1
DA:142,1
DA:143,1
DA:144,1
DA:145,1
LF:60
LH:58
FN:16,35,get_project_root
FNDA:1,get_project_root
FN:38,67,get_whisper_cache_dir
FNDA:1,get_whisper_cache_dir
FN:70,125,get_transformers_cache_dir
FNDA:1,get_transformers_cache_dir
FN:128,145,get_spacy_cache_dir
FNDA:1,get_spacy_cache_dir
FNF:4
FNH:4
BRDA:23,0,jump to line 24,1
BRDA:23,0,jump to line 27,1
BRDA:28,0,jump to line 29,1
BRDA:28,0,jump to line 34,1
BRDA:29,0,jump to line 30,1
BRDA:29,0,jump to line 32,1
BRDA:52,0,jump to line 53,1
BRDA:52,0,jump to line 56,1
BRDA:57,0,jump to line 58,1
BRDA:57,0,jump to line 61,1
BRDA:63,0,jump to line 64,1
BRDA:63,0,jump to line 67,1
BRDA:91,0,jump to line 92,1
BRDA:91,0,jump to line 95,1
BRDA:96,0,jump to line 97,1
BRDA:96,0,jump to line 100,1
BRDA:102,0,jump to line 103,1
BRDA:102,0,jump to line 106,1
BRDA:110,0,jump to line 111,1
BRDA:110,0,jump to line 115,0
BRDA:119,0,jump to line 120,-
BRDA:119,0,jump to line 125,-
BRDA:139,0,jump to line 140,1
BRDA:139,0,jump to line 142,1
BRDA:143,0,jump to line 144,1
BRDA:143,0,jump to line 145,1
BRF:26
BRH:23
end_of_record
SF:src/podcast_scraper/cache/manager.py
DA:7,1
DA:9,1
DA:10,1
DA:11,1
DA:12,1
DA:14,1
DA:20,1
DA:23,1
DA:32,1
DA:33,1
DA:34,1
DA:35,1
DA:36,1
DA:37,1
DA:40,1
DA:49,1
DA:50,1
DA:52,1
DA:53,1
DA:54,1
DA:55,1
DA:56,1
DA:57,1
DA:58,0
DA:60,0
DA:61,1
DA:63,1
DA:65,1
DA:68,1
DA:74,1
DA:75,1
DA:76,1
DA:78,1
DA:80,1
DA:81,1
DA:82,1
DA:83,1
DA:84,1
DA:91,0
DA:92,0
DA:94,1
DA:97,1
DA:103,1
DA:104,1
DA:105,1
DA:107,1
DA:109,1
DA:110,1
DA:111,1
DA:112,1
DA:113,1
DA:115,1
DA:116,1
DA:123,0
DA:124,0
DA:126,1
DA:129,1
DA:138,1
DA:139,1
DA:140,1
DA:142,1
DA:144,1
DA:145,1
DA:146,1
DA:147,1
DA:148,1
DA:149,1
DA:150,1
DA:157,0
DA:158,0
DA:160,1
DA:163,1
DA:169,1
DA:170,1
DA:171,1
DA:173,1
DA:175,1
DA:198,1
DA:207,1
DA:209,1
DA:210,1
DA:212,1
DA:213,1
DA:216,1
DA:217,1
DA:218,1
DA:219,1
DA:220,1
DA:222,1
DA:223,1
DA:225,1
DA:226,1
DA:227,1
DA:228,1
DA:229,1
DA:230,1
DA:231,1
DA:232,1
DA:233,0
DA:234,0
DA:235,0
DA:236,0
DA:237,0
DA:238,1
DA:239,1
DA:241,1
DA:244,1
DA:260,1
DA:262,1
DA:263,1
DA:264,0
DA:265,0
DA:269,1
DA:270,1
DA:272,1
DA:273,1
DA:274,1
DA:275,1
DA:278,0
DA:279,0
DA:280,0
DA:281,0
DA:282,0
DA:283,0
DA:285,0
DA:286,0
DA:287,0
DA:288,0
DA:289,0
DA:290,0
DA:291,0
DA:292,0
DA:294,0
DA:295,0
DA:296,0
DA:297,0
DA:298,0
DA:299,0
DA:300,0
DA:301,0
DA:302,0
DA:305,1
DA:314,1
DA:316,1
DA:317,1
DA:319,1
DA:320,0
DA:324,0
DA:325,0
DA:326,0
DA:327,0
DA:328,0
DA:329,0
DA:331,1
DA:332,1
DA:334,1
DA:335,1
DA:336,1
DA:337,1
DA:338,1
DA:339,1
DA:340,1
DA:341,0
DA:342,0
DA:344,1
DA:347,1
DA:356,1
DA:358,1
DA:359,1
DA:361,1
DA:362,0
DA:363,0
DA:364,0
DA:365,0
DA:366,0
DA:367,0
DA:368,0
DA:369,0
DA:371,1
DA:372,1
DA:374,1
DA:375,1
DA:376,1
DA:377,1
DA:378,1
DA:379,1
DA:380,1
DA:381,0
DA:382,0
DA:384,1
DA:387,1
DA:396,1
DA:397,1
DA:399,1
DA:400,1
DA:402,1
DA:403,1
DA:404,1
DA:405,1
DA:406,1
DA:407,1
DA:408,1
DA:409,1
DA:410,1
DA:411,1
DA:412,1
DA:413,1
DA:414,1
DA:415,1
DA:416,1
DA:417,1
DA:418,1
DA:420,1
DA:421,1
DA:422,1
DA:423,1
DA:425,1
LF:217
LH:160
FN:23,37,format_size
FNDA:1,format_size
FN:40,65,calculate_directory_size
FNDA:1,calculate_directory_size
FN:68,94,get_whisper_cache_info
FNDA:1,get_whisper_cache_info
FN:97,126,get_transformers_cache_info
FNDA:1,get_transformers_cache_info
FN:129,160,get_spacy_cache_info
FNDA:1,get_spacy_cache_info
FN:163,195,get_all_cache_info
FNDA:1,get_all_cache_info
FN:198,241,clean_whisper_cache
FNDA:1,clean_whisper_cache
FN:244,302,delete_transformers_model_cache
FNDA:1,delete_transformers_model_cache
FN:305,344,clean_transformers_cache
FNDA:1,clean_transformers_cache
FN:347,384,clean_spacy_cache
FNDA:1,clean_spacy_cache
FN:387,425,clean_all_caches
FNDA:1,clean_all_caches
FNF:11
FNH:11
BRDA:33,0,jump to line 34,1
BRDA:33,0,jump to line 37,1
BRDA:34,0,jump to line 35,1
BRDA:34,0,jump to line 36,1
BRDA:49,0,jump to line 50,1
BRDA:49,0,jump to line 52,1
BRDA:54,0,jump to line 55,1
BRDA:54,0,jump to line 65,1
BRDA:55,0,jump to line 54,1
BRDA:55,0,jump to line 56,1
BRDA:78,0,jump to line 80,1
BRDA:78,0,jump to line 94,0
BRDA:80,0,jump to line 81,1
BRDA:80,0,jump to line 94,1
BRDA:107,0,jump to line 109,1
BRDA:107,0,jump to line 126,0
BRDA:109,0,jump to line 110,1
BRDA:109,0,jump to line 126,1
BRDA:110,0,jump to line 109,0
BRDA:110,0,jump to line 111,1
BRDA:142,0,jump to line 144,1
BRDA:142,0,jump to line 160,1
BRDA:144,0,jump to line 145,1
BRDA:144,0,jump to line 160,1
BRDA:145,0,jump to line 144,0
BRDA:145,0,jump to line 146,1
BRDA:148,0,jump to line 144,0
BRDA:148,0,jump to line 149,1
BRDA:209,0,jump to line 210,1
BRDA:209,0,jump to line 212,1
BRDA:212,0,jump to line 213,1
BRDA:212,0,jump to line 222,1
BRDA:218,0,jump to line 219,1
BRDA:218,0,jump to line 222,1
BRDA:225,0,jump to line 226,1
BRDA:225,0,jump to line 241,1
BRDA:228,0,jump to line 229,1
BRDA:228,0,jump to line 233,0
BRDA:233,0,jump to line 225,-
BRDA:233,0,jump to line 234,-
BRDA:263,0,jump to line 264,0
BRDA:263,0,jump to line 269,1
BRDA:272,0,jump to line 273,1
BRDA:272,0,jump to line 278,0
BRDA:285,0,jump to line 286,-
BRDA:285,0,jump to line 294,-
BRDA:290,0,jump to line 291,-
BRDA:290,0,jump to line 294,-
BRDA:316,0,jump to line 317,1
BRDA:316,0,jump to line 319,1
BRDA:319,0,jump to line 320,0
BRDA:319,0,jump to line 331,1
BRDA:327,0,jump to line 328,-
BRDA:327,0,jump to line 331,-
BRDA:334,0,jump to line 335,1
BRDA:334,0,jump to line 344,1
BRDA:358,0,jump to line 359,1
BRDA:358,0,jump to line 361,1
BRDA:361,0,jump to line 362,0
BRDA:361,0,jump to line 371,1
BRDA:367,0,jump to line 368,-
BRDA:367,0,jump to line 371,-
BRDA:374,0,jump to line 375,1
BRDA:374,0,jump to line 384,1
BRDA:399,0,jump to line 400,1
BRDA:399,0,jump to line 402,1
BRDA:402,0,jump to line 403,1
BRDA:402,0,jump to line 420,0
BRDA:416,0,jump to line 417,1
BRDA:416,0,jump to line 420,1
BRF:70
BRH:49
end_of_record
SF:src/podcast_scraper/cache/transcript_cache.py
DA:7,1
DA:8,1
DA:9,1
DA:10,1
DA:11,1
DA:12,1
DA:14,1
DA:17,1
DA:20,1
DA:29,1
DA:30,1
DA:31,1
DA:33,1
DA:34,1
DA:35,1
DA:37,1
DA:38,1
DA:41,1
DA:54,1
DA:55,1
DA:56,1
DA:57,1
DA:59,1
DA:60,1
DA:61,1
DA:62,1
DA:63,1
DA:64,1
DA:65,1
DA:66,0
DA:67,0
DA:68,1
DA:69,1
DA:70,1
DA:73,1
DA:92,1
DA:93,1
DA:95,1
DA:99,1
DA:100,1
DA:101,1
DA:102,1
DA:104,1
DA:105,1
DA:106,1
DA:107,1
DA:108,1
DA:109,1
DA:110,0
DA:111,0
LF:50
LH:46
FN:20,38,get_audio_hash
FNDA:1,get_audio_hash
FN:41,70,get_cached_transcript
FNDA:1,get_cached_transcript
FN:73,111,save_transcript_to_cache
FNDA:1,save_transcript_to_cache
FNF:3
FNH:3
BRDA:55,0,jump to line 56,1
BRDA:55,0,jump to line 59,1
BRDA:63,0,jump to line 64,1
BRDA:63,0,jump to line 66,0
BRDA:99,0,jump to line 100,1
BRDA:99,0,jump to line 101,1
BRDA:101,0,jump to line 102,1
BRDA:101,0,jump to line 104,1
BRF:8
BRH:7
end_of_record
SF:src/podcast_scraper/cleaning/__init__.py
DA:3,1
DA:4,1
DA:6,1
LF:3
LH:3
end_of_record
SF:src/podcast_scraper/cleaning/base.py
DA:7,1
DA:10,1
DA:11,1
DA:18,1
LF:4
LH:4
FN:18,27,TranscriptCleaningProcessor.clean
FNDA:0,TranscriptCleaningProcessor.clean
FNF:1
FNH:0
end_of_record
SF:src/podcast_scraper/cleaning/pattern_based.py
DA:7,1
DA:9,1
DA:12,1
DA:20,1
DA:22,1
DA:24,1
DA:37,1
DA:40,1
DA:41,1
DA:43,1
DA:52,1
DA:54,1
DA:55,1
DA:57,1
DA:66,1
DA:68,1
DA:69,1
LF:17
LH:17
FN:20,22,PatternBasedCleaner.__init__
FNDA:1,PatternBasedCleaner.__init__
FN:24,41,PatternBasedCleaner.clean
FNDA:1,PatternBasedCleaner.clean
FN:43,55,PatternBasedCleaner.remove_sponsors
FNDA:1,PatternBasedCleaner.remove_sponsors
FN:57,69,PatternBasedCleaner.remove_outros
FNDA:1,PatternBasedCleaner.remove_outros
FNF:4
FNH:4
end_of_record
SF:src/podcast_scraper/cli.py
DA:3,1
DA:5,1
DA:6,1
DA:7,1
DA:8,1
DA:9,1
DA:10,1
DA:11,1
DA:24,1
DA:26,1
DA:28,1
DA:29,1
DA:30,1
DA:31,1
DA:36,1
DA:38,1
DA:41,1
DA:44,1
DA:51,0
DA:52,0
DA:53,0
DA:54,0
DA:55,0
DA:56,0
DA:58,1
DA:64,0
DA:66,0
DA:68,0
DA:69,0
DA:71,0
DA:73,0
DA:74,0
DA:78,0
DA:82,1
DA:83,1
DA:86,1
DA:99,1
DA:100,1
DA:101,0
DA:103,0
DA:106,1
DA:107,1
DA:110,1
DA:111,1
DA:113,0
DA:114,0
DA:116,0
DA:117,0
DA:119,0
DA:124,0
DA:131,0
DA:138,0
DA:145,0
DA:147,0
DA:150,1
DA:151,1
DA:161,1
DA:162,0
DA:165,1
DA:168,1
DA:169,1
DA:171,1
DA:172,1
DA:175,0
DA:176,0
DA:178,0
DA:179,0
DA:182,0
DA:188,0
DA:189,0
DA:191,0
DA:192,0
DA:194,0
DA:195,0
DA:198,0
DA:199,0
DA:200,0
DA:201,0
DA:203,0
DA:204,0
DA:207,1
DA:214,1
DA:215,1
DA:216,1
DA:218,1
DA:219,1
DA:220,1
DA:221,1
DA:222,1
DA:225,1
DA:232,1
DA:246,1
DA:247,1
DA:250,1
DA:257,1
DA:258,0
DA:262,1
DA:263,1
DA:264,1
DA:265,0
DA:268,1
DA:275,1
DA:276,1
DA:279,1
DA:281,1
DA:284,1
DA:285,1
DA:288,1
DA:289,1
DA:291,1
DA:292,1
DA:294,1
DA:295,1
DA:298,1
DA:299,1
DA:300,1
DA:303,1
DA:304,1
DA:305,1
DA:306,1
DA:307,1
DA:309,1
DA:310,1
DA:313,1
DA:319,1
DA:320,1
DA:325,1
DA:330,1
DA:337,1
DA:343,1
DA:344,1
DA:345,1
DA:348,1
DA:351,1
DA:357,1
DA:358,1
DA:364,1
DA:365,1
DA:368,1
DA:371,1
DA:376,1
DA:379,1
DA:382,1
DA:383,1
DA:388,1
DA:394,1
DA:400,1
DA:406,1
DA:412,1
DA:422,1
DA:428,1
DA:433,1
DA:438,1
DA:443,1
DA:448,1
DA:456,1
DA:462,1
DA:468,1
DA:474,1
DA:480,1
DA:486,1
DA:492,1
DA:498,1
DA:506,1
DA:512,1
DA:518,1
DA:524,1
DA:530,1
DA:536,1
DA:542,1
DA:550,1
DA:556,1
DA:562,1
DA:568,1
DA:574,1
DA:575,1
DA:581,1
DA:588,1
DA:591,1
DA:597,1
DA:603,1
DA:610,1
DA:616,1
DA:621,1
DA:627,1
DA:632,1
DA:642,1
DA:648,1
DA:653,1
DA:658,1
DA:664,1
DA:670,1
DA:676,1
DA:682,1
DA:690,1
DA:696,1
DA:697,1
DA:703,1
DA:708,1
DA:714,1
DA:720,1
DA:726,1
DA:734,1
DA:740,1
DA:745,1
DA:760,1
DA:765,1
DA:771,1
DA:777,1
DA:784,1
DA:791,1
DA:797,1
DA:803,1
DA:809,1
DA:815,1
DA:823,1
DA:839,1
DA:841,1
DA:842,0
DA:844,0
DA:847,1
DA:848,0
DA:850,0
DA:853,1
DA:855,1
DA:858,1
DA:859,1
DA:860,1
DA:861,1
DA:863,1
DA:864,1
DA:866,1
DA:868,1
DA:871,1
DA:874,0
DA:875,0
DA:877,1
DA:882,1
DA:883,1
DA:884,1
DA:886,1
DA:887,1
DA:888,1
DA:889,0
DA:890,1
DA:893,1
DA:902,0
DA:906,0
DA:911,0
DA:912,0
DA:915,1
DA:924,0
DA:925,0
DA:926,0
DA:928,0
DA:929,0
DA:930,0
DA:932,0
DA:935,0
DA:936,0
DA:937,0
DA:938,0
DA:939,0
DA:940,0
DA:942,0
DA:945,0
DA:946,0
DA:947,0
DA:948,0
DA:949,0
DA:950,0
DA:952,0
DA:953,0
DA:959,0
DA:960,0
DA:961,0
DA:962,0
DA:964,0
DA:965,0
DA:966,0
DA:967,0
DA:968,0
DA:971,0
DA:972,0
DA:973,0
DA:974,0
DA:975,0
DA:976,0
DA:977,0
DA:978,0
DA:979,0
DA:980,0
DA:981,0
DA:982,0
DA:985,0
DA:986,0
DA:987,0
DA:989,0
DA:990,0
DA:991,0
DA:992,0
DA:993,0
DA:994,0
DA:995,0
DA:996,0
DA:997,0
DA:998,0
DA:999,0
DA:1001,0
DA:1002,0
DA:1003,0
DA:1006,0
DA:1007,0
DA:1008,0
DA:1010,0
DA:1011,0
DA:1012,0
DA:1014,0
DA:1015,0
DA:1017,0
DA:1018,0
DA:1019,0
DA:1021,0
DA:1022,0
DA:1024,0
DA:1025,0
DA:1026,0
DA:1028,0
DA:1029,0
DA:1031,0
DA:1032,0
DA:1033,0
DA:1036,0
DA:1037,0
DA:1038,0
DA:1039,0
DA:1041,0
DA:1042,0
DA:1043,0
DA:1044,0
DA:1045,0
DA:1048,0
DA:1049,0
DA:1050,0
DA:1051,0
DA:1053,0
DA:1054,0
DA:1057,1
DA:1066,1
DA:1070,1
DA:1075,1
DA:1082,1
DA:1092,1
DA:1098,1
DA:1101,1
DA:1102,1
DA:1104,1
DA:1107,1
DA:1110,1
DA:1112,1
DA:1113,1
DA:1114,1
DA:1115,1
DA:1118,1
DA:1120,0
DA:1121,0
DA:1122,0
DA:1123,0
DA:1126,1
DA:1131,1
DA:1132,1
DA:1133,1
DA:1134,1
DA:1135,1
DA:1136,1
DA:1137,1
DA:1138,1
DA:1139,1
DA:1140,1
DA:1142,1
DA:1144,1
DA:1145,1
DA:1146,1
DA:1148,1
DA:1149,1
DA:1151,1
DA:1153,1
DA:1154,1
DA:1157,1
DA:1159,1
DA:1160,1
DA:1218,1
DA:1219,1
DA:1220,1
DA:1221,1
DA:1222,1
DA:1223,1
DA:1224,1
DA:1225,1
DA:1228,1
DA:1230,1
DA:1231,1
DA:1232,1
DA:1233,1
DA:1234,1
DA:1235,1
DA:1236,1
DA:1237,1
DA:1238,1
DA:1239,1
DA:1240,1
DA:1241,1
DA:1242,1
DA:1243,1
DA:1244,1
DA:1245,0
DA:1248,1
DA:1250,1
DA:1251,1
DA:1252,1
DA:1253,1
DA:1254,1
DA:1255,1
DA:1256,1
DA:1257,1
DA:1258,0
DA:1261,1
DA:1263,1
DA:1264,1
DA:1265,1
DA:1266,1
DA:1267,1
DA:1268,1
DA:1269,1
DA:1270,1
DA:1271,0
DA:1274,1
DA:1276,1
DA:1277,1
DA:1281,1
DA:1282,1
DA:1283,1
DA:1284,1
DA:1285,1
DA:1286,1
DA:1287,1
DA:1288,1
DA:1289,0
DA:1292,1
DA:1294,1
DA:1295,1
DA:1296,1
DA:1297,1
DA:1298,1
DA:1299,1
DA:1300,1
DA:1301,1
DA:1302,0
DA:1305,1
DA:1307,1
DA:1308,1
DA:1309,1
DA:1310,1
DA:1311,1
DA:1312,1
DA:1313,1
DA:1314,1
DA:1315,0
DA:1316,1
DA:1317,1
DA:1319,1
DA:1322,1
DA:1329,1
DA:1330,1
DA:1331,1
DA:1334,1
DA:1335,1
DA:1336,1
DA:1337,1
DA:1338,1
DA:1339,1
DA:1340,1
DA:1341,1
DA:1344,1
DA:1345,1
DA:1346,1
DA:1347,1
DA:1352,1
DA:1355,1
DA:1356,1
DA:1357,1
DA:1358,1
DA:1359,1
DA:1360,1
DA:1361,0
DA:1362,0
DA:1363,0
DA:1364,0
DA:1367,1
DA:1368,1
DA:1369,1
DA:1370,1
DA:1371,1
DA:1372,1
DA:1375,1
DA:1376,1
DA:1377,1
DA:1378,0
DA:1379,0
DA:1380,0
DA:1382,0
DA:1385,1
DA:1386,1
DA:1387,1
DA:1388,0
DA:1389,0
DA:1390,0
DA:1391,0
DA:1393,0
DA:1394,0
DA:1395,0
DA:1396,0
DA:1397,0
DA:1401,0
DA:1405,0
DA:1406,0
DA:1409,0
DA:1413,0
DA:1417,0
DA:1418,0
DA:1421,1
DA:1422,1
DA:1423,1
DA:1424,1
DA:1425,1
DA:1427,1
DA:1430,1
DA:1436,1
DA:1437,0
DA:1443,0
DA:1446,1
DA:1452,1
DA:1454,1
DA:1455,0
DA:1461,0
DA:1464,1
DA:1473,1
DA:1475,1
DA:1476,1
DA:1478,1
DA:1481,1
DA:1483,1
DA:1484,1
DA:1485,1
DA:1486,1
DA:1487,1
DA:1488,1
DA:1490,1
DA:1491,1
DA:1492,0
DA:1493,0
DA:1494,0
DA:1495,0
DA:1497,0
DA:1500,1
DA:1501,0
DA:1504,1
DA:1505,1
DA:1506,1
DA:1508,1
DA:1509,1
DA:1510,1
DA:1511,1
DA:1514,1
DA:1515,1
DA:1516,1
DA:1517,1
DA:1518,1
DA:1519,1
DA:1520,1
DA:1521,1
DA:1524,1
DA:1525,1
DA:1526,1
DA:1527,1
DA:1528,1
DA:1529,1
DA:1530,0
DA:1534,1
DA:1535,1
DA:1536,1
DA:1539,1
DA:1540,1
DA:1541,1
DA:1542,1
DA:1543,1
DA:1544,1
DA:1545,1
DA:1546,1
DA:1547,1
DA:1548,1
DA:1549,1
DA:1551,1
DA:1552,1
DA:1554,1
DA:1555,1
DA:1556,1
DA:1558,1
DA:1559,1
DA:1560,1
DA:1562,1
DA:1563,1
DA:1564,1
DA:1565,1
DA:1566,1
DA:1567,1
DA:1571,1
DA:1572,1
DA:1573,1
DA:1574,1
DA:1575,1
DA:1579,1
DA:1580,1
DA:1581,1
DA:1582,1
DA:1583,1
DA:1587,1
DA:1588,1
DA:1589,1
DA:1590,1
DA:1591,1
DA:1594,1
DA:1597,0
DA:1598,0
DA:1601,0
DA:1602,0
DA:1603,0
DA:1604,0
DA:1605,0
DA:1607,0
DA:1608,0
DA:1610,1
DA:1611,0
DA:1612,0
DA:1613,1
DA:1614,1
DA:1615,1
DA:1618,1
DA:1624,0
DA:1625,0
DA:1627,0
DA:1628,0
DA:1629,0
DA:1630,0
DA:1631,0
DA:1640,0
DA:1641,0
DA:1642,0
DA:1643,0
DA:1644,0
DA:1645,0
DA:1646,0
DA:1647,0
DA:1648,0
DA:1649,0
DA:1650,0
DA:1651,0
DA:1652,0
DA:1653,0
DA:1654,0
DA:1655,0
DA:1657,1
DA:1658,1
DA:1659,0
DA:1660,0
DA:1661,0
DA:1663,1
DA:1665,1
DA:1666,1
DA:1668,1
DA:1669,1
DA:1674,1
DA:1675,1
LF:683
LH:448
FN:44,56,_RichProgress.__init__
FNDA:0,_RichProgress.__init__
FN:58,78,_RichProgress.update
FNDA:0,_RichProgress.update
FN:86,147,_get_shared_progress
FNDA:1,_get_shared_progress
FN:151,204,_rich_progress
FNDA:1,_rich_progress
FN:207,222,_validate_rss_url
FNDA:1,_validate_rss_url
FN:225,247,_validate_whisper_config
FNDA:1,_validate_whisper_config
FN:250,265,_validate_speaker_config
FNDA:1,_validate_speaker_config
FN:268,276,_validate_workers_config
FNDA:1,_validate_workers_config
FN:279,310,validate_args
FNDA:1,validate_args
FN:313,334,_add_cache_arguments
FNDA:1,_add_cache_arguments
FN:337,419,_add_common_arguments
FNDA:1,_add_common_arguments
FN:422,453,_add_openai_arguments
FNDA:1,_add_openai_arguments
FN:456,503,_add_gemini_arguments
FNDA:1,_add_gemini_arguments
FN:506,547,_add_anthropic_arguments
FNDA:1,_add_anthropic_arguments
FN:550,607,_add_transcription_arguments
FNDA:1,_add_transcription_arguments
FN:610,639,_add_metadata_arguments
FNDA:1,_add_metadata_arguments
FN:642,687,_add_speaker_detection_arguments
FNDA:1,_add_speaker_detection_arguments
FN:690,731,_add_preprocessing_arguments
FNDA:1,_add_preprocessing_arguments
FN:734,820,_add_summarization_arguments
FNDA:1,_add_summarization_arguments
FN:823,890,_load_and_merge_config
FNDA:1,_load_and_merge_config
FN:893,912,_parse_doctor_args
FNDA:0,_parse_doctor_args
FN:915,1054,_run_doctor_checks
FNDA:0,_run_doctor_checks
FN:1057,1104,_parse_cache_args
FNDA:1,_parse_cache_args
FN:1107,1154,parse_args
FNDA:1,parse_args
FN:1157,1319,_build_config
FNDA:1,_build_config
FN:1322,1427,_log_configuration
FNDA:1,_log_configuration
FN:1430,1443,_validate_python_version
FNDA:1,_validate_python_version
FN:1446,1461,_validate_ffmpeg
FNDA:1,_validate_ffmpeg
FN:1464,1675,main
FNDA:1,main
FNF:29
FNH:25
BRDA:64,0,jump to line 66,-
BRDA:64,0,jump to line 68,-
BRDA:71,0,jump to line 73,-
BRDA:71,0,jump to line 78,-
BRDA:106,0,jump to line 107,1
BRDA:106,0,jump to line 110,0
BRDA:110,0,jump to line 111,1
BRDA:110,0,jump to line 113,0
BRDA:113,0,jump to line 114,-
BRDA:113,0,jump to line 147,-
BRDA:161,0,jump to line 162,0
BRDA:161,0,jump to line 165,1
BRDA:168,0,jump to line 169,1
BRDA:168,0,jump to line 175,0
BRDA:175,0,jump to line 176,-
BRDA:175,0,jump to line 178,-
BRDA:188,0,jump to line 189,-
BRDA:188,0,jump to line 191,-
BRDA:191,0,jump to line 192,-
BRDA:191,0,jump to line 194,-
BRDA:198,0,jump to line 199,-
BRDA:198,0,jump to line 200,-
BRDA:203,0,jump to line 204,-
BRDA:203,0,return from function '_rich_progress',-
BRDA:214,0,jump to line 215,1
BRDA:214,0,jump to line 218,1
BRDA:219,0,jump to line 220,1
BRDA:219,0,jump to line 221,1
BRDA:221,0,jump to line 222,1
BRDA:221,0,return from function '_validate_rss_url',1
BRDA:246,0,jump to line 247,1
BRDA:246,0,return from function '_validate_whisper_config',1
BRDA:257,0,jump to line 258,0
BRDA:257,0,jump to line 262,1
BRDA:262,0,jump to line 263,1
BRDA:262,0,return from function '_validate_speaker_config',1
BRDA:264,0,jump to line 265,0
BRDA:264,0,return from function '_validate_speaker_config',1
BRDA:275,0,jump to line 276,1
BRDA:275,0,return from function '_validate_workers_config',1
BRDA:288,0,jump to line 289,1
BRDA:288,0,jump to line 291,1
BRDA:291,0,jump to line 292,1
BRDA:291,0,jump to line 294,1
BRDA:294,0,jump to line 295,1
BRDA:294,0,jump to line 298,1
BRDA:303,0,jump to line 304,1
BRDA:303,0,jump to line 309,1
BRDA:309,0,jump to line 310,1
BRDA:309,0,return from function 'validate_args',1
BRDA:841,0,jump to line 842,0
BRDA:841,0,jump to line 847,1
BRDA:847,0,jump to line 848,0
BRDA:847,0,jump to line 853,1
BRDA:860,0,jump to line 861,1
BRDA:860,0,jump to line 863,1
BRDA:883,0,jump to line 884,1
BRDA:883,0,jump to line 886,0
BRDA:888,0,jump to line 889,0
BRDA:888,0,jump to line 890,1
BRDA:937,0,jump to line 938,-
BRDA:937,0,jump to line 942,-
BRDA:947,0,jump to line 948,-
BRDA:947,0,jump to line 952,-
BRDA:959,0,jump to line 960,-
BRDA:959,0,jump to line 964,-
BRDA:991,0,jump to line 992,-
BRDA:991,0,jump to line 1001,-
BRDA:1036,0,jump to line 1037,-
BRDA:1036,0,jump to line 1048,-
BRDA:1049,0,jump to line 1050,-
BRDA:1049,0,jump to line 1053,-
BRDA:1101,0,jump to line 1102,1
BRDA:1101,0,jump to line 1104,1
BRDA:1110,0,jump to line 1112,1
BRDA:1110,0,jump to line 1118,1
BRDA:1118,0,jump to line 1120,0
BRDA:1118,0,jump to line 1126,1
BRDA:1144,0,jump to line 1145,1
BRDA:1144,0,jump to line 1148,1
BRDA:1148,0,jump to line 1149,1
BRDA:1148,0,jump to line 1151,1
BRDA:1218,0,jump to line 1219,1
BRDA:1218,0,jump to line 1220,1
BRDA:1220,0,jump to line 1221,1
BRDA:1220,0,jump to line 1222,1
BRDA:1222,0,jump to line 1223,1
BRDA:1222,0,jump to line 1224,1
BRDA:1224,0,jump to line 1225,1
BRDA:1224,0,jump to line 1228,1
BRDA:1232,0,jump to line 1233,1
BRDA:1232,0,jump to line 1234,1
BRDA:1235,0,jump to line 1236,1
BRDA:1235,0,jump to line 1237,1
BRDA:1238,0,jump to line 1239,1
BRDA:1238,0,jump to line 1240,1
BRDA:1241,0,jump to line 1242,1
BRDA:1241,0,jump to line 1243,1
BRDA:1244,0,jump to line 1245,0
BRDA:1244,0,jump to line 1248,1
BRDA:1251,0,jump to line 1252,1
BRDA:1251,0,jump to line 1253,1
BRDA:1253,0,jump to line 1254,1
BRDA:1253,0,jump to line 1255,1
BRDA:1255,0,jump to line 1256,1
BRDA:1255,0,jump to line 1257,1
BRDA:1257,0,jump to line 1258,0
BRDA:1257,0,jump to line 1261,1
BRDA:1264,0,jump to line 1265,1
BRDA:1264,0,jump to line 1266,1
BRDA:1266,0,jump to line 1267,1
BRDA:1266,0,jump to line 1268,1
BRDA:1268,0,jump to line 1269,1
BRDA:1268,0,jump to line 1270,1
BRDA:1270,0,jump to line 1271,0
BRDA:1270,0,jump to line 1274,1
BRDA:1277,0,jump to line 1281,1
BRDA:1277,0,jump to line 1282,1
BRDA:1282,0,jump to line 1283,1
BRDA:1282,0,jump to line 1284,1
BRDA:1284,0,jump to line 1285,1
BRDA:1284,0,jump to line 1286,1
BRDA:1286,0,jump to line 1287,1
BRDA:1286,0,jump to line 1288,1
BRDA:1288,0,jump to line 1289,0
BRDA:1288,0,jump to line 1292,1
BRDA:1295,0,jump to line 1296,1
BRDA:1295,0,jump to line 1297,1
BRDA:1297,0,jump to line 1298,1
BRDA:1297,0,jump to line 1299,1
BRDA:1299,0,jump to line 1300,1
BRDA:1299,0,jump to line 1301,1
BRDA:1301,0,jump to line 1302,0
BRDA:1301,0,jump to line 1305,1
BRDA:1308,0,jump to line 1309,1
BRDA:1308,0,jump to line 1310,1
BRDA:1310,0,jump to line 1311,1
BRDA:1310,0,jump to line 1312,1
BRDA:1312,0,jump to line 1313,1
BRDA:1312,0,jump to line 1314,1
BRDA:1314,0,jump to line 1315,0
BRDA:1314,0,jump to line 1316,1
BRDA:1316,0,jump to line 1317,1
BRDA:1316,0,jump to line 1319,1
BRDA:1357,0,jump to line 1358,1
BRDA:1357,0,jump to line 1367,1
BRDA:1360,0,jump to line 1361,0
BRDA:1360,0,jump to line 1367,1
BRDA:1363,0,jump to line 1364,-
BRDA:1363,0,jump to line 1367,-
BRDA:1370,0,jump to line 1371,1
BRDA:1370,0,jump to line 1372,1
BRDA:1377,0,jump to line 1378,0
BRDA:1377,0,jump to line 1385,1
BRDA:1379,0,jump to line 1380,-
BRDA:1379,0,jump to line 1382,-
BRDA:1387,0,jump to line 1388,0
BRDA:1387,0,jump to line 1421,1
BRDA:1389,0,jump to line 1390,-
BRDA:1389,0,jump to line 1397,-
BRDA:1390,0,jump to line 1391,-
BRDA:1390,0,jump to line 1393,-
BRDA:1395,0,jump to line 1396,-
BRDA:1395,0,jump to line 1397,-
BRDA:1405,0,jump to line 1406,-
BRDA:1405,0,jump to line 1417,-
BRDA:1417,0,jump to line 1418,-
BRDA:1417,0,jump to line 1421,-
BRDA:1436,0,jump to line 1437,0
BRDA:1436,0,return from function '_validate_python_version',1
BRDA:1454,0,jump to line 1455,0
BRDA:1454,0,return from function '_validate_ffmpeg',1
BRDA:1475,0,jump to line 1476,1
BRDA:1475,0,jump to line 1478,1
BRDA:1485,0,jump to line 1486,1
BRDA:1485,0,jump to line 1487,0
BRDA:1487,0,jump to line 1488,1
BRDA:1487,0,jump to line 1490,0
BRDA:1500,0,jump to line 1501,0
BRDA:1500,0,jump to line 1504,1
BRDA:1504,0,jump to line 1505,1
BRDA:1504,0,jump to line 1618,1
BRDA:1508,0,jump to line 1509,1
BRDA:1508,0,jump to line 1558,1
BRDA:1519,0,jump to line 1520,1
BRDA:1519,0,jump to line 1524,1
BRDA:1520,0,jump to line 1521,1
BRDA:1520,0,jump to line 1524,1
BRDA:1529,0,jump to line 1530,0
BRDA:1529,0,jump to line 1534,1
BRDA:1534,0,jump to line 1535,1
BRDA:1534,0,jump to line 1539,1
BRDA:1535,0,jump to line 1536,1
BRDA:1535,0,jump to line 1539,1
BRDA:1540,0,jump to line 1541,1
BRDA:1540,0,jump to line 1551,1
BRDA:1546,0,jump to line 1547,1
BRDA:1546,0,jump to line 1554,1
BRDA:1547,0,jump to line 1548,1
BRDA:1547,0,jump to line 1554,1
BRDA:1558,0,jump to line 1559,1
BRDA:1558,0,jump to line 1597,0
BRDA:1562,0,jump to line 1563,1
BRDA:1562,0,jump to line 1572,1
BRDA:1572,0,jump to line 1573,1
BRDA:1572,0,jump to line 1580,1
BRDA:1580,0,jump to line 1581,1
BRDA:1580,0,jump to line 1588,1
BRDA:1588,0,jump to line 1589,1
BRDA:1588,0,jump to line 1597,0
BRDA:1597,0,jump to line 1598,-
BRDA:1597,0,jump to line 1618,-
BRDA:1601,0,jump to line 1602,-
BRDA:1601,0,jump to line 1607,-
BRDA:1618,0,jump to line 1624,0
BRDA:1618,0,jump to line 1657,1
BRDA:1628,0,jump to line 1629,-
BRDA:1628,0,jump to line 1646,-
BRDA:1643,0,jump to line 1644,-
BRDA:1643,0,jump to line 1645,-
BRDA:1646,0,jump to line 1647,-
BRDA:1646,0,jump to line 1657,-
BRF:222
BRH:141
end_of_record
SF:src/podcast_scraper/config.py
DA:1,1
DA:3,1
DA:4,1
DA:5,1
DA:6,1
DA:7,1
DA:9,1
DA:10,1
DA:11,1
DA:13,1
DA:19,1
DA:20,1
DA:28,1
DA:30,1
DA:33,1
DA:34,1
DA:36,0
DA:37,0
DA:39,0
DA:40,0
DA:41,0
DA:46,1
DA:47,0
DA:48,0
DA:50,0
DA:51,0
DA:52,0
DA:53,0
DA:54,0
DA:57,0
DA:58,0
DA:59,0
DA:61,0
DA:64,0
DA:65,0
DA:66,0
DA:68,0
DA:69,0
DA:72,0
DA:73,0
DA:74,0
DA:76,0
DA:80,1
DA:81,1
DA:82,1
DA:83,1
DA:84,1
DA:85,1
DA:86,1
DA:87,1
DA:92,1
DA:93,1
DA:94,1
DA:95,1
DA:96,1
DA:99,1
DA:100,1
DA:101,1
DA:104,1
DA:105,1
DA:106,1
DA:109,1
DA:110,1
DA:111,1
DA:112,1
DA:113,1
DA:114,1
DA:117,1
DA:118,1
DA:119,1
DA:120,1
DA:123,1
DA:124,1
DA:125,1
DA:126,1
DA:127,1
DA:128,1
DA:129,1
DA:130,1
DA:133,1
DA:139,1
DA:140,1
DA:141,1
DA:144,1
DA:150,1
DA:151,1
DA:152,1
DA:155,1
DA:161,1
DA:162,1
DA:163,1
DA:166,1
DA:172,1
DA:173,1
DA:174,1
DA:177,1
DA:183,1
DA:184,1
DA:185,1
DA:188,1
DA:194,1
DA:195,1
DA:196,1
DA:199,1
DA:208,1
DA:209,1
DA:210,1
DA:213,1
DA:219,1
DA:220,1
DA:221,1
DA:224,1
DA:230,1
DA:231,1
DA:232,1
DA:235,1
DA:241,1
DA:242,1
DA:243,1
DA:246,1
DA:252,1
DA:253,1
DA:254,1
DA:257,1
DA:263,1
DA:264,1
DA:265,1
DA:268,1
DA:274,1
DA:275,1
DA:276,1
DA:279,1
DA:285,1
DA:286,1
DA:287,1
DA:290,1
DA:296,1
DA:297,1
DA:298,1
DA:301,1
DA:307,1
DA:308,1
DA:309,1
DA:312,1
DA:318,1
DA:319,1
DA:320,1
DA:323,1
DA:329,1
DA:330,1
DA:331,1
DA:334,1
DA:341,1
DA:342,1
DA:343,0
DA:347,1
DA:354,1
DA:355,1
DA:356,1
DA:357,1
DA:358,1
DA:359,1
DA:360,1
DA:365,1
DA:366,1
DA:369,1
DA:370,1
DA:371,1
DA:372,1
DA:373,1
DA:376,1
DA:377,1
DA:378,1
DA:381,1
DA:382,1
DA:383,1
DA:384,1
DA:385,1
DA:386,1
DA:389,1
DA:392,1
DA:502,1
DA:503,1
DA:509,1
DA:510,1
DA:511,1
DA:512,1
DA:520,1
DA:528,1
DA:529,1
DA:530,1
DA:531,1
DA:532,1
DA:533,1
DA:534,1
DA:535,1
DA:536,1
DA:537,1
DA:538,1
DA:539,1
DA:545,1
DA:550,1
DA:551,1
DA:556,1
DA:561,1
DA:562,1
DA:563,1
DA:568,1
DA:569,1
DA:574,1
DA:575,1
DA:583,1
DA:584,1
DA:585,1
DA:595,1
DA:602,1
DA:607,1
DA:618,1
DA:628,1
DA:638,1
DA:647,1
DA:652,1
DA:659,1
DA:664,1
DA:669,1
DA:674,1
DA:679,1
DA:685,1
DA:691,1
DA:697,1
DA:702,1
DA:708,1
DA:714,1
DA:720,1
DA:725,1
DA:731,1
DA:736,1
DA:741,1
DA:746,1
DA:751,1
DA:757,1
DA:765,1
DA:771,1
DA:779,1
DA:786,1
DA:791,1
DA:797,1
DA:803,1
DA:808,1
DA:813,1
DA:818,1
DA:824,1
DA:833,1
DA:839,1
DA:847,1
DA:854,1
DA:860,1
DA:865,1
DA:870,1
DA:875,1
DA:880,1
DA:886,1
DA:894,1
DA:900,1
DA:908,1
DA:915,1
DA:920,1
DA:926,1
DA:931,1
DA:936,1
DA:941,1
DA:947,1
DA:955,1
DA:961,1
DA:969,1
DA:976,1
DA:981,1
DA:989,1
DA:994,1
DA:999,1
DA:1004,1
DA:1009,1
DA:1017,1
DA:1023,1
DA:1031,1
DA:1038,1
DA:1043,1
DA:1049,1
DA:1054,1
DA:1059,1
DA:1064,1
DA:1069,1
DA:1075,1
DA:1083,1
DA:1089,1
DA:1097,1
DA:1103,1
DA:1104,1
DA:1105,1
DA:1106,1
DA:1107,1
DA:1115,1
DA:1124,1
DA:1133,1
DA:1149,1
DA:1160,1
DA:1163,1
DA:1169,1
DA:1170,1
DA:1180,1
DA:1191,1
DA:1199,1
DA:1208,1
DA:1217,1
DA:1226,1
DA:1227,1
DA:1236,1
DA:1245,1
DA:1251,1
DA:1252,1
DA:1257,1
DA:1275,1
DA:1293,1
DA:1308,1
DA:1314,1
DA:1320,1
DA:1329,1
DA:1340,1
DA:1351,1
DA:1356,1
DA:1361,1
DA:1366,1
DA:1372,1
DA:1374,1
DA:1375,1
DA:1376,1
DA:1378,1
DA:1380,1
DA:1381,1
DA:1383,1
DA:1389,1
DA:1390,1
DA:1391,1
DA:1392,0
DA:1393,0
DA:1396,0
DA:1398,1
DA:1399,1
DA:1401,1
DA:1402,1
DA:1403,1
DA:1404,1
DA:1405,1
DA:1406,1
DA:1407,1
DA:1409,1
DA:1410,1
DA:1411,1
DA:1415,1
DA:1416,1
DA:1417,1
DA:1418,1
DA:1420,1
DA:1421,1
DA:1422,0
DA:1425,1
DA:1426,1
DA:1427,1
DA:1429,1
DA:1431,1
DA:1432,1
DA:1433,1
DA:1434,1
DA:1435,1
DA:1436,1
DA:1438,1
DA:1439,1
DA:1440,1
DA:1441,1
DA:1442,1
DA:1443,1
DA:1444,1
DA:1445,0
DA:1446,1
DA:1448,1
DA:1449,1
DA:1450,1
DA:1452,1
DA:1453,0
DA:1454,1
DA:1456,1
DA:1457,1
DA:1458,1
DA:1459,1
DA:1460,0
DA:1461,1
DA:1463,1
DA:1464,1
DA:1465,1
DA:1472,1
DA:1473,0
DA:1477,1
DA:1478,1
DA:1479,1
DA:1480,1
DA:1481,1
DA:1484,1
DA:1485,1
DA:1486,1
DA:1487,1
DA:1488,1
DA:1489,1
DA:1492,1
DA:1493,1
DA:1494,1
DA:1495,1
DA:1496,1
DA:1497,1
DA:1501,1
DA:1503,1
DA:1504,1
DA:1505,1
DA:1506,1
DA:1507,1
DA:1510,1
DA:1511,1
DA:1513,1
DA:1515,1
DA:1516,1
DA:1519,1
DA:1520,1
DA:1522,1
DA:1523,1
DA:1524,1
DA:1525,1
DA:1526,0
DA:1528,0
DA:1531,1
DA:1532,1
DA:1533,1
DA:1534,1
DA:1535,1
DA:1536,1
DA:1537,1
DA:1538,1
DA:1539,1
DA:1542,1
DA:1543,1
DA:1544,1
DA:1545,1
DA:1546,1
DA:1547,1
DA:1548,1
DA:1549,0
DA:1550,0
DA:1553,1
DA:1554,1
DA:1555,1
DA:1556,1
DA:1557,1
DA:1558,1
DA:1559,1
DA:1560,0
DA:1561,0
DA:1564,1
DA:1565,1
DA:1566,1
DA:1567,1
DA:1568,1
DA:1569,1
DA:1570,1
DA:1571,0
DA:1572,0
DA:1575,1
DA:1576,1
DA:1577,1
DA:1578,1
DA:1579,1
DA:1580,1
DA:1581,1
DA:1582,0
DA:1583,0
DA:1586,1
DA:1587,1
DA:1588,1
DA:1589,1
DA:1590,1
DA:1591,1
DA:1592,1
DA:1593,1
DA:1594,1
DA:1597,1
DA:1598,1
DA:1599,1
DA:1600,1
DA:1601,1
DA:1602,1
DA:1605,1
DA:1606,1
DA:1607,1
DA:1608,0
DA:1609,0
DA:1610,0
DA:1613,1
DA:1614,1
DA:1615,1
DA:1616,1
DA:1618,1
DA:1619,1
DA:1620,1
DA:1621,1
DA:1624,1
DA:1625,1
DA:1626,1
DA:1627,1
DA:1628,1
DA:1629,1
DA:1632,1
DA:1633,1
DA:1634,1
DA:1635,0
DA:1636,0
DA:1637,0
DA:1640,1
DA:1641,1
DA:1642,1
DA:1643,0
DA:1644,0
DA:1645,0
DA:1648,1
DA:1649,1
DA:1650,1
DA:1651,0
DA:1652,0
DA:1653,0
DA:1656,1
DA:1657,1
DA:1658,1
DA:1659,0
DA:1660,0
DA:1661,0
DA:1664,1
DA:1665,1
DA:1666,1
DA:1667,0
DA:1668,0
DA:1669,0
DA:1672,1
DA:1673,1
DA:1674,1
DA:1675,0
DA:1676,0
DA:1677,0
DA:1680,1
DA:1681,1
DA:1682,1
DA:1683,0
DA:1684,0
DA:1685,0
DA:1688,1
DA:1689,1
DA:1690,1
DA:1691,0
DA:1692,0
DA:1693,0
DA:1696,1
DA:1697,1
DA:1698,1
DA:1699,0
DA:1700,0
DA:1701,0
DA:1704,1
DA:1705,1
DA:1706,1
DA:1707,0
DA:1708,0
DA:1709,0
DA:1712,1
DA:1713,1
DA:1714,1
DA:1715,0
DA:1716,0
DA:1717,0
DA:1720,1
DA:1721,1
DA:1722,1
DA:1723,0
DA:1724,0
DA:1725,0
DA:1726,0
DA:1727,0
DA:1728,0
DA:1730,1
DA:1732,1
DA:1733,1
DA:1734,1
DA:1736,1
DA:1737,1
DA:1738,1
DA:1740,1
DA:1741,1
DA:1742,1
DA:1744,1
DA:1745,1
DA:1746,1
DA:1748,1
DA:1749,1
DA:1750,1
DA:1754,1
DA:1755,1
DA:1756,1
DA:1757,1
DA:1759,1
DA:1760,1
DA:1761,0
DA:1764,1
DA:1765,1
DA:1766,1
DA:1768,1
DA:1770,1
DA:1771,1
DA:1772,1
DA:1773,1
DA:1774,1
DA:1775,1
DA:1776,1
DA:1778,1
DA:1779,1
DA:1780,1
DA:1782,1
DA:1783,1
DA:1784,1
DA:1785,1
DA:1789,1
DA:1790,0
DA:1791,1
DA:1792,0
DA:1793,1
DA:1795,1
DA:1796,1
DA:1797,1
DA:1798,1
DA:1799,1
DA:1800,1
DA:1801,1
DA:1802,0
DA:1803,0
DA:1804,1
DA:1806,1
DA:1807,1
DA:1808,1
DA:1809,1
DA:1810,0
DA:1811,1
DA:1812,1
DA:1813,0
DA:1814,0
DA:1815,1
DA:1817,1
DA:1818,1
DA:1819,1
DA:1820,1
DA:1821,0
DA:1822,1
DA:1823,1
DA:1824,0
DA:1825,0
DA:1826,1
DA:1827,1
DA:1828,1
DA:1830,1
DA:1831,1
DA:1832,1
DA:1833,1
DA:1834,0
DA:1835,1
DA:1836,0
DA:1837,1
DA:1838,1
DA:1839,0
DA:1841,1
DA:1842,1
DA:1843,1
DA:1844,1
DA:1845,0
DA:1846,1
DA:1847,1
DA:1848,1
DA:1849,1
DA:1850,0
DA:1852,1
DA:1853,1
DA:1854,1
DA:1855,1
DA:1856,0
DA:1857,1
DA:1858,1
DA:1859,0
DA:1860,0
DA:1861,1
DA:1862,0
DA:1863,1
DA:1865,1
DA:1866,1
DA:1867,1
DA:1868,1
DA:1869,0
DA:1870,1
DA:1871,1
DA:1872,0
DA:1873,0
DA:1874,1
DA:1875,0
DA:1876,1
DA:1878,1
DA:1879,1
DA:1880,1
DA:1881,1
DA:1882,0
DA:1883,1
DA:1884,1
DA:1885,0
DA:1886,0
DA:1887,1
DA:1888,0
DA:1889,1
DA:1891,1
DA:1892,1
DA:1893,1
DA:1895,1
DA:1896,1
DA:1897,1
DA:1899,1
DA:1900,1
DA:1901,1
DA:1903,1
DA:1904,1
DA:1905,1
DA:1907,1
DA:1908,1
DA:1909,1
DA:1911,1
DA:1912,0
DA:1913,1
DA:1914,1
DA:1915,1
DA:1916,1
DA:1918,1
DA:1919,1
DA:1920,1
DA:1922,1
DA:1923,1
DA:1924,1
DA:1925,1
DA:1927,1
DA:1928,1
DA:1929,1
DA:1931,1
DA:1932,1
DA:1933,1
DA:1934,0
DA:1935,1
DA:1936,1
DA:1941,1
DA:1942,0
DA:1943,1
DA:1944,0
DA:1948,1
DA:1952,1
DA:1953,0
DA:1954,1
DA:1956,1
DA:1957,1
DA:1958,1
DA:1960,1
DA:1961,1
DA:1963,1
DA:1964,1
DA:1965,0
DA:1966,1
DA:1968,1
DA:1969,1
DA:1970,1
DA:1972,1
DA:1973,1
DA:1975,1
DA:1976,1
DA:1977,0
DA:1978,1
DA:1980,1
DA:1981,1
DA:1982,1
DA:1985,1
DA:1986,1
DA:1988,1
DA:1989,1
DA:1990,0
DA:1991,1
DA:1993,1
DA:1994,1
DA:1995,1
DA:1997,1
DA:1998,1
DA:2000,1
DA:2001,1
DA:2002,0
DA:2003,1
DA:2005,1
DA:2006,1
DA:2007,1
DA:2013,1
DA:2014,0
DA:2015,1
DA:2017,1
DA:2027,1
DA:2031,1
DA:2033,1
DA:2034,1
DA:2035,1
DA:2039,1
DA:2040,0
DA:2041,1
DA:2042,1
DA:2043,1
DA:2047,1
DA:2049,1
DA:2050,1
DA:2051,1
DA:2055,1
DA:2056,1
DA:2057,1
DA:2059,1
DA:2069,1
DA:2073,1
DA:2075,1
DA:2076,1
DA:2077,1
DA:2079,1
DA:2080,0
DA:2081,1
DA:2082,1
DA:2083,0
DA:2084,0
DA:2085,1
DA:2086,0
DA:2087,1
DA:2089,1
DA:2090,1
DA:2091,1
DA:2093,1
DA:2094,1
DA:2096,1
DA:2097,1
DA:2098,0
DA:2099,1
DA:2101,1
DA:2102,1
DA:2103,1
DA:2105,1
DA:2106,1
DA:2108,1
DA:2109,1
DA:2110,0
DA:2111,1
DA:2113,1
DA:2114,1
DA:2115,1
DA:2117,1
DA:2118,1
DA:2120,1
DA:2121,1
DA:2122,0
DA:2123,1
DA:2125,1
DA:2126,1
DA:2127,1
DA:2129,1
DA:2130,1
DA:2132,1
DA:2133,1
DA:2134,0
DA:2135,1
DA:2137,1
DA:2138,1
DA:2139,1
DA:2141,1
DA:2142,0
DA:2143,1
DA:2144,1
DA:2145,0
DA:2146,0
DA:2147,1
DA:2148,0
DA:2149,1
DA:2151,1
DA:2152,1
DA:2153,1
DA:2155,1
DA:2156,1
DA:2158,1
DA:2159,1
DA:2160,0
DA:2161,1
DA:2163,1
DA:2164,1
DA:2165,1
DA:2167,1
DA:2168,1
DA:2170,1
DA:2171,1
DA:2172,0
DA:2174,1
DA:2176,1
DA:2177,1
DA:2178,1
DA:2180,1
DA:2181,1
DA:2183,1
DA:2184,1
DA:2185,0
DA:2187,1
DA:2189,1
DA:2190,1
DA:2191,1
DA:2193,1
DA:2194,0
DA:2195,1
DA:2196,1
DA:2197,0
DA:2198,0
DA:2199,1
DA:2200,0
DA:2201,1
DA:2203,1
DA:2204,1
DA:2205,1
DA:2207,1
DA:2208,0
DA:2209,1
DA:2210,1
DA:2211,0
DA:2212,0
DA:2213,1
DA:2214,0
DA:2215,1
DA:2217,1
DA:2218,1
DA:2219,1
DA:2221,1
DA:2222,1
DA:2224,1
DA:2225,1
DA:2226,0
DA:2227,1
DA:2229,1
DA:2230,1
DA:2231,1
DA:2233,1
DA:2234,1
DA:2236,1
DA:2237,1
DA:2238,0
DA:2240,1
DA:2242,1
DA:2243,1
DA:2244,1
DA:2246,1
DA:2247,0
DA:2248,1
DA:2249,1
DA:2250,0
DA:2251,0
DA:2252,1
DA:2253,0
DA:2254,1
DA:2256,1
DA:2257,1
DA:2259,1
DA:2260,1
DA:2261,1
DA:2262,1
DA:2263,1
DA:2264,1
DA:2265,1
DA:2267,1
DA:2268,1
DA:2269,1
DA:2274,1
DA:2276,1
DA:2277,1
DA:2279,1
DA:2280,1
DA:2281,1
DA:2282,1
DA:2283,1
DA:2284,1
DA:2285,1
DA:2287,1
DA:2288,1
DA:2289,1
DA:2294,1
DA:2296,1
DA:2297,1
DA:2299,1
DA:2300,1
DA:2301,0
DA:2302,1
DA:2303,1
DA:2304,1
DA:2305,1
DA:2307,1
DA:2308,1
DA:2309,1
DA:2314,1
DA:2316,1
DA:2317,1
DA:2319,1
DA:2320,1
DA:2321,1
DA:2322,1
DA:2323,1
DA:2325,1
DA:2326,1
DA:2327,1
DA:2332,1
DA:2334,1
DA:2335,1
DA:2338,1
DA:2339,0
DA:2345,1
DA:2346,0
DA:2352,1
DA:2353,0
DA:2359,1
DA:2360,0
DA:2365,1
DA:2367,1
DA:2368,1
DA:2370,1
DA:2371,1
DA:2372,1
DA:2373,1
DA:2374,1
DA:2376,1
DA:2377,1
DA:2378,1
DA:2383,1
DA:2385,1
DA:2386,1
DA:2388,1
DA:2389,1
DA:2390,1
DA:2391,1
DA:2392,1
DA:2393,1
DA:2394,1
DA:2396,1
DA:2397,1
DA:2398,1
DA:2403,1
DA:2405,1
DA:2406,1
DA:2407,1
DA:2409,1
DA:2410,1
DA:2411,1
DA:2413,1
DA:2414,1
DA:2415,1
DA:2417,1
DA:2418,1
DA:2419,1
DA:2420,1
DA:2421,0
DA:2422,1
DA:2423,0
DA:2424,1
DA:2426,1
DA:2427,1
DA:2428,1
DA:2430,1
DA:2431,1
DA:2432,1
DA:2433,1
DA:2434,0
DA:2435,1
DA:2436,0
DA:2437,1
DA:2439,1
DA:2440,1
DA:2441,1
DA:2443,1
DA:2444,0
DA:2445,1
DA:2446,1
DA:2447,0
DA:2448,0
DA:2449,1
DA:2450,0
DA:2451,1
DA:2453,1
DA:2454,1
DA:2455,1
DA:2457,1
DA:2458,0
DA:2459,1
DA:2460,1
DA:2461,0
DA:2462,0
DA:2463,1
DA:2464,0
DA:2465,1
DA:2467,1
DA:2468,1
DA:2469,1
DA:2471,1
DA:2472,0
DA:2473,1
DA:2474,1
DA:2475,0
DA:2476,0
DA:2477,1
DA:2478,0
DA:2479,1
DA:2481,1
DA:2482,1
DA:2483,1
DA:2485,1
DA:2486,0
DA:2487,1
DA:2488,1
DA:2489,0
DA:2490,0
DA:2491,1
DA:2492,0
DA:2493,1
DA:2495,1
DA:2496,1
DA:2497,1
DA:2499,0
DA:2501,0
DA:2502,0
DA:2503,0
DA:2504,0
DA:2505,0
DA:2506,0
DA:2507,0
DA:2508,0
DA:2509,0
DA:2511,1
DA:2512,1
DA:2513,1
DA:2515,0
DA:2517,0
DA:2518,0
DA:2519,0
DA:2520,0
DA:2521,0
DA:2522,0
DA:2523,0
DA:2524,0
DA:2525,0
DA:2527,1
DA:2528,1
DA:2529,1
DA:2531,1
DA:2532,0
DA:2533,1
DA:2534,1
DA:2535,0
DA:2536,0
DA:2537,1
DA:2538,0
DA:2539,1
DA:2541,1
DA:2542,1
DA:2543,1
DA:2545,1
DA:2546,1
DA:2547,0
DA:2548,0
DA:2549,0
DA:2550,0
DA:2551,0
DA:2552,0
DA:2553,0
DA:2555,1
DA:2556,1
DA:2557,1
DA:2559,1
DA:2560,0
DA:2561,1
DA:2562,1
DA:2564,1
DA:2565,1
DA:2593,1
DA:2594,1
DA:2595,0
DA:2601,1
DA:2602,1
DA:2603,0
DA:2609,1
DA:2610,1
DA:2611,0
DA:2618,1
DA:2619,1
DA:2620,1
DA:2621,1
DA:2622,1
DA:2631,1
DA:2632,1
DA:2633,1
DA:2634,1
DA:2635,1
DA:2643,1
DA:2644,1
DA:2645,1
DA:2652,1
DA:2653,1
DA:2662,1
DA:2663,1
DA:2670,1
DA:2671,1
DA:2680,1
DA:2681,1
DA:2686,1
DA:2689,1
DA:2762,1
DA:2763,0
DA:2765,1
DA:2766,1
DA:2767,1
DA:2768,0
DA:2769,0
DA:2771,1
DA:2772,0
DA:2774,1
DA:2775,1
DA:2776,1
DA:2777,0
DA:2778,0
DA:2780,1
DA:2781,1
DA:2782,1
DA:2783,0
DA:2784,0
DA:2785,1
DA:2786,1
DA:2787,1
DA:2788,0
DA:2789,0
DA:2791,0
DA:2793,1
DA:2794,0
DA:2796,1
LF:1255
LH:1029
FN:28,41,_is_test_environment
FNDA:1,_is_test_environment
FN:133,141,_get_default_openai_transcription_model
FNDA:1,_get_default_openai_transcription_model
FN:144,152,_get_default_openai_speaker_model
FNDA:1,_get_default_openai_speaker_model
FN:155,163,_get_default_openai_summary_model
FNDA:1,_get_default_openai_summary_model
FN:166,174,_get_default_gemini_transcription_model
FNDA:1,_get_default_gemini_transcription_model
FN:177,185,_get_default_gemini_speaker_model
FNDA:1,_get_default_gemini_speaker_model
FN:188,196,_get_default_gemini_summary_model
FNDA:1,_get_default_gemini_summary_model
FN:199,210,_get_default_anthropic_transcription_model
FNDA:1,_get_default_anthropic_transcription_model
FN:213,221,_get_default_anthropic_speaker_model
FNDA:1,_get_default_anthropic_speaker_model
FN:224,232,_get_default_anthropic_summary_model
FNDA:1,_get_default_anthropic_summary_model
FN:235,243,_get_default_deepseek_speaker_model
FNDA:1,_get_default_deepseek_speaker_model
FN:246,254,_get_default_deepseek_summary_model
FNDA:1,_get_default_deepseek_summary_model
FN:257,265,_get_default_grok_speaker_model
FNDA:1,_get_default_grok_speaker_model
FN:268,276,_get_default_grok_summary_model
FNDA:1,_get_default_grok_summary_model
FN:279,287,_get_default_ollama_speaker_model
FNDA:1,_get_default_ollama_speaker_model
FN:290,298,_get_default_ollama_summary_model
FNDA:1,_get_default_ollama_summary_model
FN:301,309,_get_default_mistral_transcription_model
FNDA:1,_get_default_mistral_transcription_model
FN:312,320,_get_default_mistral_speaker_model
FNDA:1,_get_default_mistral_speaker_model
FN:323,331,_get_default_mistral_summary_model
FNDA:1,_get_default_mistral_summary_model
FN:334,343,_get_default_ner_model
FNDA:1,_get_default_ner_model
FN:1376,1399,Config._handle_deprecated_fields
FNDA:1,Config._handle_deprecated_fields
FN:1403,1407,Config._strip_rss
FNDA:1,Config._strip_rss
FN:1411,1429,Config._load_output_dir_from_env
FNDA:1,Config._load_output_dir_from_env
FN:1433,1436,Config._coerce_string
FNDA:1,Config._coerce_string
FN:1440,1446,Config._coerce_user_agent
FNDA:1,Config._coerce_user_agent
FN:1450,1454,Config._validate_user_agent
FNDA:1,Config._validate_user_agent
FN:1458,1461,Config._validate_whisper_model
FNDA:1,Config._validate_whisper_model
FN:1465,1730,Config._preprocess_config_data
FNDA:1,Config._preprocess_config_data
FN:1734,1738,Config._normalize_log_level
FNDA:1,Config._normalize_log_level
FN:1742,1746,Config._validate_log_level
FNDA:1,Config._validate_log_level
FN:1750,1768,Config._load_log_file_from_env
FNDA:1,Config._load_log_file_from_env
FN:1772,1776,Config._strip_run_id
FNDA:1,Config._strip_run_id
FN:1780,1793,Config._validate_run_id
FNDA:1,Config._validate_run_id
FN:1797,1804,Config._coerce_max_episodes
FNDA:1,Config._coerce_max_episodes
FN:1808,1815,Config._ensure_timeout
FNDA:1,Config._ensure_timeout
FN:1819,1828,Config._ensure_delay_ms
FNDA:1,Config._ensure_delay_ms
FN:1832,1839,Config._coerce_prefer_types
FNDA:1,Config._coerce_prefer_types
FN:1843,1850,Config._coerce_speaker_names
FNDA:1,Config._coerce_speaker_names
FN:1854,1863,Config._ensure_screenplay_gap
FNDA:1,Config._ensure_screenplay_gap
FN:1867,1876,Config._ensure_num_speakers
FNDA:1,Config._ensure_num_speakers
FN:1880,1889,Config._ensure_workers
FNDA:1,Config._ensure_workers
FN:1893,1897,Config._normalize_language
FNDA:1,Config._normalize_language
FN:1901,1905,Config._coerce_ner_model
FNDA:1,Config._coerce_ner_model
FN:1909,1916,Config._validate_metadata_format
FNDA:1,Config._validate_metadata_format
FN:1920,1925,Config._strip_metadata_subdirectory
FNDA:1,Config._strip_metadata_subdirectory
FN:1929,1954,Config._validate_metadata_subdirectory
FNDA:1,Config._validate_metadata_subdirectory
FN:1958,1966,Config._load_openai_api_key_from_env
FNDA:1,Config._load_openai_api_key_from_env
FN:1970,1978,Config._load_openai_api_base_from_env
FNDA:1,Config._load_openai_api_base_from_env
FN:1982,1991,Config._load_mistral_api_key_from_env
FNDA:1,Config._load_mistral_api_key_from_env
FN:1995,2003,Config._load_mistral_api_base_from_env
FNDA:1,Config._load_mistral_api_base_from_env
FN:2007,2031,Config._validate_speaker_detector_provider
FNDA:1,Config._validate_speaker_detector_provider
FN:2035,2047,Config._validate_transcription_provider
FNDA:1,Config._validate_transcription_provider
FN:2051,2073,Config._validate_summary_provider
FNDA:1,Config._validate_summary_provider
FN:2077,2087,Config._validate_openai_temperature
FNDA:1,Config._validate_openai_temperature
FN:2091,2099,Config._load_gemini_api_key_from_env
FNDA:1,Config._load_gemini_api_key_from_env
FN:2103,2111,Config._load_gemini_api_base_from_env
FNDA:1,Config._load_gemini_api_base_from_env
FN:2115,2123,Config._load_anthropic_api_key_from_env
FNDA:1,Config._load_anthropic_api_key_from_env
FN:2127,2135,Config._load_anthropic_api_base_from_env
FNDA:1,Config._load_anthropic_api_base_from_env
FN:2139,2149,Config._validate_gemini_temperature
FNDA:1,Config._validate_gemini_temperature
FN:2153,2161,Config._load_deepseek_api_key_from_env
FNDA:1,Config._load_deepseek_api_key_from_env
FN:2165,2174,Config._load_deepseek_api_base_from_env
FNDA:1,Config._load_deepseek_api_base_from_env
FN:2178,2187,Config._load_ollama_api_base_from_env
FNDA:1,Config._load_ollama_api_base_from_env
FN:2191,2201,Config._validate_ollama_temperature
FNDA:1,Config._validate_ollama_temperature
FN:2205,2215,Config._validate_deepseek_temperature
FNDA:1,Config._validate_deepseek_temperature
FN:2219,2227,Config._load_grok_api_key_from_env
FNDA:1,Config._load_grok_api_key_from_env
FN:2231,2240,Config._load_grok_api_base_from_env
FNDA:1,Config._load_grok_api_base_from_env
FN:2244,2254,Config._validate_grok_temperature
FNDA:1,Config._validate_grok_temperature
FN:2257,2274,Config._validate_openai_provider_requirements
FNDA:1,Config._validate_openai_provider_requirements
FN:2277,2294,Config._validate_gemini_provider_requirements
FNDA:1,Config._validate_gemini_provider_requirements
FN:2297,2314,Config._validate_anthropic_provider_requirements
FNDA:1,Config._validate_anthropic_provider_requirements
FN:2317,2332,Config._validate_deepseek_provider_requirements
FNDA:1,Config._validate_deepseek_provider_requirements
FN:2335,2365,Config._validate_provider_capabilities
FNDA:1,Config._validate_provider_capabilities
FN:2368,2383,Config._validate_grok_provider_requirements
FNDA:1,Config._validate_grok_provider_requirements
FN:2386,2403,Config._validate_mistral_provider_requirements
FNDA:1,Config._validate_mistral_provider_requirements
FN:2407,2411,Config._coerce_summary_model
FNDA:1,Config._coerce_summary_model
FN:2415,2424,Config._coerce_summary_device
FNDA:1,Config._coerce_summary_device
FN:2428,2437,Config._coerce_whisper_device
FNDA:1,Config._coerce_whisper_device
FN:2441,2451,Config._ensure_transcription_parallelism
FNDA:1,Config._ensure_transcription_parallelism
FN:2455,2465,Config._ensure_transcription_queue_size
FNDA:1,Config._ensure_transcription_queue_size
FN:2469,2479,Config._ensure_processing_parallelism
FNDA:1,Config._ensure_processing_parallelism
FN:2483,2493,Config._ensure_batch_size
FNDA:1,Config._ensure_batch_size
FN:2497,2509,Config._validate_summary_max_workers_cpu
FNDA:0,Config._validate_summary_max_workers_cpu
FN:2513,2525,Config._validate_summary_max_workers_gpu
FNDA:0,Config._validate_summary_max_workers_gpu
FN:2529,2539,Config._ensure_chunk_parallelism
FNDA:1,Config._ensure_chunk_parallelism
FN:2543,2553,Config._coerce_chunk_size
FNDA:1,Config._coerce_chunk_size
FN:2557,2562,Config._coerce_cache_dir
FNDA:1,Config._coerce_cache_dir
FN:2565,2686,Config._validate_cross_field_settings
FNDA:1,Config._validate_cross_field_settings
FN:2689,2796,load_config_file
FNDA:1,load_config_file
FNF:88
FNH:86
BRDA:33,0,jump to line 34,1
BRDA:33,0,jump to line 36,0
BRDA:36,0,jump to line 37,-
BRDA:36,0,jump to line 39,-
BRDA:39,0,jump to line 40,-
BRDA:39,0,jump to line 41,-
BRDA:46,0,jump to line 47,0
BRDA:46,0,jump to line 80,1
BRDA:51,0,jump to line 52,-
BRDA:51,0,jump to line 64,-
BRDA:139,0,jump to line 140,1
BRDA:139,0,jump to line 141,1
BRDA:150,0,jump to line 151,1
BRDA:150,0,jump to line 152,1
BRDA:161,0,jump to line 162,1
BRDA:161,0,jump to line 163,1
BRDA:172,0,jump to line 173,1
BRDA:172,0,jump to line 174,1
BRDA:183,0,jump to line 184,1
BRDA:183,0,jump to line 185,1
BRDA:194,0,jump to line 195,1
BRDA:194,0,jump to line 196,1
BRDA:208,0,jump to line 209,1
BRDA:208,0,jump to line 210,1
BRDA:219,0,jump to line 220,1
BRDA:219,0,jump to line 221,1
BRDA:230,0,jump to line 231,1
BRDA:230,0,jump to line 232,1
BRDA:241,0,jump to line 242,1
BRDA:241,0,jump to line 243,1
BRDA:252,0,jump to line 253,1
BRDA:252,0,jump to line 254,1
BRDA:263,0,jump to line 264,1
BRDA:263,0,jump to line 265,1
BRDA:274,0,jump to line 275,1
BRDA:274,0,jump to line 276,1
BRDA:285,0,jump to line 286,1
BRDA:285,0,jump to line 287,1
BRDA:296,0,jump to line 297,1
BRDA:296,0,jump to line 298,1
BRDA:307,0,jump to line 308,1
BRDA:307,0,jump to line 309,1
BRDA:318,0,jump to line 319,1
BRDA:318,0,jump to line 320,1
BRDA:329,0,jump to line 330,1
BRDA:329,0,jump to line 331,1
BRDA:341,0,jump to line 342,1
BRDA:341,0,jump to line 343,0
BRDA:1378,0,jump to line 1380,1
BRDA:1378,0,jump to line 1399,0
BRDA:1380,0,jump to line 1381,1
BRDA:1380,0,jump to line 1399,1
BRDA:1390,0,jump to line 1391,1
BRDA:1390,0,jump to line 1392,0
BRDA:1392,0,jump to line 1393,-
BRDA:1392,0,jump to line 1396,-
BRDA:1404,0,jump to line 1405,1
BRDA:1404,0,jump to line 1406,1
BRDA:1416,0,jump to line 1417,1
BRDA:1416,0,jump to line 1425,1
BRDA:1418,0,jump to line 1420,1
BRDA:1418,0,jump to line 1425,0
BRDA:1420,0,jump to line 1421,1
BRDA:1420,0,jump to line 1422,0
BRDA:1425,0,jump to line 1426,1
BRDA:1425,0,jump to line 1429,1
BRDA:1434,0,jump to line 1435,1
BRDA:1434,0,jump to line 1436,1
BRDA:1441,0,jump to line 1442,1
BRDA:1441,0,jump to line 1443,1
BRDA:1444,0,jump to line 1445,0
BRDA:1444,0,jump to line 1446,1
BRDA:1452,0,jump to line 1453,0
BRDA:1452,0,jump to line 1454,1
BRDA:1459,0,jump to line 1460,0
BRDA:1459,0,jump to line 1461,1
BRDA:1472,0,jump to line 1473,0
BRDA:1472,0,jump to line 1477,1
BRDA:1478,0,jump to line 1479,1
BRDA:1478,0,jump to line 1484,1
BRDA:1480,0,jump to line 1481,1
BRDA:1480,0,jump to line 1484,0
BRDA:1484,0,jump to line 1485,1
BRDA:1484,0,jump to line 1492,1
BRDA:1486,0,jump to line 1487,1
BRDA:1486,0,jump to line 1492,1
BRDA:1488,0,jump to line 1489,1
BRDA:1488,0,jump to line 1492,0
BRDA:1492,0,jump to line 1493,1
BRDA:1492,0,jump to line 1501,1
BRDA:1494,0,jump to line 1495,1
BRDA:1494,0,jump to line 1501,1
BRDA:1496,0,jump to line 1497,1
BRDA:1496,0,jump to line 1501,0
BRDA:1501,0,jump to line 1503,1
BRDA:1501,0,jump to line 1531,1
BRDA:1504,0,jump to line 1505,1
BRDA:1504,0,jump to line 1510,1
BRDA:1506,0,jump to line 1507,1
BRDA:1506,0,jump to line 1531,0
BRDA:1511,0,jump to line 1513,1
BRDA:1511,0,jump to line 1519,1
BRDA:1524,0,jump to line 1525,1
BRDA:1524,0,jump to line 1531,0
BRDA:1531,0,jump to line 1532,1
BRDA:1531,0,jump to line 1542,1
BRDA:1533,0,jump to line 1534,1
BRDA:1533,0,jump to line 1542,1
BRDA:1536,0,jump to line 1537,1
BRDA:1536,0,jump to line 1542,0
BRDA:1542,0,jump to line 1543,1
BRDA:1542,0,jump to line 1553,1
BRDA:1544,0,jump to line 1545,1
BRDA:1544,0,jump to line 1553,1
BRDA:1547,0,jump to line 1548,1
BRDA:1547,0,jump to line 1553,0
BRDA:1553,0,jump to line 1554,1
BRDA:1553,0,jump to line 1564,1
BRDA:1555,0,jump to line 1556,1
BRDA:1555,0,jump to line 1564,1
BRDA:1558,0,jump to line 1559,1
BRDA:1558,0,jump to line 1564,0
BRDA:1564,0,jump to line 1565,1
BRDA:1564,0,jump to line 1575,1
BRDA:1566,0,jump to line 1567,1
BRDA:1566,0,jump to line 1575,1
BRDA:1569,0,jump to line 1570,1
BRDA:1569,0,jump to line 1575,0
BRDA:1575,0,jump to line 1576,1
BRDA:1575,0,jump to line 1586,1
BRDA:1577,0,jump to line 1578,1
BRDA:1577,0,jump to line 1586,1
BRDA:1580,0,jump to line 1581,1
BRDA:1580,0,jump to line 1586,0
BRDA:1586,0,jump to line 1587,1
BRDA:1586,0,jump to line 1597,1
BRDA:1588,0,jump to line 1589,1
BRDA:1588,0,jump to line 1597,1
BRDA:1591,0,jump to line 1592,1
BRDA:1591,0,jump to line 1597,0
BRDA:1597,0,jump to line 1598,1
BRDA:1597,0,jump to line 1605,1
BRDA:1599,0,jump to line 1600,1
BRDA:1599,0,jump to line 1605,1
BRDA:1601,0,jump to line 1602,1
BRDA:1601,0,jump to line 1605,1
BRDA:1605,0,jump to line 1606,1
BRDA:1605,0,jump to line 1613,1
BRDA:1607,0,jump to line 1608,0
BRDA:1607,0,jump to line 1613,1
BRDA:1609,0,jump to line 1610,-
BRDA:1609,0,jump to line 1613,-
BRDA:1613,0,jump to line 1614,1
BRDA:1613,0,jump to line 1624,1
BRDA:1615,0,jump to line 1616,1
BRDA:1615,0,jump to line 1624,1
BRDA:1618,0,jump to line 1619,1
BRDA:1618,0,jump to line 1620,1
BRDA:1620,0,jump to line 1621,1
BRDA:1620,0,jump to line 1624,0
BRDA:1624,0,jump to line 1625,1
BRDA:1624,0,jump to line 1632,1
BRDA:1626,0,jump to line 1627,1
BRDA:1626,0,jump to line 1632,1
BRDA:1628,0,jump to line 1629,1
BRDA:1628,0,jump to line 1632,0
BRDA:1632,0,jump to line 1633,1
BRDA:1632,0,jump to line 1640,1
BRDA:1634,0,jump to line 1635,0
BRDA:1634,0,jump to line 1640,1
BRDA:1636,0,jump to line 1637,-
BRDA:1636,0,jump to line 1640,-
BRDA:1640,0,jump to line 1641,1
BRDA:1640,0,jump to line 1648,1
BRDA:1642,0,jump to line 1643,0
BRDA:1642,0,jump to line 1648,1
BRDA:1644,0,jump to line 1645,-
BRDA:1644,0,jump to line 1648,-
BRDA:1648,0,jump to line 1649,1
BRDA:1648,0,jump to line 1656,1
BRDA:1650,0,jump to line 1651,0
BRDA:1650,0,jump to line 1656,1
BRDA:1652,0,jump to line 1653,-
BRDA:1652,0,jump to line 1656,-
BRDA:1656,0,jump to line 1657,1
BRDA:1656,0,jump to line 1664,1
BRDA:1658,0,jump to line 1659,0
BRDA:1658,0,jump to line 1664,1
BRDA:1660,0,jump to line 1661,-
BRDA:1660,0,jump to line 1664,-
BRDA:1664,0,jump to line 1665,1
BRDA:1664,0,jump to line 1672,1
BRDA:1666,0,jump to line 1667,0
BRDA:1666,0,jump to line 1672,1
BRDA:1668,0,jump to line 1669,-
BRDA:1668,0,jump to line 1672,-
BRDA:1672,0,jump to line 1673,1
BRDA:1672,0,jump to line 1680,1
BRDA:1674,0,jump to line 1675,0
BRDA:1674,0,jump to line 1680,1
BRDA:1676,0,jump to line 1677,-
BRDA:1676,0,jump to line 1680,-
BRDA:1680,0,jump to line 1681,1
BRDA:1680,0,jump to line 1688,1
BRDA:1682,0,jump to line 1683,0
BRDA:1682,0,jump to line 1688,1
BRDA:1684,0,jump to line 1685,-
BRDA:1684,0,jump to line 1688,-
BRDA:1688,0,jump to line 1689,1
BRDA:1688,0,jump to line 1696,1
BRDA:1690,0,jump to line 1691,0
BRDA:1690,0,jump to line 1696,1
BRDA:1692,0,jump to line 1693,-
BRDA:1692,0,jump to line 1696,-
BRDA:1696,0,jump to line 1697,1
BRDA:1696,0,jump to line 1704,1
BRDA:1698,0,jump to line 1699,0
BRDA:1698,0,jump to line 1704,1
BRDA:1700,0,jump to line 1701,-
BRDA:1700,0,jump to line 1704,-
BRDA:1704,0,jump to line 1705,1
BRDA:1704,0,jump to line 1712,1
BRDA:1706,0,jump to line 1707,0
BRDA:1706,0,jump to line 1712,1
BRDA:1708,0,jump to line 1709,-
BRDA:1708,0,jump to line 1712,-
BRDA:1712,0,jump to line 1713,1
BRDA:1712,0,jump to line 1720,1
BRDA:1714,0,jump to line 1715,0
BRDA:1714,0,jump to line 1720,1
BRDA:1716,0,jump to line 1717,-
BRDA:1716,0,jump to line 1720,-
BRDA:1720,0,jump to line 1721,1
BRDA:1720,0,jump to line 1730,1
BRDA:1722,0,jump to line 1723,0
BRDA:1722,0,jump to line 1730,1
BRDA:1725,0,jump to line 1726,-
BRDA:1725,0,jump to line 1730,-
BRDA:1736,0,jump to line 1737,1
BRDA:1736,0,jump to line 1738,1
BRDA:1744,0,jump to line 1745,1
BRDA:1744,0,jump to line 1746,1
BRDA:1755,0,jump to line 1756,1
BRDA:1755,0,jump to line 1764,1
BRDA:1757,0,jump to line 1759,1
BRDA:1757,0,jump to line 1764,0
BRDA:1759,0,jump to line 1760,1
BRDA:1759,0,jump to line 1761,0
BRDA:1764,0,jump to line 1765,1
BRDA:1764,0,jump to line 1768,1
BRDA:1773,0,jump to line 1774,1
BRDA:1773,0,jump to line 1775,1
BRDA:1782,0,jump to line 1783,1
BRDA:1782,0,jump to line 1784,1
BRDA:1784,0,jump to line 1785,1
BRDA:1784,0,jump to line 1789,1
BRDA:1789,0,jump to line 1790,0
BRDA:1789,0,jump to line 1791,1
BRDA:1791,0,jump to line 1792,0
BRDA:1791,0,jump to line 1793,1
BRDA:1798,0,jump to line 1799,1
BRDA:1798,0,jump to line 1800,1
BRDA:1809,0,jump to line 1810,0
BRDA:1809,0,jump to line 1811,1
BRDA:1820,0,jump to line 1821,0
BRDA:1820,0,jump to line 1822,1
BRDA:1826,0,jump to line 1827,1
BRDA:1826,0,jump to line 1828,1
BRDA:1833,0,jump to line 1834,0
BRDA:1833,0,jump to line 1835,1
BRDA:1835,0,jump to line 1836,0
BRDA:1835,0,jump to line 1837,1
BRDA:1837,0,jump to line 1838,1
BRDA:1837,0,jump to line 1839,0
BRDA:1844,0,jump to line 1845,0
BRDA:1844,0,jump to line 1846,1
BRDA:1846,0,jump to line 1847,1
BRDA:1846,0,jump to line 1848,1
BRDA:1848,0,jump to line 1849,1
BRDA:1848,0,jump to line 1850,0
BRDA:1855,0,jump to line 1856,0
BRDA:1855,0,jump to line 1857,1
BRDA:1861,0,jump to line 1862,0
BRDA:1861,0,jump to line 1863,1
BRDA:1868,0,jump to line 1869,0
BRDA:1868,0,jump to line 1870,1
BRDA:1874,0,jump to line 1875,0
BRDA:1874,0,jump to line 1876,1
BRDA:1881,0,jump to line 1882,0
BRDA:1881,0,jump to line 1883,1
BRDA:1887,0,jump to line 1888,0
BRDA:1887,0,jump to line 1889,1
BRDA:1895,0,jump to line 1896,1
BRDA:1895,0,jump to line 1897,1
BRDA:1903,0,jump to line 1904,1
BRDA:1903,0,jump to line 1905,1
BRDA:1911,0,jump to line 1912,0
BRDA:1911,0,jump to line 1913,1
BRDA:1914,0,jump to line 1915,1
BRDA:1914,0,jump to line 1916,1
BRDA:1922,0,jump to line 1923,1
BRDA:1922,0,jump to line 1924,1
BRDA:1931,0,jump to line 1932,1
BRDA:1931,0,jump to line 1933,1
BRDA:1933,0,jump to line 1934,0
BRDA:1933,0,jump to line 1935,1
BRDA:1935,0,jump to line 1936,1
BRDA:1935,0,jump to line 1941,1
BRDA:1941,0,jump to line 1942,0
BRDA:1941,0,jump to line 1943,1
BRDA:1943,0,jump to line 1944,0
BRDA:1943,0,jump to line 1948,1
BRDA:1952,0,jump to line 1953,0
BRDA:1952,0,jump to line 1954,1
BRDA:1960,0,jump to line 1961,1
BRDA:1960,0,jump to line 1963,1
BRDA:1964,0,jump to line 1965,0
BRDA:1964,0,jump to line 1966,1
BRDA:1972,0,jump to line 1973,1
BRDA:1972,0,jump to line 1975,1
BRDA:1976,0,jump to line 1977,0
BRDA:1976,0,jump to line 1978,1
BRDA:1985,0,jump to line 1986,1
BRDA:1985,0,jump to line 1988,1
BRDA:1989,0,jump to line 1990,0
BRDA:1989,0,jump to line 1991,1
BRDA:1997,0,jump to line 1998,1
BRDA:1997,0,jump to line 2000,1
BRDA:2001,0,jump to line 2002,0
BRDA:2001,0,jump to line 2003,1
BRDA:2013,0,jump to line 2014,0
BRDA:2013,0,jump to line 2015,1
BRDA:2017,0,jump to line 2027,1
BRDA:2017,0,jump to line 2031,1
BRDA:2039,0,jump to line 2040,0
BRDA:2039,0,jump to line 2041,1
BRDA:2042,0,jump to line 2043,1
BRDA:2042,0,jump to line 2047,1
BRDA:2055,0,jump to line 2056,1
BRDA:2055,0,jump to line 2057,1
BRDA:2059,0,jump to line 2069,1
BRDA:2059,0,jump to line 2073,1
BRDA:2079,0,jump to line 2080,0
BRDA:2079,0,jump to line 2081,1
BRDA:2085,0,jump to line 2086,0
BRDA:2085,0,jump to line 2087,1
BRDA:2093,0,jump to line 2094,1
BRDA:2093,0,jump to line 2096,1
BRDA:2097,0,jump to line 2098,0
BRDA:2097,0,jump to line 2099,1
BRDA:2105,0,jump to line 2106,1
BRDA:2105,0,jump to line 2108,1
BRDA:2109,0,jump to line 2110,0
BRDA:2109,0,jump to line 2111,1
BRDA:2117,0,jump to line 2118,1
BRDA:2117,0,jump to line 2120,1
BRDA:2121,0,jump to line 2122,0
BRDA:2121,0,jump to line 2123,1
BRDA:2129,0,jump to line 2130,1
BRDA:2129,0,jump to line 2132,1
BRDA:2133,0,jump to line 2134,0
BRDA:2133,0,jump to line 2135,1
BRDA:2141,0,jump to line 2142,0
BRDA:2141,0,jump to line 2143,1
BRDA:2147,0,jump to line 2148,0
BRDA:2147,0,jump to line 2149,1
BRDA:2155,0,jump to line 2156,1
BRDA:2155,0,jump to line 2158,1
BRDA:2159,0,jump to line 2160,0
BRDA:2159,0,jump to line 2161,1
BRDA:2167,0,jump to line 2168,1
BRDA:2167,0,jump to line 2170,1
BRDA:2171,0,jump to line 2172,0
BRDA:2171,0,jump to line 2174,1
BRDA:2180,0,jump to line 2181,1
BRDA:2180,0,jump to line 2183,1
BRDA:2184,0,jump to line 2185,0
BRDA:2184,0,jump to line 2187,1
BRDA:2193,0,jump to line 2194,0
BRDA:2193,0,jump to line 2195,1
BRDA:2199,0,jump to line 2200,0
BRDA:2199,0,jump to line 2201,1
BRDA:2207,0,jump to line 2208,0
BRDA:2207,0,jump to line 2209,1
BRDA:2213,0,jump to line 2214,0
BRDA:2213,0,jump to line 2215,1
BRDA:2221,0,jump to line 2222,1
BRDA:2221,0,jump to line 2224,1
BRDA:2225,0,jump to line 2226,0
BRDA:2225,0,jump to line 2227,1
BRDA:2233,0,jump to line 2234,1
BRDA:2233,0,jump to line 2236,1
BRDA:2237,0,jump to line 2238,0
BRDA:2237,0,jump to line 2240,1
BRDA:2246,0,jump to line 2247,0
BRDA:2246,0,jump to line 2248,1
BRDA:2252,0,jump to line 2253,0
BRDA:2252,0,jump to line 2254,1
BRDA:2260,0,jump to line 2261,1
BRDA:2260,0,jump to line 2262,1
BRDA:2262,0,jump to line 2263,1
BRDA:2262,0,jump to line 2264,1
BRDA:2264,0,jump to line 2265,1
BRDA:2264,0,jump to line 2267,1
BRDA:2267,0,jump to line 2268,1
BRDA:2267,0,jump to line 2274,1
BRDA:2280,0,jump to line 2281,1
BRDA:2280,0,jump to line 2282,1
BRDA:2282,0,jump to line 2283,1
BRDA:2282,0,jump to line 2284,1
BRDA:2284,0,jump to line 2285,1
BRDA:2284,0,jump to line 2287,1
BRDA:2287,0,jump to line 2288,1
BRDA:2287,0,jump to line 2294,1
BRDA:2300,0,jump to line 2301,0
BRDA:2300,0,jump to line 2302,1
BRDA:2302,0,jump to line 2303,1
BRDA:2302,0,jump to line 2304,1
BRDA:2304,0,jump to line 2305,1
BRDA:2304,0,jump to line 2307,1
BRDA:2307,0,jump to line 2308,1
BRDA:2307,0,jump to line 2314,1
BRDA:2320,0,jump to line 2321,1
BRDA:2320,0,jump to line 2322,1
BRDA:2322,0,jump to line 2323,1
BRDA:2322,0,jump to line 2325,1
BRDA:2325,0,jump to line 2326,1
BRDA:2325,0,jump to line 2332,1
BRDA:2338,0,jump to line 2339,0
BRDA:2338,0,jump to line 2345,1
BRDA:2345,0,jump to line 2346,0
BRDA:2345,0,jump to line 2352,1
BRDA:2352,0,jump to line 2353,0
BRDA:2352,0,jump to line 2359,1
BRDA:2359,0,jump to line 2360,0
BRDA:2359,0,jump to line 2365,1
BRDA:2371,0,jump to line 2372,1
BRDA:2371,0,jump to line 2373,1
BRDA:2373,0,jump to line 2374,1
BRDA:2373,0,jump to line 2376,1
BRDA:2376,0,jump to line 2377,1
BRDA:2376,0,jump to line 2383,1
BRDA:2389,0,jump to line 2390,1
BRDA:2389,0,jump to line 2391,1
BRDA:2391,0,jump to line 2392,1
BRDA:2391,0,jump to line 2393,1
BRDA:2393,0,jump to line 2394,1
BRDA:2393,0,jump to line 2396,1
BRDA:2396,0,jump to line 2397,1
BRDA:2396,0,jump to line 2403,1
BRDA:2409,0,jump to line 2410,1
BRDA:2409,0,jump to line 2411,1
BRDA:2417,0,jump to line 2418,1
BRDA:2417,0,jump to line 2419,1
BRDA:2420,0,jump to line 2421,0
BRDA:2420,0,jump to line 2422,1
BRDA:2422,0,jump to line 2423,0
BRDA:2422,0,jump to line 2424,1
BRDA:2430,0,jump to line 2431,1
BRDA:2430,0,jump to line 2432,1
BRDA:2433,0,jump to line 2434,0
BRDA:2433,0,jump to line 2435,1
BRDA:2435,0,jump to line 2436,0
BRDA:2435,0,jump to line 2437,1
BRDA:2443,0,jump to line 2444,0
BRDA:2443,0,jump to line 2445,1
BRDA:2449,0,jump to line 2450,0
BRDA:2449,0,jump to line 2451,1
BRDA:2457,0,jump to line 2458,0
BRDA:2457,0,jump to line 2459,1
BRDA:2463,0,jump to line 2464,0
BRDA:2463,0,jump to line 2465,1
BRDA:2471,0,jump to line 2472,0
BRDA:2471,0,jump to line 2473,1
BRDA:2477,0,jump to line 2478,0
BRDA:2477,0,jump to line 2479,1
BRDA:2485,0,jump to line 2486,0
BRDA:2485,0,jump to line 2487,1
BRDA:2491,0,jump to line 2492,0
BRDA:2491,0,jump to line 2493,1
BRDA:2499,0,jump to line 2501,-
BRDA:2499,0,jump to line 2502,-
BRDA:2502,0,jump to line 2503,-
BRDA:2502,0,jump to line 2507,-
BRDA:2507,0,jump to line 2508,-
BRDA:2507,0,jump to line 2509,-
BRDA:2515,0,jump to line 2517,-
BRDA:2515,0,jump to line 2518,-
BRDA:2518,0,jump to line 2519,-
BRDA:2518,0,jump to line 2523,-
BRDA:2523,0,jump to line 2524,-
BRDA:2523,0,jump to line 2525,-
BRDA:2531,0,jump to line 2532,0
BRDA:2531,0,jump to line 2533,1
BRDA:2537,0,jump to line 2538,0
BRDA:2537,0,jump to line 2539,1
BRDA:2545,0,jump to line 2546,1
BRDA:2545,0,jump to line 2547,0
BRDA:2551,0,jump to line 2552,-
BRDA:2551,0,jump to line 2553,-
BRDA:2559,0,jump to line 2560,0
BRDA:2559,0,jump to line 2561,1
BRDA:2594,0,jump to line 2595,0
BRDA:2594,0,jump to line 2601,1
BRDA:2602,0,jump to line 2603,0
BRDA:2602,0,jump to line 2609,1
BRDA:2610,0,jump to line 2611,0
BRDA:2610,0,jump to line 2618,1
BRDA:2618,0,jump to line 2619,1
BRDA:2618,0,jump to line 2631,0
BRDA:2621,0,jump to line 2622,1
BRDA:2621,0,jump to line 2631,1
BRDA:2631,0,jump to line 2632,1
BRDA:2631,0,jump to line 2643,0
BRDA:2634,0,jump to line 2635,1
BRDA:2634,0,jump to line 2643,1
BRDA:2643,0,jump to line 2644,1
BRDA:2643,0,jump to line 2652,0
BRDA:2644,0,jump to line 2645,1
BRDA:2644,0,jump to line 2652,1
BRDA:2652,0,jump to line 2653,1
BRDA:2652,0,jump to line 2662,1
BRDA:2662,0,jump to line 2663,1
BRDA:2662,0,jump to line 2670,1
BRDA:2670,0,jump to line 2671,1
BRDA:2670,0,jump to line 2680,1
BRDA:2680,0,jump to line 2681,1
BRDA:2680,0,jump to line 2686,1
BRDA:2762,0,jump to line 2763,0
BRDA:2762,0,jump to line 2765,1
BRDA:2771,0,jump to line 2772,0
BRDA:2771,0,jump to line 2774,1
BRDA:2780,0,jump to line 2781,1
BRDA:2780,0,jump to line 2785,1
BRDA:2785,0,jump to line 2786,1
BRDA:2785,0,jump to line 2791,0
BRDA:2793,0,jump to line 2794,0
BRDA:2793,0,jump to line 2796,1
BRF:538
BRH:375
end_of_record
SF:src/podcast_scraper/config_constants.py
DA:9,1
DA:12,1
DA:13,1
DA:14,1
DA:15,1
DA:17,1
DA:18,1
DA:19,1
DA:24,1
DA:25,1
DA:28,1
DA:32,1
DA:33,1
DA:34,1
DA:35,1
DA:38,1
DA:39,1
DA:44,1
DA:45,1
DA:46,1
DA:50,1
DA:51,1
DA:52,1
DA:53,1
DA:54,1
DA:55,1
DA:56,1
DA:61,1
DA:63,1
DA:64,1
DA:68,1
DA:69,1
DA:74,1
DA:75,1
DA:78,1
DA:90,1
DA:100,1
DA:103,1
DA:110,1
DA:111,1
DA:112,1
DA:113,1
DA:114,1
DA:115,1
DA:122,1
DA:123,1
DA:124,1
DA:125,1
DA:126,1
DA:127,1
DA:136,1
DA:139,1
DA:140,1
DA:141,1
DA:144,1
DA:145,1
DA:152,1
DA:153,1
DA:154,1
DA:155,1
DA:156,1
DA:157,1
DA:167,1
DA:168,1
DA:169,1
DA:170,1
DA:179,1
DA:180,1
DA:181,1
DA:182,1
DA:192,1
DA:193,1
DA:194,1
DA:195,1
DA:198,1
DA:213,1
DA:214,1
DA:215,1
DA:220,1
DA:221,1
DA:224,1
DA:227,1
DA:232,1
DA:233,1
DA:236,1
DA:237,1
DA:238,1
DA:241,1
DA:244,1
DA:250,1
LF:90
LH:90
end_of_record
SF:src/podcast_scraper/evaluation/__init__.py
DA:12,1
DA:15,1
DA:28,1
DA:29,1
DA:30,1
DA:32,1
LF:6
LH:6
end_of_record
SF:src/podcast_scraper/evaluation/comparator.py
DA:7,1
DA:9,1
DA:10,1
DA:11,1
DA:12,1
DA:14,1
DA:17,1
DA:26,0
DA:29,1
DA:42,0
DA:43,0
DA:44,0
DA:47,1
DA:65,0
DA:66,0
DA:69,0
DA:70,0
DA:74,0
DA:75,0
DA:80,0
DA:83,0
DA:84,0
DA:87,0
DA:88,0
DA:89,0
DA:93,0
DA:98,0
DA:99,0
DA:100,0
DA:104,0
DA:109,0
DA:110,0
DA:111,0
DA:112,0
DA:117,0
DA:118,0
DA:119,0
DA:120,0
DA:121,0
DA:124,0
DA:125,0
DA:126,0
DA:127,0
DA:128,0
DA:129,0
DA:130,0
DA:131,0
DA:132,0
DA:134,0
LF:49
LH:9
FN:17,26,load_metrics
FNDA:0,load_metrics
FN:29,44,compute_delta
FNDA:0,compute_delta
FN:47,139,compare_vs_baseline
FNDA:0,compare_vs_baseline
FNF:3
FNH:0
BRDA:42,0,jump to line 43,-
BRDA:42,0,jump to line 44,-
BRDA:69,0,jump to line 70,-
BRDA:69,0,jump to line 74,-
BRDA:74,0,jump to line 75,-
BRDA:74,0,jump to line 80,-
BRDA:89,0,jump to line 93,-
BRDA:89,0,jump to line 98,-
BRDA:100,0,jump to line 104,-
BRDA:100,0,jump to line 109,-
BRDA:112,0,jump to line 117,-
BRDA:112,0,jump to line 121,-
BRDA:119,0,jump to line 112,-
BRDA:119,0,jump to line 120,-
BRDA:126,0,jump to line 127,-
BRDA:126,0,jump to line 134,-
BRDA:127,0,jump to line 128,-
BRDA:127,0,jump to line 134,-
BRDA:128,0,jump to line 127,-
BRDA:128,0,jump to line 129,-
BRDA:131,0,jump to line 127,-
BRDA:131,0,jump to line 132,-
BRF:22
BRH:0
end_of_record
SF:src/podcast_scraper/evaluation/experiment_config.py
DA:13,1
DA:15,1
DA:16,1
DA:17,1
DA:19,1
DA:20,1
DA:25,1
DA:37,1
DA:41,1
DA:44,1
DA:53,1
DA:56,1
DA:57,1
DA:61,1
DA:65,1
DA:71,1
DA:74,1
DA:75,1
DA:80,1
DA:83,1
DA:84,1
DA:89,1
DA:95,1
DA:112,1
DA:120,1
DA:124,1
DA:133,1
DA:134,1
DA:136,1
DA:137,1
DA:140,1
DA:141,0
DA:145,1
DA:151,1
DA:166,1
DA:170,1
DA:174,1
DA:179,1
DA:184,1
DA:189,1
DA:193,1
DA:202,1
DA:212,1
DA:224,1
DA:228,1
DA:232,1
DA:238,1
DA:250,1
DA:255,1
DA:260,1
DA:272,1
DA:316,1
DA:317,1
DA:320,1
DA:321,1
DA:325,1
DA:327,1
DA:331,1
DA:335,1
DA:339,1
DA:346,1
DA:353,1
DA:360,1
DA:361,1
DA:362,1
DA:364,1
DA:365,1
DA:366,1
DA:368,1
DA:369,1
DA:371,1
DA:372,0
DA:376,1
DA:378,1
DA:379,1
DA:381,1
DA:382,1
DA:383,0
DA:387,1
DA:388,0
DA:392,1
DA:393,0
DA:397,1
DA:403,1
DA:420,0
DA:421,0
DA:423,0
DA:424,0
DA:425,0
DA:430,0
DA:433,1
DA:447,1
DA:448,1
DA:449,1
DA:451,1
DA:452,1
DA:453,1
DA:455,1
DA:458,1
DA:476,1
DA:478,0
DA:481,0
DA:482,0
DA:483,0
DA:489,0
DA:490,0
DA:491,0
DA:497,0
DA:498,0
DA:499,0
DA:500,0
DA:502,0
DA:503,0
DA:510,0
DA:512,0
DA:513,1
DA:515,1
DA:516,0
DA:517,1
DA:518,1
DA:520,0
DA:523,1
DA:541,1
DA:544,0
DA:545,0
DA:547,0
DA:548,0
DA:549,0
DA:551,0
DA:553,0
DA:554,0
DA:555,0
DA:556,0
DA:557,0
DA:559,0
DA:562,0
DA:563,0
DA:564,0
DA:565,0
DA:566,0
DA:567,0
DA:570,1
DA:571,1
DA:573,1
LF:144
LH:98
FN:134,145,DataConfig.validate_data_source
FNDA:1,DataConfig.validate_data_source
FN:362,366,ExperimentConfig.ensure_non_empty_id
FNDA:1,ExperimentConfig.ensure_non_empty_id
FN:369,376,ExperimentConfig.validate_prompts_for_backend
FNDA:1,ExperimentConfig.validate_prompts_for_backend
FN:379,397,ExperimentConfig.validate_ml_params_for_hf_local
FNDA:1,ExperimentConfig.validate_ml_params_for_hf_local
FN:403,430,load_dataset_json
FNDA:0,load_dataset_json
FN:433,455,load_experiment_config
FNDA:1,load_experiment_config
FN:458,520,discover_input_files
FNDA:1,discover_input_files
FN:523,573,episode_id_from_path
FNDA:1,episode_id_from_path
FNF:8
FNH:7
BRDA:136,0,jump to line 137,1
BRDA:136,0,jump to line 140,1
BRDA:140,0,jump to line 141,0
BRDA:140,0,jump to line 145,1
BRDA:364,0,jump to line 365,1
BRDA:364,0,jump to line 366,1
BRDA:371,0,jump to line 372,0
BRDA:371,0,jump to line 376,1
BRDA:381,0,jump to line 382,1
BRDA:381,0,jump to line 397,1
BRDA:382,0,jump to line 383,0
BRDA:382,0,jump to line 387,1
BRDA:387,0,jump to line 388,0
BRDA:387,0,jump to line 392,1
BRDA:392,0,jump to line 393,0
BRDA:392,0,jump to line 397,1
BRDA:421,0,jump to line 423,-
BRDA:421,0,jump to line 430,-
BRDA:424,0,jump to line 425,-
BRDA:424,0,jump to line 430,-
BRDA:448,0,jump to line 449,1
BRDA:448,0,jump to line 451,1
BRDA:452,0,jump to line 453,1
BRDA:452,0,jump to line 455,1
BRDA:476,0,jump to line 478,0
BRDA:476,0,jump to line 513,1
BRDA:482,0,jump to line 483,-
BRDA:482,0,jump to line 489,-
BRDA:490,0,jump to line 491,-
BRDA:490,0,jump to line 497,-
BRDA:498,0,jump to line 499,-
BRDA:498,0,jump to line 512,-
BRDA:502,0,jump to line 503,-
BRDA:502,0,jump to line 510,-
BRDA:513,0,jump to line 515,1
BRDA:513,0,jump to line 520,0
BRDA:515,0,jump to line 516,0
BRDA:515,0,jump to line 517,1
BRDA:541,0,jump to line 544,0
BRDA:541,0,jump to line 570,1
BRDA:549,0,jump to line 551,-
BRDA:549,0,jump to line 562,-
BRDA:555,0,jump to line 556,-
BRDA:555,0,jump to line 562,-
BRDA:563,0,jump to line 564,-
BRDA:563,0,jump to line 567,-
BRDA:565,0,jump to line 563,-
BRDA:565,0,jump to line 566,-
BRDA:570,0,jump to line 571,1
BRDA:570,0,jump to line 573,1
BRF:50
BRH:21
end_of_record
SF:src/podcast_scraper/evaluation/fingerprint.py
DA:14,1
DA:16,1
DA:17,1
DA:18,1
DA:19,1
DA:20,1
DA:21,1
DA:23,1
DA:26,1
DA:27,1
DA:59,1
DA:60,1
DA:61,1
DA:62,1
DA:63,1
DA:64,1
DA:65,1
DA:66,1
DA:67,1
DA:68,1
DA:69,1
DA:70,1
DA:72,1
DA:74,1
DA:89,1
DA:92,1
DA:105,1
DA:106,1
DA:108,1
DA:109,1
DA:112,1
DA:119,0
DA:121,0
DA:128,0
DA:129,0
DA:130,0
DA:133,0
DA:139,0
DA:141,0
DA:142,0
DA:144,0
DA:147,1
DA:149,1
DA:150,1
DA:152,1
DA:153,0
DA:154,0
DA:157,1
DA:163,1
DA:166,1
DA:175,1
DA:176,1
DA:177,1
DA:178,1
DA:179,1
DA:180,0
DA:182,0
DA:184,1
DA:187,1
DA:196,1
DA:197,0
DA:199,1
DA:200,1
DA:201,0
DA:202,0
DA:203,0
DA:205,0
DA:206,0
DA:207,0
DA:208,0
DA:209,0
DA:210,0
DA:212,0
DA:214,0
DA:217,1
DA:228,1
DA:230,0
DA:231,1
DA:233,0
DA:234,1
DA:235,1
DA:237,0
DA:240,1
DA:267,1
DA:268,1
DA:269,1
DA:270,1
DA:271,1
DA:273,1
DA:288,1
DA:290,1
LF:91
LH:62
FN:72,87,ProviderFingerprint.to_dict
FNDA:1,ProviderFingerprint.to_dict
FN:89,109,ProviderFingerprint.compute_hash
FNDA:1,ProviderFingerprint.compute_hash
FN:112,144,_get_git_commit
FNDA:0,_get_git_commit
FN:147,154,_get_package_version
FNDA:1,_get_package_version
FN:157,184,_get_library_versions
FNDA:1,_get_library_versions
FN:187,214,_get_device_name
FNDA:1,_get_device_name
FN:217,237,_get_precision
FNDA:1,_get_precision
FN:240,290,generate_provider_fingerprint
FNDA:1,generate_provider_fingerprint
FNF:8
FNH:7
BRDA:128,0,jump to line 129,-
BRDA:128,0,jump to line 130,-
BRDA:175,0,jump to line 176,1
BRDA:175,0,jump to line 184,1
BRDA:178,0,jump to line 175,0
BRDA:178,0,jump to line 179,1
BRDA:196,0,jump to line 197,0
BRDA:196,0,jump to line 199,1
BRDA:199,0,jump to line 200,1
BRDA:199,0,jump to line 201,0
BRDA:201,0,jump to line 202,-
BRDA:201,0,jump to line 210,-
BRDA:205,0,jump to line 206,-
BRDA:205,0,jump to line 209,-
BRDA:210,0,jump to line 212,-
BRDA:210,0,jump to line 214,-
BRDA:228,0,jump to line 230,0
BRDA:228,0,jump to line 231,1
BRDA:231,0,jump to line 233,0
BRDA:231,0,jump to line 234,1
BRDA:234,0,jump to line 235,1
BRDA:234,0,jump to line 237,0
BRF:22
BRH:8
end_of_record
SF:src/podcast_scraper/evaluation/history.py
DA:11,0
DA:13,0
DA:14,0
DA:15,0
DA:16,0
DA:18,0
DA:21,0
DA:30,0
DA:32,0
DA:33,0
DA:35,0
DA:36,0
DA:37,0
DA:39,0
DA:40,0
DA:41,0
DA:44,0
DA:45,0
DA:46,0
DA:47,0
DA:48,0
DA:49,0
DA:52,0
DA:53,0
DA:54,0
DA:55,0
DA:56,0
DA:57,0
DA:60,0
DA:61,0
DA:62,0
DA:64,0
DA:76,0
DA:78,0
DA:81,0
DA:90,0
DA:92,0
DA:93,0
DA:95,0
DA:96,0
DA:97,0
DA:99,0
DA:100,0
DA:101,0
DA:104,0
DA:105,0
DA:106,0
DA:107,0
DA:108,0
DA:109,0
DA:112,0
DA:113,0
DA:114,0
DA:115,0
DA:116,0
DA:117,0
DA:119,0
DA:131,0
DA:133,0
DA:136,0
DA:155,0
DA:157,0
DA:158,0
DA:160,0
DA:161,0
DA:162,0
DA:163,0
DA:165,0
DA:166,0
DA:169,0
DA:170,0
DA:171,0
DA:172,0
DA:173,0
DA:174,0
DA:175,0
DA:177,0
DA:180,0
DA:181,0
DA:184,0
DA:185,0
DA:186,0
DA:187,0
DA:192,0
DA:193,0
DA:194,0
DA:195,0
DA:200,0
DA:201,0
DA:202,0
DA:203,0
DA:208,0
DA:209,0
DA:210,0
DA:211,0
DA:212,0
DA:215,0
DA:216,0
DA:217,0
DA:218,0
DA:219,0
DA:220,0
DA:221,0
DA:222,0
DA:223,0
DA:225,0
DA:233,0
DA:248,0
DA:249,0
DA:250,0
DA:251,0
DA:252,0
DA:253,0
DA:254,0
DA:257,0
DA:258,0
DA:260,0
DA:261,0
DA:262,0
DA:264,0
DA:265,0
DA:266,0
DA:267,0
DA:269,0
DA:270,0
DA:271,0
DA:272,0
DA:275,0
DA:276,0
DA:277,0
DA:278,0
DA:279,0
DA:280,0
DA:282,0
DA:283,0
DA:284,0
DA:285,0
DA:287,0
DA:288,0
DA:289,0
DA:292,0
DA:294,0
DA:296,0
DA:298,0
DA:301,0
DA:303,0
DA:304,0
DA:306,0
DA:307,0
DA:308,0
DA:310,0
DA:312,0
DA:313,0
DA:315,0
DA:316,0
DA:318,0
LF:156
LH:0
FN:21,78,find_all_runs
FNDA:0,find_all_runs
FN:81,133,find_all_baselines
FNDA:0,find_all_baselines
FN:136,230,compare_experiments
FNDA:0,compare_experiments
FN:233,298,generate_history_report
FNDA:0,generate_history_report
FN:301,318,_extract_metric_from_dict
FNDA:0,_extract_metric_from_dict
FNF:5
FNH:0
BRDA:32,0,jump to line 33,-
BRDA:32,0,jump to line 35,-
BRDA:35,0,jump to line 36,-
BRDA:35,0,jump to line 76,-
BRDA:36,0,jump to line 37,-
BRDA:36,0,jump to line 39,-
BRDA:45,0,jump to line 46,-
BRDA:45,0,jump to line 52,-
BRDA:53,0,jump to line 54,-
BRDA:53,0,jump to line 60,-
BRDA:61,0,jump to line 62,-
BRDA:61,0,jump to line 64,-
BRDA:92,0,jump to line 93,-
BRDA:92,0,jump to line 95,-
BRDA:95,0,jump to line 96,-
BRDA:95,0,jump to line 131,-
BRDA:96,0,jump to line 97,-
BRDA:96,0,jump to line 99,-
BRDA:105,0,jump to line 106,-
BRDA:105,0,jump to line 112,-
BRDA:113,0,jump to line 114,-
BRDA:113,0,jump to line 119,-
BRDA:160,0,jump to line 161,-
BRDA:160,0,jump to line 162,-
BRDA:162,0,jump to line 163,-
BRDA:162,0,jump to line 165,-
BRDA:169,0,jump to line 170,-
BRDA:169,0,jump to line 177,-
BRDA:170,0,jump to line 171,-
BRDA:170,0,jump to line 173,-
BRDA:173,0,jump to line 174,-
BRDA:173,0,jump to line 177,-
BRDA:186,0,jump to line 187,-
BRDA:186,0,jump to line 192,-
BRDA:194,0,jump to line 195,-
BRDA:194,0,jump to line 200,-
BRDA:203,0,jump to line 208,-
BRDA:203,0,jump to line 212,-
BRDA:210,0,jump to line 203,-
BRDA:210,0,jump to line 211,-
BRDA:217,0,jump to line 218,-
BRDA:217,0,jump to line 225,-
BRDA:218,0,jump to line 219,-
BRDA:218,0,jump to line 225,-
BRDA:219,0,jump to line 218,-
BRDA:219,0,jump to line 220,-
BRDA:222,0,jump to line 218,-
BRDA:222,0,jump to line 223,-
BRDA:251,0,jump to line 252,-
BRDA:251,0,jump to line 253,-
BRDA:257,0,jump to line 258,-
BRDA:257,0,jump to line 260,-
BRDA:260,0,jump to line 261,-
BRDA:260,0,jump to line 264,-
BRDA:269,0,jump to line 270,-
BRDA:269,0,jump to line 296,-
BRDA:276,0,jump to line 277,-
BRDA:276,0,jump to line 292,-
BRDA:278,0,jump to line 279,-
BRDA:278,0,jump to line 292,-
BRDA:283,0,jump to line 284,-
BRDA:283,0,jump to line 292,-
BRDA:284,0,jump to line 285,-
BRDA:284,0,jump to line 287,-
BRDA:306,0,jump to line 307,-
BRDA:306,0,jump to line 315,-
BRDA:307,0,jump to line 308,-
BRDA:307,0,jump to line 310,-
BRDA:312,0,jump to line 306,-
BRDA:312,0,jump to line 313,-
BRDA:315,0,jump to line 316,-
BRDA:315,0,jump to line 318,-
BRF:72
BRH:0
end_of_record
SF:src/podcast_scraper/evaluation/metadata_validator.py
DA:7,0
DA:9,0
DA:10,0
DA:12,0
DA:15,0
DA:28,0
DA:29,0
DA:34,0
DA:39,0
DA:40,0
DA:41,0
DA:45,0
DA:48,0
DA:61,0
DA:62,0
DA:64,0
DA:65,0
DA:66,0
DA:68,0
DA:69,0
DA:70,0
DA:71,0
DA:72,0
DA:73,0
DA:74,0
DA:75,0
DA:77,0
DA:78,0
DA:79,0
DA:80,0
LF:30
LH:0
FN:15,45,validate_episode_metadata
FNDA:0,validate_episode_metadata
FN:48,80,validate_and_load_metadata
FNDA:0,validate_and_load_metadata
FNF:2
FNH:0
BRDA:39,0,jump to line 40,-
BRDA:39,0,jump to line 45,-
BRDA:65,0,jump to line 66,-
BRDA:65,0,jump to line 68,-
BRF:4
BRH:0
end_of_record
SF:src/podcast_scraper/evaluation/ner_scorer.py
DA:7,1
DA:9,1
DA:10,1
DA:11,1
DA:12,1
DA:13,1
DA:15,1
DA:18,1
DA:27,0
DA:30,1
DA:44,0
DA:46,0
DA:47,0
DA:48,0
DA:51,1
DA:62,0
DA:63,0
DA:64,0
DA:65,0
DA:67,0
DA:68,0
DA:73,0
DA:74,0
DA:77,1
DA:88,0
DA:89,0
DA:90,0
DA:91,0
DA:93,0
DA:94,0
DA:99,0
DA:100,0
DA:103,0
DA:104,0
DA:105,0
DA:108,1
DA:133,0
DA:135,0
DA:137,0
DA:138,0
DA:141,0
DA:142,0
DA:143,0
DA:145,0
DA:146,0
DA:147,0
DA:148,0
DA:149,0
DA:150,0
DA:153,0
DA:154,0
DA:155,0
DA:156,0
DA:158,0
DA:160,0
DA:161,0
DA:162,0
DA:163,0
DA:169,0
DA:172,0
DA:176,0
DA:177,0
DA:182,0
DA:183,0
DA:184,0
DA:189,0
DA:190,0
DA:195,0
DA:198,0
DA:199,0
DA:200,0
DA:201,0
DA:206,0
DA:207,0
DA:209,0
DA:210,0
DA:220,0
DA:221,0
DA:223,0
DA:224,0
DA:227,1
DA:242,0
DA:249,1
DA:263,0
DA:264,0
DA:266,0
DA:267,0
DA:268,0
DA:269,0
DA:272,0
DA:275,1
DA:293,0
DA:294,0
DA:295,0
DA:298,0
DA:299,0
DA:300,0
DA:301,0
DA:305,0
DA:306,0
DA:307,0
DA:309,0
DA:310,0
DA:311,0
DA:312,0
DA:314,0
DA:315,0
DA:316,0
DA:318,0
DA:319,0
DA:321,0
DA:322,0
DA:325,0
DA:327,0
DA:330,0
DA:331,0
DA:332,0
DA:333,0
DA:335,0
DA:336,0
DA:337,0
DA:339,0
DA:342,1
DA:357,0
DA:358,0
DA:360,0
DA:361,0
DA:362,0
DA:363,0
DA:364,0
DA:366,0
DA:367,0
DA:368,0
DA:369,0
DA:371,0
DA:377,1
DA:390,0
DA:391,0
DA:393,0
DA:394,0
DA:395,0
DA:397,0
DA:398,0
DA:399,0
DA:402,0
DA:405,1
DA:422,0
DA:424,0
DA:425,0
DA:426,0
DA:429,0
DA:431,0
DA:432,0
DA:434,0
DA:435,0
DA:436,0
DA:437,0
DA:440,0
DA:441,0
DA:442,0
DA:443,0
DA:445,0
DA:448,0
DA:449,0
DA:452,0
DA:455,0
DA:458,0
DA:459,0
DA:460,0
DA:462,0
DA:463,0
DA:464,0
DA:465,0
DA:468,0
DA:469,0
DA:472,0
DA:473,0
DA:482,0
DA:488,0
DA:490,0
DA:492,0
DA:494,0
DA:495,0
DA:496,0
DA:499,0
DA:500,0
DA:501,0
DA:502,0
DA:503,0
DA:505,0
DA:506,0
DA:507,0
DA:508,0
DA:509,0
DA:511,0
DA:512,0
DA:513,0
DA:514,0
DA:515,0
DA:516,0
DA:519,0
DA:520,0
DA:521,0
DA:524,0
DA:525,0
DA:526,0
DA:527,0
DA:528,0
DA:529,0
DA:530,0
DA:531,0
DA:536,0
DA:538,0
DA:551,1
DA:572,0
DA:573,0
DA:574,0
DA:577,0
DA:579,0
DA:580,0
DA:582,0
DA:583,0
DA:584,0
DA:585,0
DA:588,0
DA:589,0
DA:590,0
DA:591,0
DA:593,0
DA:596,0
DA:597,0
DA:600,0
DA:603,0
DA:606,0
DA:607,0
DA:608,0
DA:609,0
DA:613,0
DA:614,0
DA:615,0
DA:616,0
DA:617,0
DA:618,0
DA:619,0
DA:620,0
DA:621,0
DA:624,0
DA:625,0
DA:626,0
DA:627,0
DA:628,0
DA:629,0
DA:630,0
DA:631,0
DA:632,0
DA:635,0
DA:636,0
DA:637,0
DA:638,0
DA:641,0
DA:643,0
DA:645,0
DA:647,0
DA:648,0
DA:649,0
DA:652,0
DA:653,0
DA:654,0
DA:655,0
DA:656,0
DA:659,0
DA:660,0
DA:661,0
DA:664,0
DA:665,0
DA:666,0
DA:667,0
DA:668,0
DA:669,0
DA:670,0
DA:671,0
DA:676,0
DA:678,0
DA:691,1
DA:713,0
DA:715,0
DA:716,0
DA:717,0
DA:721,0
DA:722,0
DA:723,0
DA:724,0
DA:725,0
DA:726,0
DA:729,0
DA:731,0
DA:732,0
DA:734,0
DA:737,0
DA:740,0
DA:741,0
DA:745,0
DA:746,0
DA:749,0
DA:750,0
DA:751,0
DA:752,0
DA:757,0
DA:758,0
DA:759,0
DA:760,0
DA:761,0
DA:762,0
DA:763,0
DA:764,0
DA:765,0
DA:767,0
DA:768,0
DA:769,0
DA:771,0
DA:772,0
DA:773,0
DA:775,0
DA:776,0
DA:778,0
DA:779,0
DA:781,0
LF:327
LH:20
FN:18,27,hash_text
FNDA:0,hash_text
FN:30,48,normalize_entity_text
FNDA:0,normalize_entity_text
FN:51,74,validate_gold_index
FNDA:0,validate_gold_index
FN:77,105,validate_gold_episode
FNDA:0,validate_gold_episode
FN:108,224,load_gold_reference
FNDA:0,load_gold_reference
FN:227,246,match_exact
FNDA:0,match_exact
FN:249,272,match_overlap
FNDA:0,match_overlap
FN:275,339,match_entities_one_to_one
FNDA:0,match_entities_one_to_one
FN:305,325,match_entities_one_to_one.match_quality
FNDA:0,match_entities_one_to_one.match_quality
FN:342,374,derive_gold_scope
FNDA:0,derive_gold_scope
FN:377,402,is_in_gold_scope
FNDA:0,is_in_gold_scope
FN:405,548,compute_ner_metrics_for_match_type
FNDA:0,compute_ner_metrics_for_match_type
FN:551,688,compute_entity_set_metrics
FNDA:0,compute_entity_set_metrics
FN:691,781,compute_ner_vs_reference_metrics
FNDA:0,compute_ner_vs_reference_metrics
FNF:14
FNH:0
BRDA:46,0,jump to line 47,-
BRDA:46,0,jump to line 48,-
BRDA:63,0,jump to line 64,-
BRDA:63,0,jump to line 67,-
BRDA:64,0,jump to line 63,-
BRDA:64,0,jump to line 65,-
BRDA:67,0,jump to line 68,-
BRDA:67,0,jump to line 73,-
BRDA:73,0,jump to line 74,-
BRDA:73,0,return from function 'validate_gold_index',-
BRDA:89,0,jump to line 90,-
BRDA:89,0,jump to line 93,-
BRDA:90,0,jump to line 89,-
BRDA:90,0,jump to line 91,-
BRDA:93,0,jump to line 94,-
BRDA:93,0,jump to line 99,-
BRDA:99,0,jump to line 100,-
BRDA:99,0,jump to line 103,-
BRDA:103,0,jump to line 104,-
BRDA:103,0,return from function 'validate_gold_episode',-
BRDA:104,0,jump to line 103,-
BRDA:104,0,jump to line 105,-
BRDA:137,0,jump to line 138,-
BRDA:137,0,jump to line 141,-
BRDA:142,0,jump to line 143,-
BRDA:142,0,jump to line 145,-
BRDA:154,0,jump to line 155,-
BRDA:154,0,jump to line 158,-
BRDA:160,0,jump to line 161,-
BRDA:160,0,jump to line 223,-
BRDA:162,0,jump to line 163,-
BRDA:162,0,jump to line 169,-
BRDA:176,0,jump to line 177,-
BRDA:176,0,jump to line 182,-
BRDA:183,0,jump to line 184,-
BRDA:183,0,jump to line 189,-
BRDA:189,0,jump to line 190,-
BRDA:189,0,jump to line 195,-
BRDA:200,0,jump to line 201,-
BRDA:200,0,jump to line 206,-
BRDA:209,0,jump to line 210,-
BRDA:209,0,jump to line 220,-
BRDA:263,0,jump to line 264,-
BRDA:263,0,jump to line 266,-
BRDA:298,0,jump to line 299,-
BRDA:298,0,jump to line 305,-
BRDA:299,0,jump to line 298,-
BRDA:299,0,jump to line 300,-
BRDA:300,0,jump to line 299,-
BRDA:300,0,jump to line 301,-
BRDA:321,0,jump to line 322,-
BRDA:321,0,jump to line 325,-
BRDA:330,0,jump to line 331,-
BRDA:330,0,jump to line 335,-
BRDA:331,0,jump to line 330,-
BRDA:331,0,jump to line 332,-
BRDA:360,0,jump to line 361,-
BRDA:360,0,jump to line 371,-
BRDA:363,0,jump to line 364,-
BRDA:363,0,jump to line 366,-
BRDA:366,0,jump to line 367,-
BRDA:366,0,jump to line 368,-
BRDA:368,0,jump to line 360,-
BRDA:368,0,jump to line 369,-
BRDA:393,0,jump to line 394,-
BRDA:393,0,jump to line 397,-
[...]
BRDA:165,0,jump to line 185,1
BRDA:173,0,jump to line 174,-
BRDA:173,0,jump to line 185,-
BRDA:185,0,jump to line 187,1
BRDA:185,0,jump to line 232,1
BRDA:195,0,jump to line 196,0
BRDA:195,0,jump to line 205,1
BRDA:213,0,jump to line 214,0
BRDA:213,0,jump to line 229,1
BRDA:219,0,jump to line 220,-
BRDA:219,0,jump to line 224,-
BRDA:224,0,jump to line 225,-
BRDA:224,0,jump to line 229,-
BRDA:237,0,jump to line 238,1
BRDA:237,0,jump to line 255,1
BRDA:241,0,jump to line 242,1
BRDA:241,0,jump to line 255,1
BRDA:243,0,jump to line 241,1
BRDA:243,0,jump to line 246,0
BRDA:252,0,jump to line 243,-
BRDA:252,0,jump to line 253,-
BRDA:255,0,jump to line 256,0
BRDA:255,0,jump to line 267,1
BRDA:267,0,jump to line 268,0
BRDA:267,0,jump to line 276,1
BRDA:276,0,jump to line 278,1
BRDA:276,0,jump to line 289,1
BRDA:278,0,jump to line 279,1
BRDA:278,0,jump to line 280,1
BRDA:280,0,jump to line 281,0
BRDA:280,0,jump to line 282,1
BRDA:282,0,jump to line 283,0
BRDA:282,0,jump to line 285,1
BRDA:289,0,jump to line 290,1
BRDA:289,0,jump to line 295,0
BRDA:295,0,jump to line 296,1
BRDA:295,0,jump to line 308,1
BRDA:299,0,jump to line 300,1
BRDA:299,0,jump to line 308,0
BRDA:301,0,jump to line 302,1
BRDA:301,0,jump to line 308,1
BRDA:366,0,jump to line 367,1
BRDA:366,0,jump to line 617,1
BRDA:375,0,jump to line 377,1
BRDA:375,0,jump to line 589,1
BRDA:381,0,jump to line 388,1
BRDA:381,0,jump to line 453,1
BRDA:389,0,jump to line 390,1
BRDA:389,0,jump to line 447,1
BRDA:391,0,jump to line 392,1
BRDA:391,0,jump to line 440,1
BRDA:395,0,jump to line 396,1
BRDA:395,0,jump to line 422,0
BRDA:401,0,jump to line 402,0
BRDA:401,0,jump to line 412,1
BRDA:453,0,jump to line 454,1
BRDA:453,0,jump to line 467,1
BRDA:455,0,jump to line 456,1
BRDA:455,0,jump to line 458,1
BRDA:467,0,jump to line 469,1
BRDA:467,0,jump to line 472,1
BRDA:480,0,jump to line 485,0
BRDA:480,0,jump to line 510,1
BRDA:493,0,jump to line 494,-
BRDA:493,0,jump to line 502,-
BRDA:497,0,jump to line 498,-
BRDA:497,0,jump to line 500,-
BRDA:508,0,jump to line 509,-
BRDA:508,0,jump to line 510,-
BRDA:510,0,jump to line 513,1
BRDA:510,0,jump to line 548,0
BRDA:517,0,jump to line 518,0
BRDA:517,0,jump to line 522,1
BRDA:529,0,jump to line 530,0
BRDA:529,0,jump to line 539,1
BRDA:552,0,jump to line 553,1
BRDA:552,0,jump to line 557,0
BRDA:557,0,jump to line 563,0
BRDA:557,0,jump to line 579,1
BRDA:566,0,jump to line 567,-
BRDA:566,0,jump to line 573,-
BRDA:579,0,jump to line 583,1
BRDA:579,0,jump to line 597,1
BRDA:589,0,jump to line 592,0
BRDA:589,0,jump to line 597,1
BRDA:597,0,jump to line 598,0
BRDA:597,0,jump to line 604,1
BRDA:598,0,jump to line 599,-
BRDA:598,0,jump to line 602,-
BRDA:655,0,jump to line 656,1
BRDA:655,0,jump to line 658,1
BRDA:659,0,jump to line 661,1
BRDA:659,0,jump to line 756,1
BRDA:661,0,jump to line 662,1
BRDA:661,0,jump to line 851,1
BRDA:686,0,jump to line 687,1
BRDA:686,0,jump to line 690,1
BRDA:690,0,jump to line 691,1
BRDA:690,0,jump to line 733,1
BRDA:693,0,jump to line 694,1
BRDA:693,0,jump to line 695,0
BRDA:698,0,jump to line 699,1
BRDA:698,0,jump to line 710,0
BRDA:710,0,jump to line 661,1
BRDA:710,0,jump to line 711,1
BRDA:723,0,jump to line 724,1
BRDA:723,0,jump to line 727,0
BRDA:733,0,jump to line 661,0
BRDA:733,0,jump to line 736,1
BRDA:736,0,jump to line 737,0
BRDA:736,0,jump to line 743,1
BRDA:774,0,jump to line 775,1
BRDA:774,0,jump to line 851,1
BRDA:778,0,jump to line 779,1
BRDA:778,0,jump to line 785,1
BRDA:785,0,jump to line 786,1
BRDA:785,0,jump to line 796,1
BRDA:786,0,jump to line 787,1
BRDA:786,0,jump to line 790,0
BRDA:791,0,jump to line 792,1
BRDA:791,0,jump to line 795,0
BRDA:796,0,jump to line 799,1
BRDA:796,0,jump to line 816,0
BRDA:799,0,jump to line 800,1
BRDA:799,0,jump to line 808,1
BRDA:816,0,jump to line 774,1
BRDA:816,0,jump to line 817,1
BRDA:818,0,jump to line 774,0
BRDA:818,0,jump to line 820,1
BRDA:821,0,jump to line 822,1
BRDA:821,0,jump to line 825,0
BRDA:822,0,jump to line 821,1
BRDA:822,0,jump to line 823,1
BRDA:837,0,jump to line 838,1
BRDA:837,0,jump to line 841,0
BRDA:896,0,jump to line 897,0
BRDA:896,0,jump to line 906,1
BRDA:897,0,jump to line 898,-
BRDA:897,0,jump to line 906,-
BRDA:917,0,jump to line 918,-
BRDA:917,0,jump to line 925,-
BRDA:920,0,jump to line 921,-
BRDA:920,0,jump to line 930,-
BRDA:921,0,jump to line 920,-
BRDA:921,0,jump to line 922,-
BRDA:926,0,jump to line 927,-
BRDA:926,0,jump to line 930,-
BRDA:927,0,jump to line 926,-
BRDA:927,0,jump to line 928,-
BRDA:939,0,jump to line 940,1
BRDA:939,0,jump to line 943,0
BRDA:967,0,jump to line 968,1
BRDA:967,0,jump to line 979,0
BRDA:970,0,jump to line 971,1
BRDA:970,0,jump to the function exit,1
BRDA:971,0,jump to line 970,1
BRDA:971,0,jump to line 975,1
BRDA:980,0,jump to line 981,-
BRDA:980,0,jump to the function exit,-
BRDA:981,0,jump to line 980,-
BRDA:981,0,jump to line 985,-
BRDA:992,0,jump to line 993,1
BRDA:992,0,return from function '_process_completed_futures',1
BRDA:996,0,jump to line 997,1
BRDA:996,0,jump to line 999,0
BRDA:1016,0,jump to line 1017,1
BRDA:1016,0,jump to line 1019,1
BRDA:1025,0,jump to line 1026,1
BRDA:1025,0,jump to line 1030,1
BRDA:1031,0,jump to line 1032,1
BRDA:1031,0,jump to line 1035,0
BRDA:1037,0,jump to line 1021,0
BRDA:1037,0,jump to line 1038,1
BRDA:1058,0,jump to line 1059,0
BRDA:1058,0,jump to line 1062,1
BRDA:1062,0,jump to line 1063,1
BRDA:1062,0,jump to line 1065,0
BRDA:1068,0,jump to line 1069,1
BRDA:1068,0,jump to line 1072,0
BRDA:1074,0,jump to line 1075,-
BRDA:1074,0,jump to line 1087,-
BRDA:1075,0,jump to line 1076,-
BRDA:1075,0,jump to line 1083,-
BRDA:1109,0,jump to line 1110,1
BRDA:1109,0,jump to line 1119,1
BRDA:1110,0,jump to line 1111,0
BRDA:1110,0,jump to line 1119,1
BRDA:1120,0,jump to line 1121,0
BRDA:1120,0,jump to line 1131,1
BRDA:1123,0,jump to line 1127,-
BRDA:1123,0,jump to line 1131,-
BRDA:1154,0,jump to line 1156,0
BRDA:1154,0,jump to line 1187,1
BRDA:1158,0,jump to line 1159,-
BRDA:1158,0,jump to line 1175,-
BRDA:1160,0,jump to line 1161,-
BRDA:1160,0,jump to line 1163,-
BRDA:1175,0,jump to line 1176,-
BRDA:1175,0,jump to line 1181,-
BRDA:1176,0,jump to line 1178,-
BRDA:1176,0,jump to line 1181,-
BRDA:1181,0,jump to line 1182,-
BRDA:1181,0,jump to line 1184,-
BRDA:1202,0,jump to line 1203,0
BRDA:1202,0,jump to line 1209,1
BRF:230
BRH:125
end_of_record
SF:src/podcast_scraper/workflow/stages/scraping.py
DA:6,1
DA:8,1
DA:9,1
DA:11,1
DA:16,1
DA:17,1
DA:18,1
DA:22,1
DA:24,1
DA:27,1
DA:39,1
DA:41,1
DA:42,0
DA:45,1
DA:46,1
DA:47,1
DA:49,1
DA:50,1
DA:51,1
DA:53,1
DA:56,1
DA:57,1
DA:58,0
DA:59,0
DA:61,1
DA:62,1
DA:64,1
DA:67,1
DA:80,1
DA:81,1
DA:83,1
DA:84,1
DA:87,1
DA:88,0
DA:89,0
DA:90,0
DA:93,1
DA:105,1
DA:106,1
DA:107,1
DA:108,1
DA:110,1
DA:112,1
DA:116,1
DA:117,1
LF:45
LH:39
FN:27,64,fetch_and_parse_feed
FNDA:1,fetch_and_parse_feed
FN:67,90,extract_feed_metadata_for_generation
FNDA:1,extract_feed_metadata_for_generation
FN:93,117,prepare_episodes_from_feed
FNDA:1,prepare_episodes_from_feed
FNF:3
FNH:3
BRDA:41,0,jump to line 42,0
BRDA:41,0,jump to line 45,1
BRDA:46,0,jump to line 47,1
BRDA:46,0,jump to line 49,1
BRDA:80,0,jump to line 81,1
BRDA:80,0,jump to line 83,1
BRDA:107,0,jump to line 108,1
BRDA:107,0,jump to line 110,1
BRF:8
BRH:7
end_of_record
SF:src/podcast_scraper/workflow/stages/setup.py
DA:7,1
DA:9,1
DA:10,1
DA:11,1
DA:12,1
DA:14,1
DA:15,1
DA:17,1
DA:21,1
DA:24,1
DA:57,1
DA:58,1
DA:59,1
DA:66,1
DA:67,1
DA:68,1
DA:78,1
DA:88,1
DA:89,1
DA:90,1
DA:92,1
DA:95,1
DA:112,1
DA:113,1
DA:116,1
DA:117,1
DA:120,1
DA:121,1
DA:123,1
DA:124,1
DA:129,1
DA:132,1
DA:133,1
DA:134,1
DA:135,1
DA:136,1
DA:137,1
DA:140,1
DA:141,1
DA:143,1
DA:145,1
DA:147,1
DA:148,1
DA:149,1
DA:150,1
DA:151,1
DA:152,1
DA:155,1
DA:156,1
DA:157,1
DA:158,1
DA:159,1
DA:160,1
DA:161,1
DA:162,1
DA:165,1
DA:166,1
DA:167,1
DA:170,1
DA:176,1
DA:177,1
DA:179,1
DA:180,1
DA:181,1
DA:182,1
DA:184,1
DA:185,1
DA:186,1
DA:190,1
DA:191,1
DA:197,1
DA:199,1
DA:200,1
DA:202,1
DA:205,1
DA:221,1
DA:222,1
DA:225,1
DA:226,1
DA:229,1
DA:232,1
DA:233,1
DA:235,1
DA:236,1
DA:239,1
DA:241,1
DA:245,1
DA:247,1
DA:248,1
DA:251,1
DA:253,1
DA:254,0
DA:256,0
DA:257,0
DA:258,0
DA:264,0
DA:269,0
DA:270,0
DA:271,0
DA:272,0
DA:274,0
DA:277,1
DA:306,1
DA:307,1
DA:309,1
DA:310,0
DA:311,0
DA:315,1
DA:316,1
DA:317,1
DA:318,1
DA:319,1
DA:323,0
DA:324,0
DA:328,1
DA:329,1
DA:331,1
DA:334,1
DA:335,1
DA:336,1
DA:337,1
DA:339,1
DA:342,1
DA:348,1
LF:124
LH:110
FN:24,68,initialize_ml_environment
FNDA:1,initialize_ml_environment
FN:78,92,should_preload_ml_models
FNDA:1,should_preload_ml_models
FN:95,202,ensure_ml_models_cached
FNDA:1,ensure_ml_models_cached
FN:205,274,preload_ml_models_if_needed
FNDA:1,preload_ml_models_if_needed
FN:277,339,setup_pipeline_environment
FNDA:1,setup_pipeline_environment
FN:342,348,get_preloaded_ml_provider
FNDA:1,get_preloaded_ml_provider
FNF:6
FNH:6
BRDA:57,0,jump to line 58,1
BRDA:57,0,jump to line 66,1
BRDA:66,0,jump to line 67,1
BRDA:66,0,return from function 'initialize_ml_environment',1
BRDA:112,0,jump to line 113,1
BRDA:112,0,jump to line 116,1
BRDA:116,0,jump to line 117,1
BRDA:116,0,jump to line 120,1
BRDA:120,0,jump to line 121,1
BRDA:120,0,jump to line 123,1
BRDA:132,0,jump to line 133,1
BRDA:132,0,jump to line 140,1
BRDA:135,0,jump to line 136,1
BRDA:135,0,jump to line 140,1
BRDA:140,0,jump to line 141,1
BRDA:140,0,jump to line 165,1
BRDA:150,0,jump to line 151,1
BRDA:150,0,jump to line 155,1
BRDA:156,0,jump to line 157,1
BRDA:156,0,jump to line 165,1
BRDA:160,0,jump to line 161,1
BRDA:160,0,jump to line 165,0
BRDA:165,0,jump to line 166,1
BRDA:165,0,return from function 'ensure_ml_models_cached',1
BRDA:179,0,jump to line 180,1
BRDA:179,0,jump to line 181,1
BRDA:181,0,jump to line 182,1
BRDA:181,0,jump to line 184,1
BRDA:221,0,jump to line 222,1
BRDA:221,0,jump to line 225,1
BRDA:225,0,jump to line 226,1
BRDA:225,0,jump to line 229,1
BRDA:248,0,jump to line 251,1
BRDA:248,0,jump to line 253,0
BRDA:257,0,jump to line 258,-
BRDA:257,0,jump to line 264,-
BRDA:309,0,jump to line 310,0
BRDA:309,0,jump to line 315,1
BRDA:310,0,jump to line 311,-
BRDA:310,0,jump to line 328,-
BRDA:315,0,jump to line 316,1
BRDA:315,0,jump to line 328,1
BRDA:317,0,jump to line 318,1
BRDA:317,0,jump to line 328,0
BRDA:328,0,jump to line 329,1
BRDA:328,0,jump to line 331,1
BRF:46
BRH:38
end_of_record
SF:src/podcast_scraper/workflow/stages/summarization.py
DA:6,1
DA:8,1
DA:9,1
DA:10,1
DA:11,1
DA:12,1
DA:13,1
DA:14,1
DA:16,1
DA:18,1
DA:23,1
DA:24,1
DA:25,1
DA:26,1
DA:27,1
DA:28,1
DA:32,1
DA:34,1
DA:37,1
DA:50,1
DA:51,1
DA:52,1
DA:53,1
DA:54,0
DA:55,0
DA:57,1
DA:58,1
DA:60,1
DA:63,1
DA:65,1
DA:66,1
DA:69,1
DA:70,1
DA:71,0
DA:72,0
DA:73,1
DA:75,1
DA:76,1
DA:77,1
DA:79,1
DA:80,1
DA:81,1
DA:82,0
DA:84,1
DA:85,1
DA:86,0
DA:88,0
DA:89,0
DA:91,1
DA:92,1
DA:93,1
DA:97,1
DA:100,1
DA:112,1
DA:113,1
DA:114,1
DA:130,1
DA:142,1
DA:145,1
DA:151,1
DA:152,1
DA:153,1
DA:154,0
DA:156,1
DA:157,1
DA:158,1
DA:159,1
DA:160,1
DA:161,0
DA:163,1
DA:164,1
DA:165,1
DA:166,1
DA:169,1
DA:200,0
DA:203,0
DA:211,0
DA:214,0
DA:219,0
DA:220,0
DA:221,0
DA:223,0
DA:224,0
DA:225,0
DA:226,0
DA:230,0
DA:232,0
DA:234,0
DA:235,0
DA:236,0
DA:238,0
DA:239,0
DA:269,0
DA:271,0
DA:272,0
DA:273,0
DA:274,0
DA:275,0
DA:277,0
DA:278,0
DA:308,0
DA:310,0
DA:340,1
DA:369,0
DA:376,0
DA:377,0
DA:378,0
DA:383,0
DA:394,0
DA:396,0
DA:397,0
DA:398,0
DA:399,0
DA:400,0
DA:401,0
DA:402,0
DA:413,0
DA:416,0
DA:417,0
DA:432,0
DA:433,0
DA:434,0
DA:435,0
DA:436,0
DA:437,0
DA:439,0
DA:442,1
DA:456,0
DA:457,0
DA:459,0
DA:461,0
DA:462,0
DA:463,0
DA:464,0
DA:465,0
DA:466,0
DA:469,0
DA:470,0
DA:472,0
DA:474,0
DA:475,0
DA:476,0
DA:491,0
DA:492,0
DA:493,0
DA:494,0
DA:495,0
DA:496,0
DA:499,0
DA:500,0
DA:501,0
DA:502,0
DA:503,0
DA:504,0
DA:505,0
DA:508,0
DA:509,0
DA:512,0
DA:515,1
DA:549,1
DA:553,1
DA:554,0
DA:555,0
DA:557,1
DA:559,1
DA:560,1
DA:564,1
DA:565,1
DA:567,1
DA:568,1
DA:570,1
DA:573,1
DA:575,1
DA:577,0
DA:581,0
DA:592,0
DA:596,1
DA:597,1
DA:598,1
DA:599,1
DA:602,0
DA:604,1
DA:606,1
DA:619,0
LF:184
LH:85
FN:37,97,_collect_episodes_for_summarization
FNDA:1,_collect_episodes_for_summarization
FN:100,127,_process_episodes_sequentially
FNDA:1,_process_episodes_sequentially
FN:130,142,_can_use_parallel_processing
FNDA:1,_can_use_parallel_processing
FN:145,166,_determine_max_workers
FNDA:1,_determine_max_workers
FN:169,337,summarize_single_episode
FNDA:0,summarize_single_episode
FN:340,439,_process_episodes_in_parallel
FNDA:0,_process_episodes_in_parallel
FN:442,512,_execute_parallel_summarization
FNDA:0,_execute_parallel_summarization
FN:459,470,_execute_parallel_summarization._get_worker_provider
FNDA:0,_execute_parallel_summarization._get_worker_provider
FN:472,489,_execute_parallel_summarization._summarize_with_worker_provider
FNDA:0,_execute_parallel_summarization._summarize_with_worker_provider
FN:515,630,parallel_episode_summarization
FNDA:1,parallel_episode_summarization
FNF:10
FNH:5
BRDA:51,0,jump to line 52,1
BRDA:51,0,jump to line 53,1
BRDA:53,0,jump to line 54,0
BRDA:53,0,jump to line 57,1
BRDA:58,0,jump to line 60,1
BRDA:58,0,jump to line 97,1
BRDA:63,0,jump to line 65,1
BRDA:63,0,jump to line 73,1
BRDA:65,0,jump to line 66,1
BRDA:65,0,jump to line 73,1
BRDA:70,0,jump to line 65,1
BRDA:70,0,jump to line 71,0
BRDA:73,0,jump to line 58,1
BRDA:73,0,jump to line 75,1
BRDA:77,0,jump to line 79,1
BRDA:77,0,jump to line 91,1
BRDA:81,0,jump to line 82,0
BRDA:81,0,jump to line 84,1
BRDA:85,0,jump to line 86,0
BRDA:85,0,jump to line 91,1
BRDA:91,0,jump to line 58,0
BRDA:91,0,jump to line 92,1
BRDA:113,0,jump to line 114,1
BRDA:113,0,return from function '_process_episodes_sequentially',1
BRDA:152,0,jump to line 153,1
BRDA:152,0,jump to line 159,1
BRDA:153,0,jump to line 154,0
BRDA:153,0,jump to line 156,1
BRDA:159,0,jump to line 160,1
BRDA:159,0,jump to line 166,0
BRDA:160,0,jump to line 161,0
BRDA:160,0,jump to line 163,1
BRDA:220,0,jump to line 221,-
BRDA:220,0,jump to line 230,-
BRDA:223,0,jump to line 224,-
BRDA:223,0,jump to line 230,-
BRDA:234,0,jump to line 235,-
BRDA:234,0,jump to line 271,-
BRDA:238,0,jump to line 239,-
BRDA:238,0,jump to line 271,-
BRDA:271,0,jump to line 272,-
BRDA:271,0,jump to line 310,-
BRDA:273,0,jump to line 274,-
BRDA:273,0,jump to line 310,-
BRDA:277,0,jump to line 278,-
BRDA:277,0,jump to line 310,-
BRDA:376,0,jump to line 377,-
BRDA:376,0,jump to line 396,-
BRDA:433,0,jump to line 434,-
BRDA:433,0,jump to line 439,-
BRDA:461,0,jump to line 462,-
BRDA:461,0,jump to line 470,-
BRDA:463,0,jump to line 464,-
BRDA:463,0,jump to line 469,-
BRDA:494,0,jump to line 495,-
BRDA:494,0,jump to line 499,-
BRDA:500,0,jump to line 501,-
BRDA:500,0,jump to line 512,-
BRDA:504,0,jump to line 500,-
BRDA:504,0,jump to line 505,-
BRDA:553,0,jump to line 554,0
BRDA:553,0,jump to line 557,1
BRDA:557,0,jump to line 559,1
BRDA:557,0,jump to line 570,1
BRDA:559,0,jump to line 560,1
BRDA:559,0,jump to line 567,1
BRDA:575,0,jump to line 577,0
BRDA:575,0,jump to line 596,1
BRDA:597,0,jump to line 598,1
BRDA:597,0,jump to line 602,0
BRDA:604,0,jump to line 606,1
BRDA:604,0,jump to line 619,0
BRF:72
BRH:32
end_of_record
SF:src/podcast_scraper/workflow/stages/transcription.py
DA:6,1
DA:8,1
DA:9,1
DA:10,1
DA:11,1
DA:12,1
DA:13,1
DA:14,1
DA:16,1
DA:21,1
DA:22,1
DA:23,1
DA:24,1
DA:25,1
DA:26,1
DA:27,1
DA:28,1
DA:32,1
DA:33,1
DA:35,1
DA:36,1
DA:37,0
DA:38,0
DA:40,0
DA:41,0
DA:42,1
DA:45,1
DA:46,1
DA:55,1
DA:57,1
DA:60,1
DA:77,1
DA:80,1
DA:84,1
DA:86,1
DA:88,1
DA:89,1
DA:90,0
DA:91,0
DA:93,0
DA:94,0
DA:96,0
DA:98,1
DA:99,1
DA:100,1
DA:104,0
DA:105,0
DA:108,0
DA:110,1
DA:111,1
DA:112,1
DA:113,1
DA:114,1
DA:115,1
DA:118,1
DA:123,1
DA:124,1
DA:126,1
DA:135,1
DA:166,1
DA:167,0
DA:171,1
DA:172,1
DA:173,1
DA:174,1
DA:175,0
DA:176,1
DA:177,1
DA:179,1
DA:180,1
DA:182,0
DA:183,0
DA:184,0
DA:185,0
DA:187,0
DA:189,0
DA:190,0
DA:191,0
DA:192,0
DA:196,0
DA:205,0
DA:206,0
DA:209,0
DA:210,0
DA:211,0
DA:214,0
DA:215,0
DA:216,0
DA:218,0
DA:219,0
DA:220,0
DA:221,0
DA:222,0
DA:224,0
DA:225,0
DA:226,0
DA:228,0
DA:232,0
DA:233,0
DA:234,0
DA:236,0
DA:256,0
DA:257,0
DA:258,0
DA:266,0
DA:270,1
DA:312,1
DA:313,0
DA:318,1
DA:319,1
DA:320,1
DA:321,1
DA:322,1
DA:328,1
DA:331,1
DA:332,1
DA:339,1
DA:340,1
DA:342,1
DA:344,1
DA:352,1
DA:353,1
DA:362,1
DA:363,1
DA:364,1
DA:365,1
DA:368,1
DA:369,1
DA:370,1
DA:372,1
DA:373,1
DA:374,1
DA:375,1
DA:376,1
DA:377,1
DA:385,1
DA:386,1
DA:387,1
DA:389,0
DA:390,1
DA:394,1
DA:402,1
DA:404,1
DA:405,1
DA:407,1
DA:412,1
DA:416,1
DA:417,1
DA:418,1
DA:419,1
DA:420,1
DA:421,1
DA:422,1
DA:423,1
DA:424,1
DA:430,1
DA:432,1
DA:434,1
DA:436,0
DA:439,1
DA:440,1
DA:442,1
DA:445,1
DA:446,1
DA:448,1
DA:449,1
DA:450,1
DA:451,1
DA:453,1
DA:455,1
DA:457,1
DA:458,1
DA:459,1
DA:460,1
DA:462,1
DA:463,1
DA:464,1
DA:465,1
DA:474,1
DA:475,1
DA:476,1
DA:477,1
DA:478,0
DA:480,0
DA:483,1
DA:485,1
DA:487,1
DA:490,0
DA:491,0
DA:493,0
DA:496,1
DA:498,1
LF:192
LH:135
FN:32,42,transcribe_media_to_text
FNDA:1,transcribe_media_to_text
FN:60,132,setup_transcription_resources
FNDA:1,setup_transcription_resources
FN:135,266,process_transcription_jobs
FNDA:1,process_transcription_jobs
FN:270,501,process_transcription_jobs_concurrent
FNDA:1,process_transcription_jobs_concurrent
FN:344,398,process_transcription_jobs_concurrent._process_single_job
FNDA:1,process_transcription_jobs_concurrent._process_single_job
FNF:5
FNH:5
BRDA:36,0,jump to line 37,0
BRDA:36,0,jump to line 42,1
BRDA:40,0,jump to line 41,-
BRDA:40,0,jump to line 42,-
BRDA:77,0,jump to line 80,1
BRDA:77,0,jump to line 110,1
BRDA:89,0,jump to line 90,0
BRDA:89,0,jump to line 98,1
BRDA:93,0,jump to line 94,-
BRDA:93,0,jump to line 96,-
BRDA:111,0,jump to line 112,1
BRDA:111,0,jump to line 118,1
BRDA:113,0,jump to line 114,1
BRDA:113,0,jump to line 115,1
BRDA:166,0,jump to line 167,0
BRDA:166,0,jump to line 171,1
BRDA:179,0,jump to line 180,1
BRDA:179,0,jump to line 182,0
BRDA:184,0,jump to line 185,-
BRDA:184,0,jump to line 187,-
BRDA:191,0,jump to line 192,-
BRDA:191,0,jump to line 266,-
BRDA:205,0,jump to line 206,-
BRDA:205,0,jump to line 209,-
BRDA:209,0,jump to line 210,-
BRDA:209,0,jump to line 256,-
BRDA:214,0,jump to line 215,-
BRDA:214,0,jump to line 256,-
BRDA:216,0,jump to line 218,-
BRDA:216,0,jump to line 256,-
BRDA:219,0,jump to line 220,-
BRDA:219,0,jump to line 224,-
BRDA:220,0,jump to line 219,-
BRDA:220,0,jump to line 221,-
BRDA:225,0,jump to line 226,-
BRDA:225,0,jump to line 236,-
BRDA:228,0,jump to line 232,-
BRDA:228,0,jump to line 236,-
BRDA:312,0,jump to line 313,0
BRDA:312,0,jump to line 318,1
BRDA:321,0,jump to line 322,1
BRDA:321,0,jump to line 328,1
BRDA:362,0,jump to line 363,1
BRDA:362,0,jump to line 364,1
BRDA:364,0,jump to line 365,1
BRDA:364,0,jump to line 394,0
BRDA:368,0,jump to line 369,1
BRDA:368,0,jump to line 394,1
BRDA:370,0,jump to line 372,1
BRDA:370,0,jump to line 394,0
BRDA:373,0,jump to line 374,1
BRDA:373,0,jump to line 377,0
BRDA:374,0,jump to line 373,1
BRDA:374,0,jump to line 375,1
BRDA:385,0,jump to line 386,1
BRDA:385,0,jump to line 389,0
BRDA:402,0,jump to line 404,1
BRDA:402,0,jump to line 439,1
BRDA:419,0,jump to line 420,1
BRDA:419,0,jump to line 421,0
BRDA:421,0,jump to line 422,1
BRDA:421,0,jump to line 423,0
BRDA:432,0,jump to line 434,1
BRDA:432,0,jump to line 436,0
BRDA:445,0,jump to line 446,1
BRDA:445,0,return from function '_submit_new_transcription_jobs',0
BRDA:457,0,jump to line 458,1
BRDA:457,0,return from function '_process_completed_transcription_futures',1
BRDA:462,0,jump to line 463,1
BRDA:462,0,jump to line 464,0
BRDA:483,0,jump to line 485,1
BRDA:483,0,jump to line 490,0
BRDA:485,0,jump to line 487,1
BRDA:485,0,jump to line 490,0
BRDA:490,0,jump to line 491,-
BRDA:490,0,jump to line 493,-
BRF:76
BRH:34
end_of_record
SF:src/podcast_scraper/workflow/types.py
DA:6,1
DA:8,1
DA:9,1
DA:10,1
DA:11,1
DA:16,1
DA:18,1
DA:19,1
DA:22,1
DA:25,1
DA:26,1
DA:27,1
DA:30,1
DA:33,1
DA:34,1
DA:35,1
DA:38,1
DA:39,1
DA:42,1
DA:43,1
DA:44,1
DA:45,1
DA:46,1
DA:49,1
DA:52,1
DA:53,1
DA:54,1
DA:55,1
DA:56,1
DA:59,1
DA:62,1
DA:63,1
DA:64,1
DA:67,1
DA:70,1
DA:71,1
DA:72,1
DA:73,1
DA:74,1
LF:39
LH:39
end_of_record
