{"meta": {"format": 3, "version": "7.11.3", "timestamp": "2026-01-01T17:50:43.373542", "branch_coverage": true, "show_contexts": false}, "files": {"src/podcast_scraper/__init__.py": {"executed_lines": [4, 38, 40, 41, 43, 53, 59, 62, 65, 66, 69, 70, 72, 73, 74, 75, 81], "summary": {"covered_lines": 16, "num_statements": 21, "percent_covered": 74.07407407407408, "percent_covered_display": "74.07", "missing_lines": 5, "excluded_lines": 0, "num_branches": 6, "num_partial_branches": 2, "covered_branches": 4, "missing_branches": 2}, "missing_lines": [67, 76, 78, 79, 80], "excluded_lines": [], "executed_branches": [[66, 69], [69, 70], [69, 75], [75, 81]], "missing_branches": [[66, 67], [75, 76]], "functions": {"__getattr__": {"executed_lines": [66, 69, 70, 72, 73, 74, 75, 81], "summary": {"covered_lines": 8, "num_statements": 13, "percent_covered": 63.1578947368421, "percent_covered_display": "63.16", "missing_lines": 5, "excluded_lines": 0, "num_branches": 6, "num_partial_branches": 2, "covered_branches": 4, "missing_branches": 2}, "missing_lines": [67, 76, 78, 79, 80], "excluded_lines": [], "executed_branches": [[66, 69], [69, 70], [69, 75], [75, 81]], "missing_branches": [[66, 67], [75, 76]]}, "": {"executed_lines": [4, 38, 40, 41, 43, 53, 59, 62, 65], "summary": {"covered_lines": 8, "num_statements": 8, "percent_covered": 100.0, "percent_covered_display": "100.00", "missing_lines": 0, "excluded_lines": 0, "num_branches": 0, "num_partial_branches": 0, "covered_branches": 0, "missing_branches": 0}, "missing_lines": [], "excluded_lines": [], "executed_branches": [], "missing_branches": []}}, "classes": {"": {"executed_lines": [4, 38, 40, 41, 43, 53, 59, 62, 65, 66, 69, 70, 72, 73, 74, 75, 81], "summary": {"covered_lines": 16, "num_statements": 21, "percent_covered": 74.07407407407408, "percent_covered_display": "74.07", "missing_lines": 5, "excluded_lines": 0, "num_branches": 6, "num_partial_branches": 2, "covered_branches": 4, "missing_branches": 2}, "missing_lines": [67, 76, 78, 79, 80], "excluded_lines": [], "executed_branches": [[66, 69], [69, 70], [69, 75], [75, 81]], "missing_branches": [[66, 67], [75, 76]]}}}, "src/podcast_scraper/cli.py": {"executed_lines": [1, 3, 5, 6, 7, 8, 9, 21, 23, 25, 27, 30, 33, 34, 35, 36, 39, 40, 42, 45, 49, 50, 79, 86, 87, 88, 90, 91, 92, 93, 94, 97, 104, 118, 119, 122, 129, 134, 135, 136, 140, 147, 148, 151, 153, 156, 157, 160, 161, 163, 164, 166, 167, 170, 171, 172, 175, 176, 177, 178, 179, 181, 182, 185, 191, 192, 197, 202, 209, 215, 216, 217, 220, 223, 229, 230, 236, 237, 240, 243, 248, 251, 254, 255, 260, 266, 274, 280, 287, 293, 298, 304, 305, 308, 314, 320, 327, 333, 338, 344, 351, 357, 362, 367, 373, 379, 385, 391, 399, 405, 410, 416, 421, 427, 433, 439, 445, 451, 457, 465, 481, 482, 483, 484, 485, 508, 510, 515, 516, 517, 518, 519, 520, 521, 523, 525, 526, 527, 529, 530, 532, 534, 535, 538, 540, 541, 587, 589, 592, 682, 759], "summary": {"covered_lines": 147, "num_statements": 278, "percent_covered": 50.285714285714285, "percent_covered_display": "50.29", "missing_lines": 131, "excluded_lines": 7, "num_branches": 72, "num_partial_branches": 3, "covered_branches": 29, "missing_branches": 43}, "missing_lines": [43, 46, 52, 54, 55, 56, 67, 75, 76, 130, 137, 487, 488, 489, 490, 492, 497, 498, 499, 501, 502, 503, 504, 505, 599, 600, 601, 604, 605, 606, 607, 608, 609, 610, 611, 614, 615, 616, 617, 622, 625, 626, 627, 628, 629, 630, 631, 632, 633, 634, 637, 638, 639, 640, 641, 642, 645, 646, 647, 648, 649, 650, 652, 655, 656, 657, 658, 659, 660, 661, 663, 664, 665, 666, 667, 668, 669, 670, 673, 674, 675, 676, 677, 679, 690, 691, 692, 693, 694, 695, 697, 698, 699, 700, 701, 704, 705, 706, 708, 709, 710, 711, 712, 721, 722, 723, 724, 725, 726, 727, 728, 729, 730, 731, 732, 733, 734, 735, 736, 738, 739, 740, 741, 742, 744, 746, 747, 749, 750, 755, 756], "excluded_lines": [27, 28, 751, 752, 753, 759, 760], "executed_branches": [[86, 87], [86, 90], [91, 92], [91, 93], [93, -79], [93, 94], [118, -97], [118, 119], [129, 134], [134, -122], [134, 135], [136, -122], [147, -140], [147, 148], [160, 161], [160, 163], [163, 164], [163, 166], [166, 167], [166, 170], [175, 176], [175, 181], [181, -151], [181, 182], [484, 485], [525, 526], [525, 529], [529, 530], [529, 532]], "missing_branches": [[55, 56], [55, 67], [129, 130], [136, 137], [484, 487], [498, 499], [498, 501], [503, 504], [503, 505], [627, 628], [627, 637], [630, 631], [630, 637], [633, 634], [633, 637], [640, 641], [640, 642], [647, 648], [647, 655], [649, 650], [649, 652], [657, 658], [657, 673], [659, 660], [659, 667], [660, 661], [660, 663], [665, 666], [665, 667], [669, 670], [669, 673], [692, 693], [692, 694], [694, 695], [694, 697], [704, 705], [704, 738], [709, 710], [709, 727], [724, 725], [724, 726], [727, 728], [727, 738]], "functions": {"_TqdmProgress.__init__": {"executed_lines": [], "summary": {"covered_lines": 0, "num_statements": 1, "percent_covered": 0.0, "percent_covered_display": "0.00", "missing_lines": 1, "excluded_lines": 0, "num_branches": 0, "num_partial_branches": 0, "covered_branches": 0, "missing_branches": 0}, "missing_lines": [43], "excluded_lines": [], "executed_branches": [], "missing_branches": []}, "_TqdmProgress.update": {"executed_lines": [], "summary": {"covered_lines": 0, "num_statements": 1, "percent_covered": 0.0, "percent_covered_display": "0.00", "missing_lines": 1, "excluded_lines": 0, "num_branches": 0, "num_partial_branches": 0, "covered_branches": 0, "missing_branches": 0}, "missing_lines": [46], "excluded_lines": [], "executed_branches": [], "missing_branches": []}, "_tqdm_progress": {"executed_lines": [], "summary": {"covered_lines": 0, "num_statements": 7, "percent_covered": 0.0, "percent_covered_display": "0.00", "missing_lines": 7, "excluded_lines": 0, "num_branches": 2, "num_partial_branches": 0, "covered_branches": 0, "missing_branches": 2}, "missing_lines": [52, 54, 55, 56, 67, 75, 76], "excluded_lines": [], "executed_branches": [], "missing_branches": [[55, 56], [55, 67]]}, "_validate_rss_url": {"executed_lines": [86, 87, 88, 90, 91, 92, 93, 94], "summary": {"covered_lines": 8, "num_statements": 8, "percent_covered": 100.0, "percent_covered_display": "100.00", "missing_lines": 0, "excluded_lines": 0, "num_branches": 6, "num_partial_branches": 0, "covered_branches": 6, "missing_branches": 0}, "missing_lines": [], "excluded_lines": [], "executed_branches": [[86, 87], [86, 90], [91, 92], [91, 93], [93, -79], [93, 94]], "missing_branches": []}, "_validate_whisper_config": {"executed_lines": [104, 118, 119], "summary": {"covered_lines": 3, "num_statements": 3, "percent_covered": 100.0, "percent_covered_display": "100.00", "missing_lines": 0, "excluded_lines": 0, "num_branches": 2, "num_partial_branches": 0, "covered_branches": 2, "missing_branches": 0}, "missing_lines": [], "excluded_lines": [], "executed_branches": [[118, -97], [118, 119]], "missing_branches": []}, "_validate_speaker_config": {"executed_lines": [129, 134, 135, 136], "summary": {"covered_lines": 4, "num_statements": 6, "percent_covered": 66.66666666666667, "percent_covered_display": "66.67", "missing_lines": 2, "excluded_lines": 0, "num_branches": 6, "num_partial_branches": 2, "covered_branches": 4, "missing_branches": 2}, "missing_lines": [130, 137], "excluded_lines": [], "executed_branches": [[129, 134], [134, -122], [134, 135], [136, -122]], "missing_branches": [[129, 130], [136, 137]]}, "_validate_workers_config": {"executed_lines": [147, 148], "summary": {"covered_lines": 2, "num_statements": 2, "percent_covered": 100.0, "percent_covered_display": "100.00", "missing_lines": 0, "excluded_lines": 0, "num_branches": 2, "num_partial_branches": 0, "covered_branches": 2, "missing_branches": 0}, "missing_lines": [], "excluded_lines": [], "executed_branches": [[147, -140], [147, 148]], "missing_branches": []}, "validate_args": {"executed_lines": [153, 156, 157, 160, 161, 163, 164, 166, 167, 170, 171, 172, 175, 176, 177, 178, 179, 181, 182], "summary": {"covered_lines": 19, "num_statements": 19, "percent_covered": 100.0, "percent_covered_display": "100.00", "missing_lines": 0, "excluded_lines": 0, "num_branches": 10, "num_partial_branches": 0, "covered_branches": 10, "missing_branches": 0}, "missing_lines": [], "excluded_lines": [], "executed_branches": [[160, 161], [160, 163], [163, 164], [163, 166], [166, 167], [166, 170], [175, 176], [175, 181], [181, -151], [181, 182]], "missing_branches": []}, "_add_cache_arguments": {"executed_lines": [191, 192, 197, 202], "summary": {"covered_lines": 4, "num_statements": 4, "percent_covered": 100.0, "percent_covered_display": "100.00", "missing_lines": 0, "excluded_lines": 0, "num_branches": 0, "num_partial_branches": 0, "covered_branches": 0, "missing_branches": 0}, "missing_lines": [], "excluded_lines": [], "executed_branches": [], "missing_branches": []}, "_add_common_arguments": {"executed_lines": [215, 216, 217, 220, 223, 229, 230, 236, 237, 240, 243, 248, 251, 254, 255, 260, 266], "summary": {"covered_lines": 17, "num_statements": 17, "percent_covered": 100.0, "percent_covered_display": "100.00", "missing_lines": 0, "excluded_lines": 0, "num_branches": 0, "num_partial_branches": 0, "covered_branches": 0, "missing_branches": 0}, "missing_lines": [], "excluded_lines": [], "executed_branches": [], "missing_branches": []}, "_add_openai_arguments": {"executed_lines": [280], "summary": {"covered_lines": 1, "num_statements": 1, "percent_covered": 100.0, "percent_covered_display": "100.00", "missing_lines": 0, "excluded_lines": 0, "num_branches": 0, "num_partial_branches": 0, "covered_branches": 0, "missing_branches": 0}, "missing_lines": [], "excluded_lines": [], "executed_branches": [], "missing_branches": []}, "_add_transcription_arguments": {"executed_lines": [293, 298, 304, 305, 308, 314, 320], "summary": {"covered_lines": 7, "num_statements": 7, "percent_covered": 100.0, "percent_covered_display": "100.00", "missing_lines": 0, "excluded_lines": 0, "num_branches": 0, "num_partial_branches": 0, "covered_branches": 0, "missing_branches": 0}, "missing_lines": [], "excluded_lines": [], "executed_branches": [], "missing_branches": []}, "_add_metadata_arguments": {"executed_lines": [333, 338, 344], "summary": {"covered_lines": 3, "num_statements": 3, "percent_covered": 100.0, "percent_covered_display": "100.00", "missing_lines": 0, "excluded_lines": 0, "num_branches": 0, "num_partial_branches": 0, "covered_branches": 0, "missing_branches": 0}, "missing_lines": [], "excluded_lines": [], "executed_branches": [], "missing_branches": []}, "_add_speaker_detection_arguments": {"executed_lines": [357, 362, 367, 373, 379, 385, 391], "summary": {"covered_lines": 7, "num_statements": 7, "percent_covered": 100.0, "percent_covered_display": "100.00", "missing_lines": 0, "excluded_lines": 0, "num_branches": 0, "num_partial_branches": 0, "covered_branches": 0, "missing_branches": 0}, "missing_lines": [], "excluded_lines": [], "executed_branches": [], "missing_branches": []}, "_add_summarization_arguments": {"executed_lines": [405, 410, 416, 421, 427, 433, 439, 445, 451, 457], "summary": {"covered_lines": 10, "num_statements": 10, "percent_covered": 100.0, "percent_covered_display": "100.00", "missing_lines": 0, "excluded_lines": 0, "num_branches": 0, "num_partial_branches": 0, "covered_branches": 0, "missing_branches": 0}, "missing_lines": [], "excluded_lines": [], "executed_branches": [], "missing_branches": []}, "_load_and_merge_config": {"executed_lines": [481, 482, 483, 484, 485], "summary": {"covered_lines": 5, "num_statements": 18, "percent_covered": 25.0, "percent_covered_display": "25.00", "missing_lines": 13, "excluded_lines": 0, "num_branches": 6, "num_partial_branches": 1, "covered_branches": 1, "missing_branches": 5}, "missing_lines": [487, 488, 489, 490, 492, 497, 498, 499, 501, 502, 503, 504, 505], "excluded_lines": [], "executed_branches": [[484, 485]], "missing_branches": [[484, 487], [498, 499], [498, 501], [503, 504], [503, 505]]}, "parse_args": {"executed_lines": [510, 515, 516, 517, 518, 519, 520, 521, 523, 525, 526, 527, 529, 530, 532, 534, 535], "summary": {"covered_lines": 17, "num_statements": 17, "percent_covered": 100.0, "percent_covered_display": "100.00", "missing_lines": 0, "excluded_lines": 0, "num_branches": 4, "num_partial_branches": 0, "covered_branches": 4, "missing_branches": 0}, "missing_lines": [], "excluded_lines": [], "executed_branches": [[525, 526], [525, 529], [529, 530], [529, 532]], "missing_branches": []}, "_build_config": {"executed_lines": [540, 541, 587, 589], "summary": {"covered_lines": 4, "num_statements": 4, "percent_covered": 100.0, "percent_covered_display": "100.00", "missing_lines": 0, "excluded_lines": 0, "num_branches": 0, "num_partial_branches": 0, "covered_branches": 0, "missing_branches": 0}, "missing_lines": [], "excluded_lines": [], "executed_branches": [], "missing_branches": []}, "_log_configuration": {"executed_lines": [], "summary": {"covered_lines": 0, "num_statements": 60, "percent_covered": 0.0, "percent_covered_display": "0.00", "missing_lines": 60, "excluded_lines": 0, "num_branches": 22, "num_partial_branches": 0, "covered_branches": 0, "missing_branches": 22}, "missing_lines": [599, 600, 601, 604, 605, 606, 607, 608, 609, 610, 611, 614, 615, 616, 617, 622, 625, 626, 627, 628, 629, 630, 631, 632, 633, 634, 637, 638, 639, 640, 641, 642, 645, 646, 647, 648, 649, 650, 652, 655, 656, 657, 658, 659, 660, 661, 663, 664, 665, 666, 667, 668, 669, 670, 673, 674, 675, 676, 677, 679], "excluded_lines": [], "executed_branches": [], "missing_branches": [[627, 628], [627, 637], [630, 631], [630, 637], [633, 634], [633, 637], [640, 641], [640, 642], [647, 648], [647, 655], [649, 650], [649, 652], [657, 658], [657, 673], [659, 660], [659, 667], [660, 661], [660, 663], [665, 666], [665, 667], [669, 670], [669, 673]]}, "main": {"executed_lines": [], "summary": {"covered_lines": 0, "num_statements": 47, "percent_covered": 0.0, "percent_covered_display": "0.00", "missing_lines": 47, "excluded_lines": 3, "num_branches": 12, "num_partial_branches": 0, "covered_branches": 0, "missing_branches": 12}, "missing_lines": [690, 691, 692, 693, 694, 695, 697, 698, 699, 700, 701, 704, 705, 706, 708, 709, 710, 711, 712, 721, 722, 723, 724, 725, 726, 727, 728, 729, 730, 731, 732, 733, 734, 735, 736, 738, 739, 740, 741, 742, 744, 746, 747, 749, 750, 755, 756], "excluded_lines": [751, 752, 753], "executed_branches": [], "missing_branches": [[692, 693], [692, 694], [694, 695], [694, 697], [704, 705], [704, 738], [709, 710], [709, 727], [724, 725], [724, 726], [727, 728], [727, 738]]}, "": {"executed_lines": [1, 3, 5, 6, 7, 8, 9, 21, 23, 25, 27, 30, 33, 34, 35, 36, 39, 40, 42, 45, 49, 50, 79, 97, 122, 140, 151, 185, 209, 274, 287, 327, 351, 399, 465, 508, 538, 592, 682, 759], "summary": {"covered_lines": 36, "num_statements": 36, "percent_covered": 100.0, "percent_covered_display": "100.00", "missing_lines": 0, "excluded_lines": 4, "num_branches": 0, "num_partial_branches": 0, "covered_branches": 0, "missing_branches": 0}, "missing_lines": [], "excluded_lines": [27, 28, 759, 760], "executed_branches": [], "missing_branches": []}}, "classes": {"_TqdmProgress": {"executed_lines": [], "summary": {"covered_lines": 0, "num_statements": 2, "percent_covered": 0.0, "percent_covered_display": "0.00", "missing_lines": 2, "excluded_lines": 0, "num_branches": 0, "num_partial_branches": 0, "covered_branches": 0, "missing_branches": 0}, "missing_lines": [43, 46], "excluded_lines": [], "executed_branches": [], "missing_branches": []}, "": {"executed_lines": [1, 3, 5, 6, 7, 8, 9, 21, 23, 25, 27, 30, 33, 34, 35, 36, 39, 40, 42, 45, 49, 50, 79, 86, 87, 88, 90, 91, 92, 93, 94, 97, 104, 118, 119, 122, 129, 134, 135, 136, 140, 147, 148, 151, 153, 156, 157, 160, 161, 163, 164, 166, 167, 170, 171, 172, 175, 176, 177, 178, 179, 181, 182, 185, 191, 192, 197, 202, 209, 215, 216, 217, 220, 223, 229, 230, 236, 237, 240, 243, 248, 251, 254, 255, 260, 266, 274, 280, 287, 293, 298, 304, 305, 308, 314, 320, 327, 333, 338, 344, 351, 357, 362, 367, 373, 379, 385, 391, 399, 405, 410, 416, 421, 427, 433, 439, 445, 451, 457, 465, 481, 482, 483, 484, 485, 508, 510, 515, 516, 517, 518, 519, 520, 521, 523, 525, 526, 527, 529, 530, 532, 534, 535, 538, 540, 541, 587, 589, 592, 682, 759], "summary": {"covered_lines": 147, "num_statements": 276, "percent_covered": 50.57471264367816, "percent_covered_display": "50.57", "missing_lines": 129, "excluded_lines": 7, "num_branches": 72, "num_partial_branches": 3, "covered_branches": 29, "missing_branches": 43}, "missing_lines": [52, 54, 55, 56, 67, 75, 76, 130, 137, 487, 488, 489, 490, 492, 497, 498, 499, 501, 502, 503, 504, 505, 599, 600, 601, 604, 605, 606, 607, 608, 609, 610, 611, 614, 615, 616, 617, 622, 625, 626, 627, 628, 629, 630, 631, 632, 633, 634, 637, 638, 639, 640, 641, 642, 645, 646, 647, 648, 649, 650, 652, 655, 656, 657, 658, 659, 660, 661, 663, 664, 665, 666, 667, 668, 669, 670, 673, 674, 675, 676, 677, 679, 690, 691, 692, 693, 694, 695, 697, 698, 699, 700, 701, 704, 705, 706, 708, 709, 710, 711, 712, 721, 722, 723, 724, 725, 726, 727, 728, 729, 730, 731, 732, 733, 734, 735, 736, 738, 739, 740, 741, 742, 744, 746, 747, 749, 750, 755, 756], "excluded_lines": [27, 28, 751, 752, 753, 759, 760], "executed_branches": [[86, 87], [86, 90], [91, 92], [91, 93], [93, -79], [93, 94], [118, -97], [118, 119], [129, 134], [134, -122], [134, 135], [136, -122], [147, -140], [147, 148], [160, 161], [160, 163], [163, 164], [163, 166], [166, 167], [166, 170], [175, 176], [175, 181], [181, -151], [181, 182], [484, 485], [525, 526], [525, 529], [529, 530], [529, 532]], "missing_branches": [[55, 56], [55, 67], [129, 130], [136, 137], [484, 487], [498, 499], [498, 501], [503, 504], [503, 505], [627, 628], [627, 637], [630, 631], [630, 637], [633, 634], [633, 637], [640, 641], [640, 642], [647, 648], [647, 655], [649, 650], [649, 652], [657, 658], [657, 673], [659, 660], [659, 667], [660, 661], [660, 663], [665, 666], [665, 667], [669, 670], [669, 673], [692, 693], [692, 694], [694, 695], [694, 697], [704, 705], [704, 738], [709, 710], [709, 727], [724, 725], [724, 726], [727, 728], [727, 738]]}}}, "src/podcast_scraper/config.py": {"executed_lines": [1, 3, 4, 5, 6, 7, 9, 10, 11, 17, 18, 22, 24, 25, 26, 27, 28, 33, 34, 35, 36, 37, 38, 43, 44, 47, 52, 67, 68, 69, 70, 71, 74, 75, 78, 81, 84, 85, 193, 194, 200, 201, 202, 203, 204, 205, 206, 207, 208, 209, 210, 211, 212, 213, 219, 220, 221, 222, 227, 228, 229, 230, 231, 233, 240, 245, 250, 258, 267, 272, 279, 284, 289, 294, 299, 305, 311, 317, 322, 328, 334, 339, 340, 341, 342, 343, 344, 347, 353, 354, 355, 356, 364, 373, 374, 379, 384, 390, 391, 395, 397, 398, 399, 400, 401, 402, 403, 405, 406, 407, 411, 412, 421, 422, 423, 427, 428, 429, 430, 431, 432, 434, 435, 436, 437, 438, 439, 440, 442, 444, 445, 446, 448, 450, 452, 453, 454, 455, 457, 459, 460, 461, 468, 472, 486, 487, 493, 494, 495, 501, 502, 503, 509, 510, 511, 517, 518, 519, 528, 529, 530, 539, 540, 541, 550, 551, 552, 561, 562, 563, 572, 573, 574, 583, 584, 585, 590, 592, 593, 594, 596, 597, 598, 600, 601, 602, 604, 606, 608, 609, 610, 614, 615, 624, 625, 626, 628, 630, 631, 632, 633, 634, 635, 636, 638, 639, 640, 642, 643, 644, 649, 651, 653, 655, 656, 657, 658, 659, 660, 661, 664, 666, 667, 668, 669, 671, 672, 675, 677, 678, 679, 680, 682, 683, 686, 688, 690, 691, 692, 693, 695, 697, 698, 701, 702, 703, 704, 706, 708, 709, 712, 713, 714, 715, 717, 718, 721, 723, 725, 726, 727, 728, 730, 731, 734, 736, 738, 739, 740, 741, 743, 744, 747, 749, 751, 752, 753, 755, 756, 757, 759, 760, 761, 763, 764, 765, 767, 768, 769, 771, 773, 774, 776, 778, 779, 780, 782, 783, 787, 788, 789, 791, 792, 816, 817, 818, 820, 821, 823, 824, 825, 826, 828, 829, 830, 832, 833, 835, 836, 838, 840, 841, 842, 844, 846, 847, 849, 851, 852, 853, 855, 857, 858, 860, 862, 863, 864, 866, 867, 868, 869, 871, 873, 874, 875, 887, 888, 890, 891, 892, 893, 894, 895, 896, 898, 899, 900, 905, 907, 908, 909, 911, 912, 913, 915, 916, 917, 919, 920, 921, 922, 925, 927, 929, 930, 931, 933, 934, 935, 936, 939, 941, 943, 944, 945, 947, 948, 949, 950, 952, 954, 956, 957, 958, 960, 962, 963, 966, 968, 970, 971, 972, 974, 976, 977, 980, 982, 984, 985, 986, 988, 990, 991, 994, 996, 998, 999, 1000, 1012, 1013, 1014, 1016, 1017, 1026, 1027, 1028, 1030, 1031, 1032, 1033, 1035, 1036, 1062, 1063, 1070, 1071, 1072, 1081, 1082, 1083, 1091, 1092, 1093, 1100, 1101, 1110, 1111, 1118, 1119, 1128, 1129, 1134, 1137], "summary": {"covered_lines": 452, "num_statements": 649, "percent_covered": 64.99454743729552, "percent_covered_display": "64.99", "missing_lines": 197, "excluded_lines": 0, "num_branches": 268, "num_partial_branches": 64, "covered_branches": 144, "missing_branches": 124}, "missing_lines": [19, 413, 414, 416, 417, 418, 425, 441, 449, 456, 469, 473, 475, 480, 482, 488, 489, 490, 496, 497, 498, 504, 505, 506, 512, 513, 514, 520, 521, 522, 523, 524, 525, 531, 532, 533, 534, 535, 536, 542, 543, 544, 545, 546, 547, 553, 554, 555, 556, 557, 558, 564, 565, 566, 567, 568, 569, 575, 576, 577, 578, 579, 580, 586, 587, 588, 605, 616, 617, 619, 620, 621, 645, 650, 652, 662, 663, 670, 673, 674, 681, 684, 685, 687, 694, 696, 699, 705, 707, 710, 716, 719, 720, 722, 729, 732, 733, 735, 742, 745, 746, 748, 772, 775, 784, 785, 793, 794, 795, 796, 801, 802, 803, 804, 808, 812, 813, 814, 837, 845, 848, 856, 859, 870, 877, 878, 879, 880, 881, 882, 883, 884, 885, 923, 924, 926, 937, 938, 940, 951, 953, 961, 964, 965, 967, 975, 978, 979, 981, 989, 992, 993, 995, 1002, 1003, 1004, 1005, 1006, 1007, 1008, 1009, 1010, 1018, 1019, 1020, 1021, 1022, 1023, 1024, 1210, 1211, 1213, 1214, 1215, 1216, 1217, 1219, 1220, 1222, 1223, 1224, 1225, 1226, 1228, 1229, 1230, 1231, 1232, 1233, 1234, 1235, 1236, 1237, 1239, 1241, 1242, 1244], "excluded_lines": [], "executed_branches": [[18, 22], [400, 401], [400, 402], [412, 421], [421, 422], [430, 431], [430, 432], [437, 438], [437, 439], [440, 442], [448, 450], [455, 457], [468, 472], [472, 486], [487, 493], [493, 494], [493, 501], [495, 501], [501, 502], [501, 509], [503, 509], [509, 510], [509, 517], [511, 517], [517, 518], [517, 528], [519, 528], [528, 529], [528, 539], [530, 539], [539, 540], [539, 550], [541, 550], [550, 551], [550, 561], [552, 561], [561, 562], [563, 572], [572, 573], [572, 583], [574, 583], [583, 584], [583, 590], [585, 590], [596, 597], [596, 598], [604, 606], [615, 624], [624, 625], [624, 628], [633, 634], [633, 635], [642, 643], [642, 644], [644, 649], [649, 651], [651, 653], [658, 659], [658, 660], [669, 671], [680, 682], [686, 688], [693, 695], [695, 697], [697, 698], [704, 706], [706, 708], [708, 709], [715, 717], [721, 723], [728, 730], [734, 736], [741, 743], [747, 749], [755, 756], [755, 757], [763, 764], [763, 765], [771, 773], [774, 776], [782, 783], [791, 792], [820, 821], [820, 823], [824, 825], [824, 826], [832, 833], [832, 835], [836, 838], [844, 846], [847, 849], [855, 857], [858, 860], [866, 867], [866, 868], [869, 871], [891, 892], [891, 893], [893, 894], [893, 895], [895, 896], [895, 898], [898, 899], [898, 905], [911, 912], [911, 913], [919, 920], [919, 921], [925, 927], [933, 934], [933, 935], [939, 941], [947, 948], [947, 949], [950, 952], [952, 954], [960, 962], [966, 968], [974, 976], [980, 982], [988, 990], [994, 996], [1016, 1017], [1030, 1031], [1030, 1032], [1062, 1063], [1062, 1070], [1070, 1071], [1071, 1072], [1071, 1081], [1081, 1082], [1082, 1083], [1082, 1091], [1091, 1092], [1092, 1093], [1092, 1100], [1100, 1101], [1100, 1110], [1110, 1111], [1110, 1118], [1118, 1119], [1118, 1128], [1128, 1129], [1128, 1134]], "missing_branches": [[18, 19], [412, 413], [414, 416], [414, 421], [416, 417], [416, 418], [421, 425], [440, 441], [448, 449], [455, 456], [468, 469], [472, 473], [487, 488], [489, 490], [489, 493], [495, 496], [497, 498], [497, 501], [503, 504], [505, 506], [505, 509], [511, 512], [513, 514], [513, 517], [519, 520], [522, 523], [522, 528], [530, 531], [533, 534], [533, 539], [541, 542], [544, 545], [544, 550], [552, 553], [555, 556], [555, 561], [561, 572], [563, 564], [566, 567], [566, 572], [574, 575], [577, 578], [577, 583], [585, 586], [587, 588], [587, 590], [604, 605], [615, 616], [617, 619], [617, 624], [619, 620], [619, 621], [644, 645], [649, 650], [651, 652], [669, 670], [680, 681], [686, 687], [693, 694], [695, 696], [697, 699], [704, 705], [706, 707], [708, 710], [715, 716], [721, 722], [728, 729], [734, 735], [741, 742], [747, 748], [771, 772], [774, 775], [782, 784], [791, 793], [793, 794], [793, 795], [795, 796], [795, 801], [801, 802], [801, 803], [803, 804], [803, 808], [812, 813], [812, 814], [836, 837], [844, 845], [847, 848], [855, 856], [858, 859], [869, 870], [877, 878], [877, 879], [883, 884], [883, 885], [925, 926], [939, 940], [950, 951], [952, 953], [960, 961], [966, 967], [974, 975], [980, 981], [988, 989], [994, 995], [1002, 1003], [1002, 1004], [1008, 1009], [1008, 1010], [1016, 1018], [1022, 1023], [1022, 1024], [1070, 1081], [1081, 1091], [1091, 1100], [1210, 1211], [1210, 1213], [1219, 1220], [1219, 1222], [1228, 1229], [1228, 1233], [1233, 1234], [1233, 1239], [1241, 1242], [1241, 1244]], "functions": {"Config._strip_rss": {"executed_lines": [400, 401, 402, 403], "summary": {"covered_lines": 4, "num_statements": 4, "percent_covered": 100.0, "percent_covered_display": "100.00", "missing_lines": 0, "excluded_lines": 0, "num_branches": 2, "num_partial_branches": 0, "covered_branches": 2, "missing_branches": 0}, "missing_lines": [], "excluded_lines": [], "executed_branches": [[400, 401], [400, 402]], "missing_branches": []}, "Config._load_output_dir_from_env": {"executed_lines": [411, 412, 421, 422, 423], "summary": {"covered_lines": 5, "num_statements": 11, "percent_covered": 36.8421052631579, "percent_covered_display": "36.84", "missing_lines": 6, "excluded_lines": 0, "num_branches": 8, "num_partial_branches": 2, "covered_branches": 2, "missing_branches": 6}, "missing_lines": [413, 414, 416, 417, 418, 425], "excluded_lines": [], "executed_branches": [[412, 421], [421, 422]], "missing_branches": [[412, 413], [414, 416], [414, 421], [416, 417], [416, 418], [421, 425]]}, "Config._coerce_string": {"executed_lines": [430, 431, 432], "summary": {"covered_lines": 3, "num_statements": 3, "percent_covered": 100.0, "percent_covered_display": "100.00", "missing_lines": 0, "excluded_lines": 0, "num_branches": 2, "num_partial_branches": 0, "covered_branches": 2, "missing_branches": 0}, "missing_lines": [], "excluded_lines": [], "executed_branches": [[430, 431], [430, 432]], "missing_branches": []}, "Config._coerce_user_agent": {"executed_lines": [437, 438, 439, 440, 442], "summary": {"covered_lines": 5, "num_statements": 6, "percent_covered": 80.0, "percent_covered_display": "80.00", "missing_lines": 1, "excluded_lines": 0, "num_branches": 4, "num_partial_branches": 1, "covered_branches": 3, "missing_branches": 1}, "missing_lines": [441], "excluded_lines": [], "executed_branches": [[437, 438], [437, 439], [440, 442]], "missing_branches": [[440, 441]]}, "Config._validate_user_agent": {"executed_lines": [448, 450], "summary": {"covered_lines": 2, "num_statements": 3, "percent_covered": 60.0, "percent_covered_display": "60.00", "missing_lines": 1, "excluded_lines": 0, "num_branches": 2, "num_partial_branches": 1, "covered_branches": 1, "missing_branches": 1}, "missing_lines": [449], "excluded_lines": [], "executed_branches": [[448, 450]], "missing_branches": [[448, 449]]}, "Config._validate_whisper_model": {"executed_lines": [455, 457], "summary": {"covered_lines": 2, "num_statements": 3, "percent_covered": 60.0, "percent_covered_display": "60.00", "missing_lines": 1, "excluded_lines": 0, "num_branches": 2, "num_partial_branches": 1, "covered_branches": 1, "missing_branches": 1}, "missing_lines": [456], "excluded_lines": [], "executed_branches": [[455, 457]], "missing_branches": [[455, 456]]}, "Config._preprocess_config_data": {"executed_lines": [468, 472, 486, 487, 493, 494, 495, 501, 502, 503, 509, 510, 511, 517, 518, 519, 528, 529, 530, 539, 540, 541, 550, 551, 552, 561, 562, 563, 572, 573, 574, 583, 584, 585, 590], "summary": {"covered_lines": 35, "num_statements": 91, "percent_covered": 42.138364779874216, "percent_covered_display": "42.14", "missing_lines": 56, "excluded_lines": 0, "num_branches": 68, "num_partial_branches": 14, "covered_branches": 32, "missing_branches": 36}, "missing_lines": [469, 473, 475, 480, 482, 488, 489, 490, 496, 497, 498, 504, 505, 506, 512, 513, 514, 520, 521, 522, 523, 524, 525, 531, 532, 533, 534, 535, 536, 542, 543, 544, 545, 546, 547, 553, 554, 555, 556, 557, 558, 564, 565, 566, 567, 568, 569, 575, 576, 577, 578, 579, 580, 586, 587, 588], "excluded_lines": [], "executed_branches": [[468, 472], [472, 486], [487, 493], [493, 494], [493, 501], [495, 501], [501, 502], [501, 509], [503, 509], [509, 510], [509, 517], [511, 517], [517, 518], [517, 528], [519, 528], [528, 529], [528, 539], [530, 539], [539, 540], [539, 550], [541, 550], [550, 551], [550, 561], [552, 561], [561, 562], [563, 572], [572, 573], [572, 583], [574, 583], [583, 584], [583, 590], [585, 590]], "missing_branches": [[468, 469], [472, 473], [487, 488], [489, 490], [489, 493], [495, 496], [497, 498], [497, 501], [503, 504], [505, 506], [505, 509], [511, 512], [513, 514], [513, 517], [519, 520], [522, 523], [522, 528], [530, 531], [533, 534], [533, 539], [541, 542], [544, 545], [544, 550], [552, 553], [555, 556], [555, 561], [561, 572], [563, 564], [566, 567], [566, 572], [574, 575], [577, 578], [577, 583], [585, 586], [587, 588], [587, 590]]}, "Config._normalize_log_level": {"executed_lines": [596, 597, 598], "summary": {"covered_lines": 3, "num_statements": 3, "percent_covered": 100.0, "percent_covered_display": "100.00", "missing_lines": 0, "excluded_lines": 0, "num_branches": 2, "num_partial_branches": 0, "covered_branches": 2, "missing_branches": 0}, "missing_lines": [], "excluded_lines": [], "executed_branches": [[596, 597], [596, 598]], "missing_branches": []}, "Config._validate_log_level": {"executed_lines": [604, 606], "summary": {"covered_lines": 2, "num_statements": 3, "percent_covered": 60.0, "percent_covered_display": "60.00", "missing_lines": 1, "excluded_lines": 0, "num_branches": 2, "num_partial_branches": 1, "covered_branches": 1, "missing_branches": 1}, "missing_lines": [605], "excluded_lines": [], "executed_branches": [[604, 606]], "missing_branches": [[604, 605]]}, "Config._load_log_file_from_env": {"executed_lines": [614, 615, 624, 625, 626, 628], "summary": {"covered_lines": 6, "num_statements": 11, "percent_covered": 47.36842105263158, "percent_covered_display": "47.37", "missing_lines": 5, "excluded_lines": 0, "num_branches": 8, "num_partial_branches": 1, "covered_branches": 3, "missing_branches": 5}, "missing_lines": [616, 617, 619, 620, 621], "excluded_lines": [], "executed_branches": [[615, 624], [624, 625], [624, 628]], "missing_branches": [[615, 616], [617, 619], [617, 624], [619, 620], [619, 621]]}, "Config._strip_run_id": {"executed_lines": [633, 634, 635, 636], "summary": {"covered_lines": 4, "num_statements": 4, "percent_covered": 100.0, "percent_covered_display": "100.00", "missing_lines": 0, "excluded_lines": 0, "num_branches": 2, "num_partial_branches": 0, "covered_branches": 2, "missing_branches": 0}, "missing_lines": [], "excluded_lines": [], "executed_branches": [[633, 634], [633, 635]], "missing_branches": []}, "Config._validate_run_id": {"executed_lines": [642, 643, 644, 649, 651, 653], "summary": {"covered_lines": 6, "num_statements": 9, "percent_covered": 64.70588235294117, "percent_covered_display": "64.71", "missing_lines": 3, "excluded_lines": 0, "num_branches": 8, "num_partial_branches": 3, "covered_branches": 5, "missing_branches": 3}, "missing_lines": [645, 650, 652], "excluded_lines": [], "executed_branches": [[642, 643], [642, 644], [644, 649], [649, 651], [651, 653]], "missing_branches": [[644, 645], [649, 650], [651, 652]]}, "Config._coerce_max_episodes": {"executed_lines": [658, 659, 660, 661, 664], "summary": {"covered_lines": 5, "num_statements": 7, "percent_covered": 77.77777777777777, "percent_covered_display": "77.78", "missing_lines": 2, "excluded_lines": 0, "num_branches": 2, "num_partial_branches": 0, "covered_branches": 2, "missing_branches": 0}, "missing_lines": [662, 663], "excluded_lines": [], "executed_branches": [[658, 659], [658, 660]], "missing_branches": []}, "Config._ensure_timeout": {"executed_lines": [669, 671, 672, 675], "summary": {"covered_lines": 4, "num_statements": 7, "percent_covered": 55.55555555555556, "percent_covered_display": "55.56", "missing_lines": 3, "excluded_lines": 0, "num_branches": 2, "num_partial_branches": 1, "covered_branches": 1, "missing_branches": 1}, "missing_lines": [670, 673, 674], "excluded_lines": [], "executed_branches": [[669, 671]], "missing_branches": [[669, 670]]}, "Config._ensure_delay_ms": {"executed_lines": [680, 682, 683, 686, 688], "summary": {"covered_lines": 5, "num_statements": 9, "percent_covered": 53.84615384615385, "percent_covered_display": "53.85", "missing_lines": 4, "excluded_lines": 0, "num_branches": 4, "num_partial_branches": 2, "covered_branches": 2, "missing_branches": 2}, "missing_lines": [681, 684, 685, 687], "excluded_lines": [], "executed_branches": [[680, 682], [686, 688]], "missing_branches": [[680, 681], [686, 687]]}, "Config._coerce_prefer_types": {"executed_lines": [693, 695, 697, 698], "summary": {"covered_lines": 4, "num_statements": 7, "percent_covered": 53.84615384615385, "percent_covered_display": "53.85", "missing_lines": 3, "excluded_lines": 0, "num_branches": 6, "num_partial_branches": 3, "covered_branches": 3, "missing_branches": 3}, "missing_lines": [694, 696, 699], "excluded_lines": [], "executed_branches": [[693, 695], [695, 697], [697, 698]], "missing_branches": [[693, 694], [695, 696], [697, 699]]}, "Config._coerce_speaker_names": {"executed_lines": [704, 706, 708, 709], "summary": {"covered_lines": 4, "num_statements": 7, "percent_covered": 53.84615384615385, "percent_covered_display": "53.85", "missing_lines": 3, "excluded_lines": 0, "num_branches": 6, "num_partial_branches": 3, "covered_branches": 3, "missing_branches": 3}, "missing_lines": [705, 707, 710], "excluded_lines": [], "executed_branches": [[704, 706], [706, 708], [708, 709]], "missing_branches": [[704, 705], [706, 707], [708, 710]]}, "Config._ensure_screenplay_gap": {"executed_lines": [715, 717, 718, 721, 723], "summary": {"covered_lines": 5, "num_statements": 9, "percent_covered": 53.84615384615385, "percent_covered_display": "53.85", "missing_lines": 4, "excluded_lines": 0, "num_branches": 4, "num_partial_branches": 2, "covered_branches": 2, "missing_branches": 2}, "missing_lines": [716, 719, 720, 722], "excluded_lines": [], "executed_branches": [[715, 717], [721, 723]], "missing_branches": [[715, 716], [721, 722]]}, "Config._ensure_num_speakers": {"executed_lines": [728, 730, 731, 734, 736], "summary": {"covered_lines": 5, "num_statements": 9, "percent_covered": 53.84615384615385, "percent_covered_display": "53.85", "missing_lines": 4, "excluded_lines": 0, "num_branches": 4, "num_partial_branches": 2, "covered_branches": 2, "missing_branches": 2}, "missing_lines": [729, 732, 733, 735], "excluded_lines": [], "executed_branches": [[728, 730], [734, 736]], "missing_branches": [[728, 729], [734, 735]]}, "Config._ensure_workers": {"executed_lines": [741, 743, 744, 747, 749], "summary": {"covered_lines": 5, "num_statements": 9, "percent_covered": 53.84615384615385, "percent_covered_display": "53.85", "missing_lines": 4, "excluded_lines": 0, "num_branches": 4, "num_partial_branches": 2, "covered_branches": 2, "missing_branches": 2}, "missing_lines": [742, 745, 746, 748], "excluded_lines": [], "executed_branches": [[741, 743], [747, 749]], "missing_branches": [[741, 742], [747, 748]]}, "Config._normalize_language": {"executed_lines": [755, 756, 757], "summary": {"covered_lines": 3, "num_statements": 3, "percent_covered": 100.0, "percent_covered_display": "100.00", "missing_lines": 0, "excluded_lines": 0, "num_branches": 2, "num_partial_branches": 0, "covered_branches": 2, "missing_branches": 0}, "missing_lines": [], "excluded_lines": [], "executed_branches": [[755, 756], [755, 757]], "missing_branches": []}, "Config._coerce_ner_model": {"executed_lines": [763, 764, 765], "summary": {"covered_lines": 3, "num_statements": 3, "percent_covered": 100.0, "percent_covered_display": "100.00", "missing_lines": 0, "excluded_lines": 0, "num_branches": 2, "num_partial_branches": 0, "covered_branches": 2, "missing_branches": 0}, "missing_lines": [], "excluded_lines": [], "executed_branches": [[763, 764], [763, 765]], "missing_branches": []}, "Config._validate_metadata_format": {"executed_lines": [771, 773, 774, 776], "summary": {"covered_lines": 4, "num_statements": 6, "percent_covered": 60.0, "percent_covered_display": "60.00", "missing_lines": 2, "excluded_lines": 0, "num_branches": 4, "num_partial_branches": 2, "covered_branches": 2, "missing_branches": 2}, "missing_lines": [772, 775], "excluded_lines": [], "executed_branches": [[771, 773], [774, 776]], "missing_branches": [[771, 772], [774, 775]]}, "Config._strip_metadata_subdirectory": {"executed_lines": [782, 783], "summary": {"covered_lines": 2, "num_statements": 4, "percent_covered": 50.0, "percent_covered_display": "50.00", "missing_lines": 2, "excluded_lines": 0, "num_branches": 2, "num_partial_branches": 1, "covered_branches": 1, "missing_branches": 1}, "missing_lines": [784, 785], "excluded_lines": [], "executed_branches": [[782, 783]], "missing_branches": [[782, 784]]}, "Config._validate_metadata_subdirectory": {"executed_lines": [791, 792], "summary": {"covered_lines": 2, "num_statements": 14, "percent_covered": 11.538461538461538, "percent_covered_display": "11.54", "missing_lines": 12, "excluded_lines": 0, "num_branches": 12, "num_partial_branches": 1, "covered_branches": 1, "missing_branches": 11}, "missing_lines": [793, 794, 795, 796, 801, 802, 803, 804, 808, 812, 813, 814], "excluded_lines": [], "executed_branches": [[791, 792]], "missing_branches": [[791, 793], [793, 794], [793, 795], [795, 796], [795, 801], [801, 802], [801, 803], [803, 804], [803, 808], [812, 813], [812, 814]]}, "Config._load_openai_api_key_from_env": {"executed_lines": [820, 821, 823, 824, 825, 826], "summary": {"covered_lines": 6, "num_statements": 6, "percent_covered": 100.0, "percent_covered_display": "100.00", "missing_lines": 0, "excluded_lines": 0, "num_branches": 4, "num_partial_branches": 0, "covered_branches": 4, "missing_branches": 0}, "missing_lines": [], "excluded_lines": [], "executed_branches": [[820, 821], [820, 823], [824, 825], [824, 826]], "missing_branches": []}, "Config._load_openai_api_base_from_env": {"executed_lines": [832, 833, 835, 836, 838], "summary": {"covered_lines": 5, "num_statements": 6, "percent_covered": 80.0, "percent_covered_display": "80.00", "missing_lines": 1, "excluded_lines": 0, "num_branches": 4, "num_partial_branches": 1, "covered_branches": 3, "missing_branches": 1}, "missing_lines": [837], "excluded_lines": [], "executed_branches": [[832, 833], [832, 835], [836, 838]], "missing_branches": [[836, 837]]}, "Config._validate_speaker_detector_provider": {"executed_lines": [844, 846, 847, 849], "summary": {"covered_lines": 4, "num_statements": 6, "percent_covered": 60.0, "percent_covered_display": "60.00", "missing_lines": 2, "excluded_lines": 0, "num_branches": 4, "num_partial_branches": 2, "covered_branches": 2, "missing_branches": 2}, "missing_lines": [845, 848], "excluded_lines": [], "executed_branches": [[844, 846], [847, 849]], "missing_branches": [[844, 845], [847, 848]]}, "Config._validate_transcription_provider": {"executed_lines": [855, 857, 858, 860], "summary": {"covered_lines": 4, "num_statements": 6, "percent_covered": 60.0, "percent_covered_display": "60.00", "missing_lines": 2, "excluded_lines": 0, "num_branches": 4, "num_partial_branches": 2, "covered_branches": 2, "missing_branches": 2}, "missing_lines": [856, 859], "excluded_lines": [], "executed_branches": [[855, 857], [858, 860]], "missing_branches": [[855, 856], [858, 859]]}, "Config._validate_summary_provider": {"executed_lines": [866, 867, 868, 869, 871], "summary": {"covered_lines": 5, "num_statements": 6, "percent_covered": 80.0, "percent_covered_display": "80.00", "missing_lines": 1, "excluded_lines": 0, "num_branches": 4, "num_partial_branches": 1, "covered_branches": 3, "missing_branches": 1}, "missing_lines": [870], "excluded_lines": [], "executed_branches": [[866, 867], [866, 868], [869, 871]], "missing_branches": [[869, 870]]}, "Config._validate_openai_temperature": {"executed_lines": [], "summary": {"covered_lines": 0, "num_statements": 9, "percent_covered": 0.0, "percent_covered_display": "0.00", "missing_lines": 9, "excluded_lines": 0, "num_branches": 4, "num_partial_branches": 0, "covered_branches": 0, "missing_branches": 4}, "missing_lines": [877, 878, 879, 880, 881, 882, 883, 884, 885], "excluded_lines": [], "executed_branches": [], "missing_branches": [[877, 878], [877, 879], [883, 884], [883, 885]]}, "Config._validate_openai_provider_requirements": {"executed_lines": [890, 891, 892, 893, 894, 895, 896, 898, 899, 900, 905], "summary": {"covered_lines": 11, "num_statements": 11, "percent_covered": 100.0, "percent_covered_display": "100.00", "missing_lines": 0, "excluded_lines": 0, "num_branches": 8, "num_partial_branches": 0, "covered_branches": 8, "missing_branches": 0}, "missing_lines": [], "excluded_lines": [], "executed_branches": [[891, 892], [891, 893], [893, 894], [893, 895], [895, 896], [895, 898], [898, 899], [898, 905]], "missing_branches": []}, "Config._coerce_summary_model": {"executed_lines": [911, 912, 913], "summary": {"covered_lines": 3, "num_statements": 3, "percent_covered": 100.0, "percent_covered_display": "100.00", "missing_lines": 0, "excluded_lines": 0, "num_branches": 2, "num_partial_branches": 0, "covered_branches": 2, "missing_branches": 0}, "missing_lines": [], "excluded_lines": [], "executed_branches": [[911, 912], [911, 913]], "missing_branches": []}, "Config._ensure_summary_max_length": {"executed_lines": [919, 920, 921, 922, 925, 927], "summary": {"covered_lines": 6, "num_statements": 9, "percent_covered": 69.23076923076923, "percent_covered_display": "69.23", "missing_lines": 3, "excluded_lines": 0, "num_branches": 4, "num_partial_branches": 1, "covered_branches": 3, "missing_branches": 1}, "missing_lines": [923, 924, 926], "excluded_lines": [], "executed_branches": [[919, 920], [919, 921], [925, 927]], "missing_branches": [[925, 926]]}, "Config._ensure_summary_min_length": {"executed_lines": [933, 934, 935, 936, 939, 941], "summary": {"covered_lines": 6, "num_statements": 9, "percent_covered": 69.23076923076923, "percent_covered_display": "69.23", "missing_lines": 3, "excluded_lines": 0, "num_branches": 4, "num_partial_branches": 1, "covered_branches": 3, "missing_branches": 1}, "missing_lines": [937, 938, 940], "excluded_lines": [], "executed_branches": [[933, 934], [933, 935], [939, 941]], "missing_branches": [[939, 940]]}, "Config._coerce_summary_device": {"executed_lines": [947, 948, 949, 950, 952, 954], "summary": {"covered_lines": 6, "num_statements": 8, "percent_covered": 71.42857142857143, "percent_covered_display": "71.43", "missing_lines": 2, "excluded_lines": 0, "num_branches": 6, "num_partial_branches": 2, "covered_branches": 4, "missing_branches": 2}, "missing_lines": [951, 953], "excluded_lines": [], "executed_branches": [[947, 948], [947, 949], [950, 952], [952, 954]], "missing_branches": [[950, 951], [952, 953]]}, "Config._ensure_transcription_parallelism": {"executed_lines": [960, 962, 963, 966, 968], "summary": {"covered_lines": 5, "num_statements": 9, "percent_covered": 53.84615384615385, "percent_covered_display": "53.85", "missing_lines": 4, "excluded_lines": 0, "num_branches": 4, "num_partial_branches": 2, "covered_branches": 2, "missing_branches": 2}, "missing_lines": [961, 964, 965, 967], "excluded_lines": [], "executed_branches": [[960, 962], [966, 968]], "missing_branches": [[960, 961], [966, 967]]}, "Config._ensure_processing_parallelism": {"executed_lines": [974, 976, 977, 980, 982], "summary": {"covered_lines": 5, "num_statements": 9, "percent_covered": 53.84615384615385, "percent_covered_display": "53.85", "missing_lines": 4, "excluded_lines": 0, "num_branches": 4, "num_partial_branches": 2, "covered_branches": 2, "missing_branches": 2}, "missing_lines": [975, 978, 979, 981], "excluded_lines": [], "executed_branches": [[974, 976], [980, 982]], "missing_branches": [[974, 975], [980, 981]]}, "Config._ensure_batch_size": {"executed_lines": [988, 990, 991, 994, 996], "summary": {"covered_lines": 5, "num_statements": 9, "percent_covered": 53.84615384615385, "percent_covered_display": "53.85", "missing_lines": 4, "excluded_lines": 0, "num_branches": 4, "num_partial_branches": 2, "covered_branches": 2, "missing_branches": 2}, "missing_lines": [989, 992, 993, 995], "excluded_lines": [], "executed_branches": [[988, 990], [994, 996]], "missing_branches": [[988, 989], [994, 995]]}, "Config._ensure_chunk_parallelism": {"executed_lines": [], "summary": {"covered_lines": 0, "num_statements": 9, "percent_covered": 0.0, "percent_covered_display": "0.00", "missing_lines": 9, "excluded_lines": 0, "num_branches": 4, "num_partial_branches": 0, "covered_branches": 0, "missing_branches": 4}, "missing_lines": [1002, 1003, 1004, 1005, 1006, 1007, 1008, 1009, 1010], "excluded_lines": [], "executed_branches": [], "missing_branches": [[1002, 1003], [1002, 1004], [1008, 1009], [1008, 1010]]}, "Config._coerce_chunk_size": {"executed_lines": [1016, 1017], "summary": {"covered_lines": 2, "num_statements": 9, "percent_covered": 23.076923076923077, "percent_covered_display": "23.08", "missing_lines": 7, "excluded_lines": 0, "num_branches": 4, "num_partial_branches": 1, "covered_branches": 1, "missing_branches": 3}, "missing_lines": [1018, 1019, 1020, 1021, 1022, 1023, 1024], "excluded_lines": [], "executed_branches": [[1016, 1017]], "missing_branches": [[1016, 1018], [1022, 1023], [1022, 1024]]}, "Config._coerce_cache_dir": {"executed_lines": [1030, 1031, 1032, 1033], "summary": {"covered_lines": 4, "num_statements": 4, "percent_covered": 100.0, "percent_covered_display": "100.00", "missing_lines": 0, "excluded_lines": 0, "num_branches": 2, "num_partial_branches": 0, "covered_branches": 2, "missing_branches": 0}, "missing_lines": [], "excluded_lines": [], "executed_branches": [[1030, 1031], [1030, 1032]], "missing_branches": []}, "Config._validate_cross_field_settings": {"executed_lines": [1062, 1063, 1070, 1071, 1072, 1081, 1082, 1083, 1091, 1092, 1093, 1100, 1101, 1110, 1111, 1118, 1119, 1128, 1129, 1134], "summary": {"covered_lines": 20, "num_statements": 20, "percent_covered": 92.85714285714286, "percent_covered_display": "92.86", "missing_lines": 0, "excluded_lines": 0, "num_branches": 22, "num_partial_branches": 3, "covered_branches": 19, "missing_branches": 3}, "missing_lines": [], "excluded_lines": [], "executed_branches": [[1062, 1063], [1062, 1070], [1070, 1071], [1071, 1072], [1071, 1081], [1081, 1082], [1082, 1083], [1082, 1091], [1091, 1092], [1092, 1093], [1092, 1100], [1100, 1101], [1100, 1110], [1110, 1111], [1110, 1118], [1118, 1119], [1118, 1128], [1128, 1129], [1128, 1134]], "missing_branches": [[1070, 1081], [1081, 1091], [1091, 1100]]}, "load_config_file": {"executed_lines": [], "summary": {"covered_lines": 0, "num_statements": 28, "percent_covered": 0.0, "percent_covered_display": "0.00", "missing_lines": 28, "excluded_lines": 0, "num_branches": 10, "num_partial_branches": 0, "covered_branches": 0, "missing_branches": 10}, "missing_lines": [1210, 1211, 1213, 1214, 1215, 1216, 1217, 1219, 1220, 1222, 1223, 1224, 1225, 1226, 1228, 1229, 1230, 1231, 1232, 1233, 1234, 1235, 1236, 1237, 1239, 1241, 1242, 1244], "excluded_lines": [], "executed_branches": [], "missing_branches": [[1210, 1211], [1210, 1213], [1219, 1220], [1219, 1222], [1228, 1229], [1228, 1233], [1233, 1234], [1233, 1239], [1241, 1242], [1241, 1244]]}, "": {"executed_lines": [1, 3, 4, 5, 6, 7, 9, 10, 11, 17, 18, 22, 24, 25, 26, 27, 28, 33, 34, 35, 36, 37, 38, 43, 44, 47, 52, 67, 68, 69, 70, 71, 74, 75, 78, 81, 84, 85, 193, 194, 200, 201, 202, 203, 204, 205, 206, 207, 208, 209, 210, 211, 212, 213, 219, 220, 221, 222, 227, 228, 229, 230, 231, 233, 240, 245, 250, 258, 267, 272, 279, 284, 289, 294, 299, 305, 311, 317, 322, 328, 334, 339, 340, 341, 342, 343, 344, 347, 353, 354, 355, 356, 364, 373, 374, 379, 384, 390, 391, 395, 397, 398, 399, 405, 406, 407, 427, 428, 429, 434, 435, 436, 444, 445, 446, 452, 453, 454, 459, 460, 461, 592, 593, 594, 600, 601, 602, 608, 609, 610, 630, 631, 632, 638, 639, 640, 655, 656, 657, 666, 667, 668, 677, 678, 679, 690, 691, 692, 701, 702, 703, 712, 713, 714, 725, 726, 727, 738, 739, 740, 751, 752, 753, 759, 760, 761, 767, 768, 769, 778, 779, 780, 787, 788, 789, 816, 817, 818, 828, 829, 830, 840, 841, 842, 851, 852, 853, 862, 863, 864, 873, 874, 875, 887, 888, 907, 908, 909, 915, 916, 917, 929, 930, 931, 943, 944, 945, 956, 957, 958, 970, 971, 972, 984, 985, 986, 998, 999, 1000, 1012, 1013, 1014, 1026, 1027, 1028, 1035, 1036, 1137], "summary": {"covered_lines": 227, "num_statements": 228, "percent_covered": 99.1304347826087, "percent_covered_display": "99.13", "missing_lines": 1, "excluded_lines": 0, "num_branches": 2, "num_partial_branches": 1, "covered_branches": 1, "missing_branches": 1}, "missing_lines": [19], "excluded_lines": [], "executed_branches": [[18, 22]], "missing_branches": [[18, 19]]}}, "classes": {"Config": {"executed_lines": [400, 401, 402, 403, 411, 412, 421, 422, 423, 430, 431, 432, 437, 438, 439, 440, 442, 448, 450, 455, 457, 468, 472, 486, 487, 493, 494, 495, 501, 502, 503, 509, 510, 511, 517, 518, 519, 528, 529, 530, 539, 540, 541, 550, 551, 552, 561, 562, 563, 572, 573, 574, 583, 584, 585, 590, 596, 597, 598, 604, 606, 614, 615, 624, 625, 626, 628, 633, 634, 635, 636, 642, 643, 644, 649, 651, 653, 658, 659, 660, 661, 664, 669, 671, 672, 675, 680, 682, 683, 686, 688, 693, 695, 697, 698, 704, 706, 708, 709, 715, 717, 718, 721, 723, 728, 730, 731, 734, 736, 741, 743, 744, 747, 749, 755, 756, 757, 763, 764, 765, 771, 773, 774, 776, 782, 783, 791, 792, 820, 821, 823, 824, 825, 826, 832, 833, 835, 836, 838, 844, 846, 847, 849, 855, 857, 858, 860, 866, 867, 868, 869, 871, 890, 891, 892, 893, 894, 895, 896, 898, 899, 900, 905, 911, 912, 913, 919, 920, 921, 922, 925, 927, 933, 934, 935, 936, 939, 941, 947, 948, 949, 950, 952, 954, 960, 962, 963, 966, 968, 974, 976, 977, 980, 982, 988, 990, 991, 994, 996, 1016, 1017, 1030, 1031, 1032, 1033, 1062, 1063, 1070, 1071, 1072, 1081, 1082, 1083, 1091, 1092, 1093, 1100, 1101, 1110, 1111, 1118, 1119, 1128, 1129, 1134], "summary": {"covered_lines": 225, "num_statements": 393, "percent_covered": 56.70261941448382, "percent_covered_display": "56.70", "missing_lines": 168, "excluded_lines": 0, "num_branches": 256, "num_partial_branches": 63, "covered_branches": 143, "missing_branches": 113}, "missing_lines": [413, 414, 416, 417, 418, 425, 441, 449, 456, 469, 473, 475, 480, 482, 488, 489, 490, 496, 497, 498, 504, 505, 506, 512, 513, 514, 520, 521, 522, 523, 524, 525, 531, 532, 533, 534, 535, 536, 542, 543, 544, 545, 546, 547, 553, 554, 555, 556, 557, 558, 564, 565, 566, 567, 568, 569, 575, 576, 577, 578, 579, 580, 586, 587, 588, 605, 616, 617, 619, 620, 621, 645, 650, 652, 662, 663, 670, 673, 674, 681, 684, 685, 687, 694, 696, 699, 705, 707, 710, 716, 719, 720, 722, 729, 732, 733, 735, 742, 745, 746, 748, 772, 775, 784, 785, 793, 794, 795, 796, 801, 802, 803, 804, 808, 812, 813, 814, 837, 845, 848, 856, 859, 870, 877, 878, 879, 880, 881, 882, 883, 884, 885, 923, 924, 926, 937, 938, 940, 951, 953, 961, 964, 965, 967, 975, 978, 979, 981, 989, 992, 993, 995, 1002, 1003, 1004, 1005, 1006, 1007, 1008, 1009, 1010, 1018, 1019, 1020, 1021, 1022, 1023, 1024], "excluded_lines": [], "executed_branches": [[400, 401], [400, 402], [412, 421], [421, 422], [430, 431], [430, 432], [437, 438], [437, 439], [440, 442], [448, 450], [455, 457], [468, 472], [472, 486], [487, 493], [493, 494], [493, 501], [495, 501], [501, 502], [501, 509], [503, 509], [509, 510], [509, 517], [511, 517], [517, 518], [517, 528], [519, 528], [528, 529], [528, 539], [530, 539], [539, 540], [539, 550], [541, 550], [550, 551], [550, 561], [552, 561], [561, 562], [563, 572], [572, 573], [572, 583], [574, 583], [583, 584], [583, 590], [585, 590], [596, 597], [596, 598], [604, 606], [615, 624], [624, 625], [624, 628], [633, 634], [633, 635], [642, 643], [642, 644], [644, 649], [649, 651], [651, 653], [658, 659], [658, 660], [669, 671], [680, 682], [686, 688], [693, 695], [695, 697], [697, 698], [704, 706], [706, 708], [708, 709], [715, 717], [721, 723], [728, 730], [734, 736], [741, 743], [747, 749], [755, 756], [755, 757], [763, 764], [763, 765], [771, 773], [774, 776], [782, 783], [791, 792], [820, 821], [820, 823], [824, 825], [824, 826], [832, 833], [832, 835], [836, 838], [844, 846], [847, 849], [855, 857], [858, 860], [866, 867], [866, 868], [869, 871], [891, 892], [891, 893], [893, 894], [893, 895], [895, 896], [895, 898], [898, 899], [898, 905], [911, 912], [911, 913], [919, 920], [919, 921], [925, 927], [933, 934], [933, 935], [939, 941], [947, 948], [947, 949], [950, 952], [952, 954], [960, 962], [966, 968], [974, 976], [980, 982], [988, 990], [994, 996], [1016, 1017], [1030, 1031], [1030, 1032], [1062, 1063], [1062, 1070], [1070, 1071], [1071, 1072], [1071, 1081], [1081, 1082], [1082, 1083], [1082, 1091], [1091, 1092], [1092, 1093], [1092, 1100], [1100, 1101], [1100, 1110], [1110, 1111], [1110, 1118], [1118, 1119], [1118, 1128], [1128, 1129], [1128, 1134]], "missing_branches": [[412, 413], [414, 416], [414, 421], [416, 417], [416, 418], [421, 425], [440, 441], [448, 449], [455, 456], [468, 469], [472, 473], [487, 488], [489, 490], [489, 493], [495, 496], [497, 498], [497, 501], [503, 504], [505, 506], [505, 509], [511, 512], [513, 514], [513, 517], [519, 520], [522, 523], [522, 528], [530, 531], [533, 534], [533, 539], [541, 542], [544, 545], [544, 550], [552, 553], [555, 556], [555, 561], [561, 572], [563, 564], [566, 567], [566, 572], [574, 575], [577, 578], [577, 583], [585, 586], [587, 588], [587, 590], [604, 605], [615, 616], [617, 619], [617, 624], [619, 620], [619, 621], [644, 645], [649, 650], [651, 652], [669, 670], [680, 681], [686, 687], [693, 694], [695, 696], [697, 699], [704, 705], [706, 707], [708, 710], [715, 716], [721, 722], [728, 729], [734, 735], [741, 742], [747, 748], [771, 772], [774, 775], [782, 784], [791, 793], [793, 794], [793, 795], [795, 796], [795, 801], [801, 802], [801, 803], [803, 804], [803, 808], [812, 813], [812, 814], [836, 837], [844, 845], [847, 848], [855, 856], [858, 859], [869, 870], [877, 878], [877, 879], [883, 884], [883, 885], [925, 926], [939, 940], [950, 951], [952, 953], [960, 961], [966, 967], [974, 975], [980, 981], [988, 989], [994, 995], [1002, 1003], [1002, 1004], [1008, 1009], [1008, 1010], [1016, 1018], [1022, 1023], [1022, 1024], [1070, 1081], [1081, 1091], [1091, 1100]]}, "": {"executed_lines": [1, 3, 4, 5, 6, 7, 9, 10, 11, 17, 18, 22, 24, 25, 26, 27, 28, 33, 34, 35, 36, 37, 38, 43, 44, 47, 52, 67, 68, 69, 70, 71, 74, 75, 78, 81, 84, 85, 193, 194, 200, 201, 202, 203, 204, 205, 206, 207, 208, 209, 210, 211, 212, 213, 219, 220, 221, 222, 227, 228, 229, 230, 231, 233, 240, 245, 250, 258, 267, 272, 279, 284, 289, 294, 299, 305, 311, 317, 322, 328, 334, 339, 340, 341, 342, 343, 344, 347, 353, 354, 355, 356, 364, 373, 374, 379, 384, 390, 391, 395, 397, 398, 399, 405, 406, 407, 427, 428, 429, 434, 435, 436, 444, 445, 446, 452, 453, 454, 459, 460, 461, 592, 593, 594, 600, 601, 602, 608, 609, 610, 630, 631, 632, 638, 639, 640, 655, 656, 657, 666, 667, 668, 677, 678, 679, 690, 691, 692, 701, 702, 703, 712, 713, 714, 725, 726, 727, 738, 739, 740, 751, 752, 753, 759, 760, 761, 767, 768, 769, 778, 779, 780, 787, 788, 789, 816, 817, 818, 828, 829, 830, 840, 841, 842, 851, 852, 853, 862, 863, 864, 873, 874, 875, 887, 888, 907, 908, 909, 915, 916, 917, 929, 930, 931, 943, 944, 945, 956, 957, 958, 970, 971, 972, 984, 985, 986, 998, 999, 1000, 1012, 1013, 1014, 1026, 1027, 1028, 1035, 1036, 1137], "summary": {"covered_lines": 227, "num_statements": 256, "percent_covered": 85.07462686567165, "percent_covered_display": "85.07", "missing_lines": 29, "excluded_lines": 0, "num_branches": 12, "num_partial_branches": 1, "covered_branches": 1, "missing_branches": 11}, "missing_lines": [19, 1210, 1211, 1213, 1214, 1215, 1216, 1217, 1219, 1220, 1222, 1223, 1224, 1225, 1226, 1228, 1229, 1230, 1231, 1232, 1233, 1234, 1235, 1236, 1237, 1239, 1241, 1242, 1244], "excluded_lines": [], "executed_branches": [[18, 22]], "missing_branches": [[18, 19], [1210, 1211], [1210, 1213], [1219, 1220], [1219, 1222], [1228, 1229], [1228, 1233], [1233, 1234], [1233, 1239], [1241, 1242], [1241, 1244]]}}}, "src/podcast_scraper/downloader.py": {"executed_lines": [1, 3, 5, 6, 7, 8, 9, 10, 12, 13, 14, 15, 17, 18, 20, 22, 23, 24, 25, 26, 27, 29, 30, 31, 34, 42, 44, 45, 46, 48, 49, 52, 55, 56, 66, 76, 77, 78, 79, 82, 96, 107, 110, 139, 147, 184], "summary": {"covered_lines": 45, "num_statements": 132, "percent_covered": 31.333333333333332, "percent_covered_display": "31.33", "missing_lines": 87, "excluded_lines": 4, "num_branches": 18, "num_partial_branches": 0, "covered_branches": 2, "missing_branches": 16}, "missing_lines": [36, 37, 57, 58, 59, 60, 64, 83, 84, 85, 86, 87, 88, 89, 90, 92, 93, 97, 98, 99, 100, 104, 114, 115, 116, 117, 118, 125, 126, 127, 133, 134, 135, 136, 144, 149, 150, 151, 152, 153, 154, 155, 156, 157, 158, 159, 161, 168, 169, 170, 171, 172, 173, 174, 176, 177, 178, 179, 181, 188, 189, 190, 191, 192, 193, 194, 195, 196, 197, 199, 200, 202, 210, 211, 218, 219, 220, 221, 222, 223, 224, 225, 226, 227, 228, 229, 231], "excluded_lines": [38, 39, 102, 103], "executed_branches": [[45, 46], [45, 48]], "missing_branches": [[84, 85], [84, 92], [98, 99], [98, 104], [150, 151], [150, 153], [170, 171], [170, 176], [171, 172], [171, 173], [189, 190], [189, 192], [218, 219], [218, 225], [219, 220], [219, 221]], "functions": {"should_log_download_summary": {"executed_lines": [], "summary": {"covered_lines": 0, "num_statements": 2, "percent_covered": 0.0, "percent_covered_display": "0.00", "missing_lines": 2, "excluded_lines": 2, "num_branches": 0, "num_partial_branches": 0, "covered_branches": 0, "missing_branches": 0}, "missing_lines": [36, 37], "excluded_lines": [38, 39], "executed_branches": [], "missing_branches": []}, "normalize_url": {"executed_lines": [44, 45, 46, 48, 49], "summary": {"covered_lines": 5, "num_statements": 5, "percent_covered": 100.0, "percent_covered_display": "100.00", "missing_lines": 0, "excluded_lines": 0, "num_branches": 2, "num_partial_branches": 0, "covered_branches": 2, "missing_branches": 0}, "missing_lines": [], "excluded_lines": [], "executed_branches": [[45, 46], [45, 48]], "missing_branches": []}, "_configure_http_session": {"executed_lines": [55, 56, 66, 76, 77, 78, 79], "summary": {"covered_lines": 7, "num_statements": 7, "percent_covered": 100.0, "percent_covered_display": "100.00", "missing_lines": 0, "excluded_lines": 0, "num_branches": 0, "num_partial_branches": 0, "covered_branches": 0, "missing_branches": 0}, "missing_lines": [], "excluded_lines": [], "executed_branches": [], "missing_branches": []}, "_configure_http_session.LoggingRetry.increment": {"executed_lines": [], "summary": {"covered_lines": 0, "num_statements": 5, "percent_covered": 0.0, "percent_covered_display": "0.00", "missing_lines": 5, "excluded_lines": 0, "num_branches": 0, "num_partial_branches": 0, "covered_branches": 0, "missing_branches": 0}, "missing_lines": [57, 58, 59, 60, 64], "excluded_lines": [], "executed_branches": [], "missing_branches": []}, "_get_thread_request_session": {"executed_lines": [], "summary": {"covered_lines": 0, "num_statements": 10, "percent_covered": 0.0, "percent_covered_display": "0.00", "missing_lines": 10, "excluded_lines": 0, "num_branches": 2, "num_partial_branches": 0, "covered_branches": 0, "missing_branches": 2}, "missing_lines": [83, 84, 85, 86, 87, 88, 89, 90, 92, 93], "excluded_lines": [], "executed_branches": [], "missing_branches": [[84, 85], [84, 92]]}, "_close_all_sessions": {"executed_lines": [], "summary": {"covered_lines": 0, "num_statements": 5, "percent_covered": 0.0, "percent_covered_display": "0.00", "missing_lines": 5, "excluded_lines": 2, "num_branches": 2, "num_partial_branches": 0, "covered_branches": 0, "missing_branches": 2}, "missing_lines": [97, 98, 99, 100, 104], "excluded_lines": [102, 103], "executed_branches": [], "missing_branches": [[98, 99], [98, 104]]}, "_open_http_request": {"executed_lines": [], "summary": {"covered_lines": 0, "num_statements": 12, "percent_covered": 0.0, "percent_covered_display": "0.00", "missing_lines": 12, "excluded_lines": 0, "num_branches": 0, "num_partial_branches": 0, "covered_branches": 0, "missing_branches": 0}, "missing_lines": [114, 115, 116, 117, 118, 125, 126, 127, 133, 134, 135, 136], "excluded_lines": [], "executed_branches": [], "missing_branches": []}, "fetch_url": {"executed_lines": [], "summary": {"covered_lines": 0, "num_statements": 1, "percent_covered": 0.0, "percent_covered_display": "0.00", "missing_lines": 1, "excluded_lines": 0, "num_branches": 0, "num_partial_branches": 0, "covered_branches": 0, "missing_branches": 0}, "missing_lines": [144], "excluded_lines": [], "executed_branches": [], "missing_branches": []}, "http_get": {"executed_lines": [], "summary": {"covered_lines": 0, "num_statements": 24, "percent_covered": 0.0, "percent_covered_display": "0.00", "missing_lines": 24, "excluded_lines": 0, "num_branches": 6, "num_partial_branches": 0, "covered_branches": 0, "missing_branches": 6}, "missing_lines": [149, 150, 151, 152, 153, 154, 155, 156, 157, 158, 159, 161, 168, 169, 170, 171, 172, 173, 174, 176, 177, 178, 179, 181], "excluded_lines": [], "executed_branches": [], "missing_branches": [[150, 151], [150, 153], [170, 171], [170, 176], [171, 172], [171, 173]]}, "http_download_to_file": {"executed_lines": [], "summary": {"covered_lines": 0, "num_statements": 28, "percent_covered": 0.0, "percent_covered_display": "0.00", "missing_lines": 28, "excluded_lines": 0, "num_branches": 6, "num_partial_branches": 0, "covered_branches": 0, "missing_branches": 6}, "missing_lines": [188, 189, 190, 191, 192, 193, 194, 195, 196, 197, 199, 200, 202, 210, 211, 218, 219, 220, 221, 222, 223, 224, 225, 226, 227, 228, 229, 231], "excluded_lines": [], "executed_branches": [], "missing_branches": [[189, 190], [189, 192], [218, 219], [218, 225], [219, 220], [219, 221]]}, "": {"executed_lines": [1, 3, 5, 6, 7, 8, 9, 10, 12, 13, 14, 15, 17, 18, 20, 22, 23, 24, 25, 26, 27, 29, 30, 31, 34, 42, 52, 82, 96, 107, 110, 139, 147, 184], "summary": {"covered_lines": 33, "num_statements": 33, "percent_covered": 100.0, "percent_covered_display": "100.00", "missing_lines": 0, "excluded_lines": 0, "num_branches": 0, "num_partial_branches": 0, "covered_branches": 0, "missing_branches": 0}, "missing_lines": [], "excluded_lines": [], "executed_branches": [], "missing_branches": []}}, "classes": {"_configure_http_session.LoggingRetry": {"executed_lines": [], "summary": {"covered_lines": 0, "num_statements": 5, "percent_covered": 0.0, "percent_covered_display": "0.00", "missing_lines": 5, "excluded_lines": 0, "num_branches": 0, "num_partial_branches": 0, "covered_branches": 0, "missing_branches": 0}, "missing_lines": [57, 58, 59, 60, 64], "excluded_lines": [], "executed_branches": [], "missing_branches": []}, "": {"executed_lines": [1, 3, 5, 6, 7, 8, 9, 10, 12, 13, 14, 15, 17, 18, 20, 22, 23, 24, 25, 26, 27, 29, 30, 31, 34, 42, 44, 45, 46, 48, 49, 52, 55, 56, 66, 76, 77, 78, 79, 82, 96, 107, 110, 139, 147, 184], "summary": {"covered_lines": 45, "num_statements": 127, "percent_covered": 32.41379310344828, "percent_covered_display": "32.41", "missing_lines": 82, "excluded_lines": 4, "num_branches": 18, "num_partial_branches": 0, "covered_branches": 2, "missing_branches": 16}, "missing_lines": [36, 37, 83, 84, 85, 86, 87, 88, 89, 90, 92, 93, 97, 98, 99, 100, 104, 114, 115, 116, 117, 118, 125, 126, 127, 133, 134, 135, 136, 144, 149, 150, 151, 152, 153, 154, 155, 156, 157, 158, 159, 161, 168, 169, 170, 171, 172, 173, 174, 176, 177, 178, 179, 181, 188, 189, 190, 191, 192, 193, 194, 195, 196, 197, 199, 200, 202, 210, 211, 218, 219, 220, 221, 222, 223, 224, 225, 226, 227, 228, 229, 231], "excluded_lines": [38, 39, 102, 103], "executed_branches": [[45, 46], [45, 48]], "missing_branches": [[84, 85], [84, 92], [98, 99], [98, 104], [150, 151], [150, 153], [170, 171], [170, 176], [171, 172], [171, 173], [189, 190], [189, 192], [218, 219], [218, 225], [219, 220], [219, 221]]}}}, "src/podcast_scraper/episode_processor.py": {"executed_lines": [1, 3, 5, 6, 7, 8, 9, 10, 11, 12, 14, 15, 17, 19, 20, 21, 32, 33, 34, 37, 47, 48, 49, 50, 51, 52, 53, 54, 55, 56, 57, 60, 74, 75, 76, 77, 79, 80, 81, 82, 83, 85, 86, 87, 88, 89, 90, 91, 92, 93, 96, 97, 98, 99, 100, 102, 107, 108, 109, 110, 111, 112, 113, 117, 118, 119, 120, 121, 124, 145, 148, 151, 165, 166, 172, 279, 310, 338, 356, 450, 471, 472, 475, 476, 479, 496, 497, 499, 500, 503, 504, 505, 506, 507, 512, 513, 516, 540, 574, 600, 601, 618, 659], "summary": {"covered_lines": 102, "num_statements": 303, "percent_covered": 33.723653395784545, "percent_covered_display": "33.72", "missing_lines": 201, "excluded_lines": 0, "num_branches": 124, "num_partial_branches": 8, "covered_branches": 42, "missing_branches": 82}, "missing_lines": [94, 103, 104, 105, 115, 152, 158, 174, 175, 176, 177, 179, 180, 181, 187, 188, 192, 194, 195, 196, 197, 199, 202, 205, 206, 207, 208, 210, 211, 212, 213, 214, 216, 218, 219, 222, 223, 224, 225, 226, 227, 228, 229, 230, 231, 232, 233, 234, 235, 238, 239, 240, 241, 242, 243, 244, 245, 246, 247, 250, 251, 254, 255, 256, 257, 259, 260, 261, 262, 263, 264, 267, 268, 270, 292, 293, 295, 296, 297, 303, 304, 305, 306, 307, 328, 329, 330, 333, 334, 335, 346, 347, 348, 350, 351, 352, 353, 381, 382, 385, 386, 387, 389, 390, 396, 397, 398, 403, 406, 407, 408, 411, 412, 415, 416, 419, 420, 421, 422, 423, 426, 428, 431, 434, 435, 436, 439, 440, 442, 443, 444, 445, 447, 528, 533, 534, 535, 536, 537, 559, 560, 561, 563, 564, 565, 567, 568, 569, 570, 571, 603, 604, 608, 609, 610, 611, 612, 617, 620, 621, 625, 626, 632, 633, 635, 638, 639, 640, 641, 642, 645, 646, 647, 652, 653, 654, 656, 686, 688, 689, 690, 697, 700, 701, 702, 704, 705, 706, 715, 716, 717, 718, 720, 721, 724, 725, 726, 728, 729, 730, 731], "excluded_lines": [], "executed_branches": [[48, 49], [48, 53], [51, 52], [51, 53], [54, 55], [54, 57], [55, 54], [55, 56], [75, 76], [75, 77], [80, 81], [80, 83], [81, 80], [81, 82], [85, 86], [85, 96], [89, 90], [89, 91], [92, 93], [96, 97], [99, 100], [99, 102], [102, 107], [107, 108], [110, 111], [110, 113], [111, 110], [111, 112], [117, 118], [117, 121], [119, 117], [119, 120], [148, 151], [151, 165], [496, 497], [496, 499], [504, 505], [504, 513], [505, 504], [505, 506], [600, 601], [601, 618]], "missing_branches": [[92, 94], [96, 102], [102, 103], [104, 105], [104, 107], [107, 115], [148, 174], [151, 152], [174, 175], [174, 179], [180, 181], [180, 192], [207, 208], [207, 250], [212, 213], [212, 216], [223, 224], [223, 226], [226, 227], [226, 267], [239, 240], [239, 242], [242, 243], [242, 267], [255, 256], [255, 259], [259, 260], [259, 267], [267, 268], [267, 270], [293, 295], [293, 307], [303, 304], [303, 307], [328, 329], [328, 330], [346, 347], [346, 350], [381, 382], [381, 389], [396, 397], [396, 406], [406, 407], [406, 411], [411, 412], [411, 419], [420, 421], [420, 428], [439, 440], [439, 442], [534, 535], [534, 537], [559, 560], [559, 563], [600, 620], [601, 603], [609, 610], [609, 618], [610, 609], [610, 611], [625, 626], [625, 635], [639, 640], [639, 641], [646, 647], [646, 652], [653, 654], [653, 656], [688, 689], [688, 704], [700, 701], [700, 702], [704, 705], [704, 728], [715, 716], [715, 726], [716, 717], [716, 720], [724, 725], [724, 726], [729, 730], [729, 731]], "functions": {"derive_media_extension": {"executed_lines": [47, 48, 49, 50, 51, 52, 53, 54, 55, 56, 57], "summary": {"covered_lines": 11, "num_statements": 11, "percent_covered": 100.0, "percent_covered_display": "100.00", "missing_lines": 0, "excluded_lines": 0, "num_branches": 8, "num_partial_branches": 0, "covered_branches": 8, "missing_branches": 0}, "missing_lines": [], "excluded_lines": [], "executed_branches": [[48, 49], [48, 53], [51, 52], [51, 53], [54, 55], [54, 57], [55, 54], [55, 56]], "missing_branches": []}, "derive_transcript_extension": {"executed_lines": [74, 117, 118, 119, 120, 121], "summary": {"covered_lines": 6, "num_statements": 6, "percent_covered": 100.0, "percent_covered_display": "100.00", "missing_lines": 0, "excluded_lines": 0, "num_branches": 4, "num_partial_branches": 0, "covered_branches": 4, "missing_branches": 0}, "missing_lines": [], "excluded_lines": [], "executed_branches": [[117, 118], [117, 121], [119, 117], [119, 120]], "missing_branches": []}, "derive_transcript_extension._match_extension": {"executed_lines": [75, 76, 77, 79, 85, 86, 87, 88, 89, 90, 91, 92, 93, 96, 97, 98, 99, 100, 102, 107, 108, 109, 110, 111, 112, 113], "summary": {"covered_lines": 26, "num_statements": 31, "percent_covered": 79.24528301886792, "percent_covered_display": "79.25", "missing_lines": 5, "excluded_lines": 0, "num_branches": 22, "num_partial_branches": 4, "covered_branches": 16, "missing_branches": 6}, "missing_lines": [94, 103, 104, 105, 115], "excluded_lines": [], "executed_branches": [[75, 76], [75, 77], [85, 86], [85, 96], [89, 90], [89, 91], [92, 93], [96, 97], [99, 100], [99, 102], [102, 107], [107, 108], [110, 111], [110, 113], [111, 110], [111, 112]], "missing_branches": [[92, 94], [96, 102], [102, 103], [104, 105], [104, 107], [107, 115]]}, "derive_transcript_extension._match_extension._match_path": {"executed_lines": [80, 81, 82, 83], "summary": {"covered_lines": 4, "num_statements": 4, "percent_covered": 100.0, "percent_covered_display": "100.00", "missing_lines": 0, "excluded_lines": 0, "num_branches": 4, "num_partial_branches": 0, "covered_branches": 4, "missing_branches": 0}, "missing_lines": [], "excluded_lines": [], "executed_branches": [[80, 81], [80, 83], [81, 80], [81, 82]], "missing_branches": []}, "download_media_for_transcription": {"executed_lines": [145, 148, 151, 165, 166, 172], "summary": {"covered_lines": 6, "num_statements": 75, "percent_covered": 7.920792079207921, "percent_covered_display": "7.92", "missing_lines": 69, "excluded_lines": 0, "num_branches": 26, "num_partial_branches": 2, "covered_branches": 2, "missing_branches": 24}, "missing_lines": [152, 158, 174, 175, 176, 177, 179, 180, 181, 187, 188, 192, 194, 195, 196, 197, 199, 202, 205, 206, 207, 208, 210, 211, 212, 213, 214, 216, 218, 219, 222, 223, 224, 225, 226, 227, 228, 229, 230, 231, 232, 233, 234, 235, 238, 239, 240, 241, 242, 243, 244, 245, 246, 247, 250, 251, 254, 255, 256, 257, 259, 260, 261, 262, 263, 264, 267, 268, 270], "excluded_lines": [], "executed_branches": [[148, 151], [151, 165]], "missing_branches": [[148, 174], [151, 152], [174, 175], [174, 179], [180, 181], [180, 192], [207, 208], [207, 250], [212, 213], [212, 216], [223, 224], [223, 226], [226, 227], [226, 267], [239, 240], [239, 242], [242, 243], [242, 267], [255, 256], [255, 259], [259, 260], [259, 267], [267, 268], [267, 270]]}, "_format_transcript_if_needed": {"executed_lines": [], "summary": {"covered_lines": 0, "num_statements": 10, "percent_covered": 0.0, "percent_covered_display": "0.00", "missing_lines": 10, "excluded_lines": 0, "num_branches": 4, "num_partial_branches": 0, "covered_branches": 0, "missing_branches": 4}, "missing_lines": [292, 293, 295, 296, 297, 303, 304, 305, 306, 307], "excluded_lines": [], "executed_branches": [], "missing_branches": [[293, 295], [293, 307], [303, 304], [303, 307]]}, "_save_transcript_file": {"executed_lines": [], "summary": {"covered_lines": 0, "num_statements": 6, "percent_covered": 0.0, "percent_covered_display": "0.00", "missing_lines": 6, "excluded_lines": 0, "num_branches": 2, "num_partial_branches": 0, "covered_branches": 0, "missing_branches": 2}, "missing_lines": [328, 329, 330, 333, 334, 335], "excluded_lines": [], "executed_branches": [], "missing_branches": [[328, 329], [328, 330]]}, "_cleanup_temp_media": {"executed_lines": [], "summary": {"covered_lines": 0, "num_statements": 7, "percent_covered": 0.0, "percent_covered_display": "0.00", "missing_lines": 7, "excluded_lines": 0, "num_branches": 2, "num_partial_branches": 0, "covered_branches": 0, "missing_branches": 2}, "missing_lines": [346, 347, 348, 350, 351, 352, 353], "excluded_lines": [], "executed_branches": [], "missing_branches": [[346, 347], [346, 350]]}, "transcribe_media_to_text": {"executed_lines": [], "summary": {"covered_lines": 0, "num_statements": 36, "percent_covered": 0.0, "percent_covered_display": "0.00", "missing_lines": 36, "excluded_lines": 0, "num_branches": 12, "num_partial_branches": 0, "covered_branches": 0, "missing_branches": 12}, "missing_lines": [381, 382, 385, 386, 387, 389, 390, 396, 397, 398, 403, 406, 407, 408, 411, 412, 415, 416, 419, 420, 421, 422, 423, 426, 428, 431, 434, 435, 436, 439, 440, 442, 443, 444, 445, 447], "excluded_lines": [], "executed_branches": [], "missing_branches": [[381, 382], [381, 389], [396, 397], [396, 406], [406, 407], [406, 411], [411, 412], [411, 419], [420, 421], [420, 428], [439, 440], [439, 442]]}, "_determine_output_path": {"executed_lines": [471, 472, 475, 476], "summary": {"covered_lines": 4, "num_statements": 4, "percent_covered": 100.0, "percent_covered_display": "100.00", "missing_lines": 0, "excluded_lines": 0, "num_branches": 0, "num_partial_branches": 0, "covered_branches": 0, "missing_branches": 0}, "missing_lines": [], "excluded_lines": [], "executed_branches": [], "missing_branches": []}, "_check_existing_transcript": {"executed_lines": [496, 497, 499, 500, 503, 504, 505, 506, 507, 512, 513], "summary": {"covered_lines": 11, "num_statements": 11, "percent_covered": 100.0, "percent_covered_display": "100.00", "missing_lines": 0, "excluded_lines": 0, "num_branches": 6, "num_partial_branches": 0, "covered_branches": 6, "missing_branches": 0}, "missing_lines": [], "excluded_lines": [], "executed_branches": [[496, 497], [496, 499], [504, 505], [504, 513], [505, 504], [505, 506]], "missing_branches": []}, "_fetch_transcript_content": {"executed_lines": [], "summary": {"covered_lines": 0, "num_statements": 6, "percent_covered": 0.0, "percent_covered_display": "0.00", "missing_lines": 6, "excluded_lines": 0, "num_branches": 2, "num_partial_branches": 0, "covered_branches": 0, "missing_branches": 2}, "missing_lines": [528, 533, 534, 535, 536, 537], "excluded_lines": [], "executed_branches": [], "missing_branches": [[534, 535], [534, 537]]}, "_write_transcript_file": {"executed_lines": [], "summary": {"covered_lines": 0, "num_statements": 11, "percent_covered": 0.0, "percent_covered_display": "0.00", "missing_lines": 11, "excluded_lines": 0, "num_branches": 2, "num_partial_branches": 0, "covered_branches": 0, "missing_branches": 2}, "missing_lines": [559, 560, 561, 563, 564, 565, 567, 568, 569, 570, 571], "excluded_lines": [], "executed_branches": [], "missing_branches": [[559, 560], [559, 563]]}, "process_transcript_download": {"executed_lines": [600, 601, 618], "summary": {"covered_lines": 3, "num_statements": 30, "percent_covered": 10.869565217391305, "percent_covered_display": "10.87", "missing_lines": 27, "excluded_lines": 0, "num_branches": 16, "num_partial_branches": 2, "covered_branches": 2, "missing_branches": 14}, "missing_lines": [603, 604, 608, 609, 610, 611, 612, 617, 620, 621, 625, 626, 632, 633, 635, 638, 639, 640, 641, 642, 645, 646, 647, 652, 653, 654, 656], "excluded_lines": [], "executed_branches": [[600, 601], [601, 618]], "missing_branches": [[600, 620], [601, 603], [609, 610], [609, 618], [610, 609], [610, 611], [625, 626], [625, 635], [639, 640], [639, 641], [646, 647], [646, 652], [653, 654], [653, 656]]}, "process_episode_download": {"executed_lines": [], "summary": {"covered_lines": 0, "num_statements": 24, "percent_covered": 0.0, "percent_covered_display": "0.00", "missing_lines": 24, "excluded_lines": 0, "num_branches": 14, "num_partial_branches": 0, "covered_branches": 0, "missing_branches": 14}, "missing_lines": [686, 688, 689, 690, 697, 700, 701, 702, 704, 705, 706, 715, 716, 717, 718, 720, 721, 724, 725, 726, 728, 729, 730, 731], "excluded_lines": [], "executed_branches": [], "missing_branches": [[688, 689], [688, 704], [700, 701], [700, 702], [704, 705], [704, 728], [715, 716], [715, 726], [716, 717], [716, 720], [724, 725], [724, 726], [729, 730], [729, 731]]}, "": {"executed_lines": [1, 3, 5, 6, 7, 8, 9, 10, 11, 12, 14, 15, 17, 19, 20, 21, 32, 33, 34, 37, 60, 124, 279, 310, 338, 356, 450, 479, 516, 540, 574, 659], "summary": {"covered_lines": 31, "num_statements": 31, "percent_covered": 100.0, "percent_covered_display": "100.00", "missing_lines": 0, "excluded_lines": 0, "num_branches": 0, "num_partial_branches": 0, "covered_branches": 0, "missing_branches": 0}, "missing_lines": [], "excluded_lines": [], "executed_branches": [], "missing_branches": []}}, "classes": {"": {"executed_lines": [1, 3, 5, 6, 7, 8, 9, 10, 11, 12, 14, 15, 17, 19, 20, 21, 32, 33, 34, 37, 47, 48, 49, 50, 51, 52, 53, 54, 55, 56, 57, 60, 74, 75, 76, 77, 79, 80, 81, 82, 83, 85, 86, 87, 88, 89, 90, 91, 92, 93, 96, 97, 98, 99, 100, 102, 107, 108, 109, 110, 111, 112, 113, 117, 118, 119, 120, 121, 124, 145, 148, 151, 165, 166, 172, 279, 310, 338, 356, 450, 471, 472, 475, 476, 479, 496, 497, 499, 500, 503, 504, 505, 506, 507, 512, 513, 516, 540, 574, 600, 601, 618, 659], "summary": {"covered_lines": 102, "num_statements": 303, "percent_covered": 33.723653395784545, "percent_covered_display": "33.72", "missing_lines": 201, "excluded_lines": 0, "num_branches": 124, "num_partial_branches": 8, "covered_branches": 42, "missing_branches": 82}, "missing_lines": [94, 103, 104, 105, 115, 152, 158, 174, 175, 176, 177, 179, 180, 181, 187, 188, 192, 194, 195, 196, 197, 199, 202, 205, 206, 207, 208, 210, 211, 212, 213, 214, 216, 218, 219, 222, 223, 224, 225, 226, 227, 228, 229, 230, 231, 232, 233, 234, 235, 238, 239, 240, 241, 242, 243, 244, 245, 246, 247, 250, 251, 254, 255, 256, 257, 259, 260, 261, 262, 263, 264, 267, 268, 270, 292, 293, 295, 296, 297, 303, 304, 305, 306, 307, 328, 329, 330, 333, 334, 335, 346, 347, 348, 350, 351, 352, 353, 381, 382, 385, 386, 387, 389, 390, 396, 397, 398, 403, 406, 407, 408, 411, 412, 415, 416, 419, 420, 421, 422, 423, 426, 428, 431, 434, 435, 436, 439, 440, 442, 443, 444, 445, 447, 528, 533, 534, 535, 536, 537, 559, 560, 561, 563, 564, 565, 567, 568, 569, 570, 571, 603, 604, 608, 609, 610, 611, 612, 617, 620, 621, 625, 626, 632, 633, 635, 638, 639, 640, 641, 642, 645, 646, 647, 652, 653, 654, 656, 686, 688, 689, 690, 697, 700, 701, 702, 704, 705, 706, 715, 716, 717, 718, 720, 721, 724, 725, 726, 728, 729, 730, 731], "excluded_lines": [], "executed_branches": [[48, 49], [48, 53], [51, 52], [51, 53], [54, 55], [54, 57], [55, 54], [55, 56], [75, 76], [75, 77], [80, 81], [80, 83], [81, 80], [81, 82], [85, 86], [85, 96], [89, 90], [89, 91], [92, 93], [96, 97], [99, 100], [99, 102], [102, 107], [107, 108], [110, 111], [110, 113], [111, 110], [111, 112], [117, 118], [117, 121], [119, 117], [119, 120], [148, 151], [151, 165], [496, 497], [496, 499], [504, 505], [504, 513], [505, 504], [505, 506], [600, 601], [601, 618]], "missing_branches": [[92, 94], [96, 102], [102, 103], [104, 105], [104, 107], [107, 115], [148, 174], [151, 152], [174, 175], [174, 179], [180, 181], [180, 192], [207, 208], [207, 250], [212, 213], [212, 216], [223, 224], [223, 226], [226, 227
[...]
 84, "excluded_lines": 2, "num_branches": 42, "num_partial_branches": 0, "covered_branches": 0, "missing_branches": 42}, "missing_lines": [1582, 1583, 1585, 1586, 1587, 1589, 1612, 1614, 1616, 1617, 1619, 1620, 1621, 1622, 1623, 1624, 1625, 1626, 1627, 1629, 1630, 1631, 1632, 1633, 1634, 1635, 1637, 1638, 1639, 1640, 1645, 1648, 1650, 1651, 1652, 1653, 1655, 1656, 1658, 1660, 1663, 1664, 1666, 1669, 1671, 1672, 1673, 1675, 1676, 1677, 1678, 1679, 1683, 1684, 1685, 1687, 1688, 1689, 1693, 1694, 1695, 1700, 1701, 1702, 1703, 1704, 1705, 1706, 1713, 1716, 1719, 1721, 1722, 1723, 1724, 1726, 1727, 1728, 1730, 1733, 1734, 1736, 1738, 1741], "excluded_lines": [1711, 1712], "executed_branches": [], "missing_branches": [[1612, 1614], [1612, 1669], [1619, 1620], [1619, 1629], [1622, 1623], [1622, 1637], [1623, 1622], [1623, 1624], [1630, 1631], [1630, 1637], [1631, 1630], [1631, 1632], [1637, 1638], [1637, 1648], [1648, 1650], [1648, 1663], [1651, 1652], [1651, 1655], [1658, 1660], [1658, 1663], [1663, 1664], [1663, 1666], [1675, 1676], [1675, 1687], [1678, 1679], [1678, 1700], [1679, 1678], [1679, 1683], [1688, 1689], [1688, 1700], [1689, 1688], [1689, 1693], [1701, 1702], [1701, 1719], [1719, 1721], [1719, 1733], [1722, 1723], [1722, 1726], [1728, 1730], [1728, 1733], [1733, 1734], [1733, 1736]]}, "_process_processing_jobs_concurrent._process_single_processing_job": {"executed_lines": [], "summary": {"covered_lines": 0, "num_statements": 2, "percent_covered": 0.0, "percent_covered_display": "0.00", "missing_lines": 2, "excluded_lines": 3, "num_branches": 0, "num_partial_branches": 0, "covered_branches": 0, "missing_branches": 0}, "missing_lines": [1591, 1592], "excluded_lines": [1607, 1608, 1609], "executed_branches": [], "missing_branches": []}, "_cleanup_pipeline": {"executed_lines": [], "summary": {"covered_lines": 0, "num_statements": 6, "percent_covered": 0.0, "percent_covered_display": "0.00", "missing_lines": 6, "excluded_lines": 0, "num_branches": 2, "num_partial_branches": 0, "covered_branches": 0, "missing_branches": 2}, "missing_lines": [1753, 1754, 1755, 1756, 1757, 1758], "excluded_lines": [], "executed_branches": [], "missing_branches": [[1753, -1747], [1753, 1754]]}, "_generate_pipeline_summary": {"executed_lines": [1797, 1798, 1799, 1802, 1803, 1809, 1810, 1811, 1812, 1813, 1815, 1819, 1822, 1823, 1826, 1827, 1832, 1833, 1836, 1837, 1840, 1841, 1844, 1845, 1848, 1849, 1850, 1851, 1852, 1853, 1854, 1855, 1856, 1857, 1858, 1859, 1860, 1862, 1865, 1867], "summary": {"covered_lines": 40, "num_statements": 40, "percent_covered": 100.0, "percent_covered_display": "100.00", "missing_lines": 0, "excluded_lines": 0, "num_branches": 22, "num_partial_branches": 0, "covered_branches": 22, "missing_branches": 0}, "missing_lines": [], "excluded_lines": [], "executed_branches": [[1797, 1798], [1797, 1819], [1822, 1823], [1822, 1826], [1826, 1827], [1826, 1832], [1832, 1833], [1832, 1836], [1836, 1837], [1836, 1840], [1840, 1841], [1840, 1844], [1844, 1845], [1844, 1848], [1849, 1850], [1849, 1852], [1852, 1853], [1852, 1855], [1855, 1856], [1855, 1858], [1858, 1859], [1858, 1862]], "missing_branches": []}, "_generate_episode_metadata": {"executed_lines": [], "summary": {"covered_lines": 0, "num_statements": 5, "percent_covered": 0.0, "percent_covered_display": "0.00", "missing_lines": 5, "excluded_lines": 0, "num_branches": 2, "num_partial_branches": 0, "covered_branches": 0, "missing_branches": 2}, "missing_lines": [1926, 1927, 1930, 1938, 1941], "excluded_lines": [], "executed_branches": [], "missing_branches": [[1926, 1927], [1926, 1930]]}, "_parallel_episode_summarization": {"executed_lines": [], "summary": {"covered_lines": 0, "num_statements": 180, "percent_covered": 0.0, "percent_covered_display": "0.00", "missing_lines": 180, "excluded_lines": 0, "num_branches": 92, "num_partial_branches": 0, "covered_branches": 0, "missing_branches": 92}, "missing_lines": [1999, 2003, 2004, 2005, 2006, 2007, 2008, 2010, 2011, 2014, 2017, 2019, 2020, 2023, 2024, 2025, 2026, 2027, 2029, 2032, 2033, 2035, 2036, 2038, 2040, 2041, 2042, 2044, 2045, 2046, 2048, 2049, 2051, 2052, 2053, 2057, 2058, 2059, 2061, 2062, 2063, 2065, 2070, 2072, 2074, 2077, 2078, 2079, 2093, 2097, 2098, 2100, 2101, 2102, 2104, 2105, 2106, 2107, 2111, 2112, 2113, 2114, 2115, 2116, 2117, 2119, 2122, 2123, 2124, 2125, 2130, 2131, 2132, 2133, 2135, 2138, 2140, 2142, 2143, 2159, 2167, 2169, 2170, 2171, 2176, 2177, 2180, 2181, 2182, 2187, 2188, 2190, 2191, 2192, 2193, 2194, 2196, 2197, 2198, 2199, 2200, 2203, 2204, 2207, 2208, 2209, 2211, 2214, 2215, 2216, 2219, 2220, 2221, 2225, 2226, 2227, 2228, 2229, 2232, 2233, 2236, 2240, 2241, 2242, 2243, 2244, 2245, 2251, 2257, 2271, 2273, 2274, 2275, 2281, 2282, 2283, 2285, 2287, 2288, 2289, 2290, 2291, 2292, 2293, 2296, 2297, 2298, 2300, 2302, 2303, 2307, 2324, 2325, 2326, 2327, 2328, 2329, 2332, 2333, 2334, 2335, 2336, 2337, 2338, 2341, 2342, 2345, 2346, 2347, 2348, 2349, 2350, 2352, 2353, 2354, 2355, 2356, 2357, 2358, 2359], "excluded_lines": [], "executed_branches": [], "missing_branches": [[2004, 2005], [2004, 2006], [2006, 2007], [2006, 2010], [2011, 2014], [2011, 2057], [2017, 2019], [2017, 2027], [2019, 2020], [2019, 2027], [2024, 2019], [2024, 2025], [2027, 2011], [2027, 2029], [2033, 2035], [2033, 2051], [2041, 2042], [2041, 2044], [2045, 2046], [2045, 2051], [2051, 2011], [2051, 2052], [2057, 2058], [2057, 2061], [2061, 2062], [2061, 2065], [2074, 2077], [2074, 2097], [2078, 2079], [2078, 2093], [2100, 2101], [2100, 2104], [2116, 2117], [2116, 2130], [2117, 2119], [2117, 2122], [2131, 2132], [2131, 2133], [2133, 2135], [2133, 2138], [2140, 2142], [2140, 2159], [2142, -1968], [2142, 2143], [2176, 2177], [2176, 2180], [2181, 2182], [2181, 2190], [2187, 2188], [2187, 2190], [2191, 2192], [2191, 2193], [2193, 2194], [2193, 2196], [2196, 2197], [2196, 2273], [2203, 2204], [2203, 2209], [2209, 2211], [2209, 2214], [2220, 2221], [2220, 2232], [2225, 2226], [2225, 2232], [2232, 2233], [2232, 2251], [2240, 2241], [2240, 2251], [2241, 2240], [2241, 2242], [2251, 2257], [2251, 2271], [2274, 2275], [2274, 2281], [2287, 2288], [2287, 2298], [2289, 2290], [2289, 2296], [2327, 2328], [2327, 2332], [2333, 2334], [2333, 2345], [2337, 2333], [2337, 2338], [2346, 2347], [2346, 2352], [2352, -1968], [2352, 2353], [2354, -1968], [2354, 2355], [2355, 2354], [2355, 2356]]}, "_summarize_single_episode": {"executed_lines": [], "summary": {"covered_lines": 0, "num_statements": 6, "percent_covered": 0.0, "percent_covered_display": "0.00", "missing_lines": 6, "excluded_lines": 0, "num_branches": 0, "num_partial_branches": 0, "covered_branches": 0, "missing_branches": 0}, "missing_lines": [2395, 2398, 2401, 2409, 2412, 2417], "excluded_lines": [], "executed_branches": [], "missing_branches": []}, "": {"executed_lines": [1, 6, 8, 9, 10, 11, 12, 13, 14, 15, 16, 18, 26, 30, 37, 38, 39, 41, 44, 45, 47, 48, 49, 52, 53, 55, 56, 57, 60, 61, 63, 64, 65, 66, 67, 70, 71, 73, 74, 75, 76, 77, 80, 81, 83, 84, 85, 88, 109, 165, 221, 547, 605, 648, 674, 699, 798, 847, 871, 993, 1184, 1289, 1552, 1747, 1761, 1870, 1968, 2362], "summary": {"covered_lines": 62, "num_statements": 62, "percent_covered": 100.0, "percent_covered_display": "100.00", "missing_lines": 0, "excluded_lines": 0, "num_branches": 0, "num_partial_branches": 0, "covered_branches": 0, "missing_branches": 0}, "missing_lines": [], "excluded_lines": [], "executed_branches": [], "missing_branches": []}}, "classes": {"_FeedMetadata": {"executed_lines": [], "summary": {"covered_lines": 0, "num_statements": 0, "percent_covered": 100.0, "percent_covered_display": "100.00", "missing_lines": 0, "excluded_lines": 0, "num_branches": 0, "num_partial_branches": 0, "covered_branches": 0, "missing_branches": 0}, "missing_lines": [], "excluded_lines": [], "executed_branches": [], "missing_branches": []}, "_HostDetectionResult": {"executed_lines": [], "summary": {"covered_lines": 0, "num_statements": 0, "percent_covered": 100.0, "percent_covered_display": "100.00", "missing_lines": 0, "excluded_lines": 0, "num_branches": 0, "num_partial_branches": 0, "covered_branches": 0, "missing_branches": 0}, "missing_lines": [], "excluded_lines": [], "executed_branches": [], "missing_branches": []}, "_TranscriptionResources": {"executed_lines": [], "summary": {"covered_lines": 0, "num_statements": 0, "percent_covered": 100.0, "percent_covered_display": "100.00", "missing_lines": 0, "excluded_lines": 0, "num_branches": 0, "num_partial_branches": 0, "covered_branches": 0, "missing_branches": 0}, "missing_lines": [], "excluded_lines": [], "executed_branches": [], "missing_branches": []}, "_ProcessingJob": {"executed_lines": [], "summary": {"covered_lines": 0, "num_statements": 0, "percent_covered": 100.0, "percent_covered_display": "100.00", "missing_lines": 0, "excluded_lines": 0, "num_branches": 0, "num_partial_branches": 0, "covered_branches": 0, "missing_branches": 0}, "missing_lines": [], "excluded_lines": [], "executed_branches": [], "missing_branches": []}, "_ProcessingResources": {"executed_lines": [], "summary": {"covered_lines": 0, "num_statements": 0, "percent_covered": 100.0, "percent_covered_display": "100.00", "missing_lines": 0, "excluded_lines": 0, "num_branches": 0, "num_partial_branches": 0, "covered_branches": 0, "missing_branches": 0}, "missing_lines": [], "excluded_lines": [], "executed_branches": [], "missing_branches": []}, "": {"executed_lines": [1, 6, 8, 9, 10, 11, 12, 13, 14, 15, 16, 18, 26, 30, 37, 38, 39, 41, 44, 45, 47, 48, 49, 52, 53, 55, 56, 57, 60, 61, 63, 64, 65, 66, 67, 70, 71, 73, 74, 75, 76, 77, 80, 81, 83, 84, 85, 88, 102, 103, 104, 106, 109, 143, 165, 177, 178, 179, 181, 182, 185, 187, 188, 189, 190, 191, 199, 201, 206, 208, 209, 212, 213, 214, 215, 216, 218, 221, 547, 575, 576, 578, 579, 580, 584, 585, 586, 587, 588, 592, 593, 597, 598, 600, 602, 605, 617, 618, 620, 621, 624, 625, 626, 628, 629, 630, 632, 635, 636, 637, 638, 640, 643, 645, 648, 661, 662, 664, 665, 668, 669, 670, 671, 674, 684, 685, 686, 687, 689, 691, 695, 696, 699, 712, 713, 715, 716, 719, 720, 722, 725, 733, 766, 768, 769, 770, 771, 772, 777, 790, 791, 792, 795, 798, 810, 812, 814, 815, 816, 817, 821, 822, 825, 827, 828, 829, 830, 831, 832, 834, 835, 836, 838, 847, 856, 857, 862, 864, 871, 993, 1184, 1289, 1552, 1747, 1761, 1797, 1798, 1799, 1802, 1803, 1809, 1810, 1811, 1812, 1813, 1815, 1819, 1822, 1823, 1826, 1827, 1832, 1833, 1836, 1837, 1840, 1841, 1844, 1845, 1848, 1849, 1850, 1851, 1852, 1853, 1854, 1855, 1856, 1857, 1858, 1859, 1860, 1862, 1865, 1867, 1870, 1968, 2362], "summary": {"covered_lines": 222, "num_statements": 841, "percent_covered": 22.925225965488906, "percent_covered_display": "22.93", "missing_lines": 619, "excluded_lines": 20, "num_branches": 376, "num_partial_branches": 7, "covered_branches": 57, "missing_branches": 319}, "missing_lines": [194, 195, 196, 296, 299, 302, 303, 304, 308, 311, 312, 313, 314, 318, 319, 322, 325, 329, 331, 332, 334, 335, 336, 340, 341, 342, 343, 346, 350, 352, 361, 365, 366, 367, 368, 371, 372, 373, 390, 391, 396, 398, 420, 421, 423, 439, 440, 443, 445, 446, 447, 448, 450, 463, 466, 468, 470, 471, 479, 488, 505, 509, 510, 511, 512, 513, 514, 517, 518, 519, 520, 521, 522, 529, 530, 532, 533, 534, 535, 538, 541, 542, 735, 736, 739, 744, 746, 747, 748, 753, 754, 758, 759, 763, 773, 774, 778, 781, 782, 783, 784, 902, 903, 904, 908, 910, 913, 916, 919, 920, 921, 924, 933, 934, 935, 937, 938, 942, 948, 949, 952, 953, 954, 961, 962, 967, 968, 969, 973, 975, 977, 990, 1022, 1023, 1025, 1026, 1028, 1029, 1039, 1040, 1053, 1054, 1057, 1058, 1060, 1061, 1062, 1066, 1067, 1071, 1079, 1080, 1081, 1083, 1084, 1089, 1091, 1099, 1101, 1102, 1116, 1117, 1118, 1119, 1120, 1121, 1127, 1128, 1129, 1130, 1132, 1133, 1134, 1137, 1138, 1140, 1146, 1147, 1148, 1150, 1151, 1152, 1153, 1154, 1155, 1159, 1167, 1168, 1169, 1171, 1172, 1181, 1213, 1214, 1216, 1217, 1218, 1219, 1221, 1223, 1224, 1225, 1226, 1230, 1239, 1240, 1243, 1244, 1245, 1248, 1249, 1250, 1252, 1253, 1254, 1255, 1256, 1257, 1276, 1277, 1278, 1286, 1331, 1332, 1337, 1338, 1340, 1341, 1347, 1353, 1354, 1355, 1356, 1358, 1360, 1366, 1367, 1376, 1377, 1378, 1379, 1382, 1383, 1384, 1386, 1387, 1388, 1389, 1390, 1391, 1399, 1400, 1401, 1403, 1404, 1408, 1416, 1418, 1420, 1421, 1423, 1424, 1426, 1427, 1428, 1429, 1430, 1431, 1432, 1435, 1436, 1437, 1438, 1439, 1440, 1441, 1443, 1444, 1445, 1446, 1447, 1448, 1454, 1457, 1459, 1460, 1461, 1462, 1464, 1465, 1467, 1469, 1472, 1473, 1476, 1479, 1481, 1482, 1483, 1485, 1486, 1487, 1488, 1489, 1490, 1491, 1492, 1494, 1495, 1496, 1497, 1498, 1499, 1503, 1504, 1505, 1506, 1507, 1508, 1509, 1510, 1520, 1522, 1523, 1524, 1525, 1527, 1528, 1529, 1531, 1534, 1535, 1537, 1540, 1541, 1546, 1582, 1583, 1585, 1586, 1587, 1589, 1591, 1592, 1612, 1614, 1616, 1617, 1619, 1620, 1621, 1622, 1623, 1624, 1625, 1626, 1627, 1629, 1630, 1631, 1632, 1633, 1634, 1635, 1637, 1638, 1639, 1640, 1645, 1648, 1650, 1651, 1652, 1653, 1655, 1656, 1658, 1660, 1663, 1664, 1666, 1669, 1671, 1672, 1673, 1675, 1676, 1677, 1678, 1679, 1683, 1684, 1685, 1687, 1688, 1689, 1693, 1694, 1695, 1700, 1701, 1702, 1703, 1704, 1705, 1706, 1713, 1716, 1719, 1721, 1722, 1723, 1724, 1726, 1727, 1728, 1730, 1733, 1734, 1736, 1738, 1741, 1753, 1754, 1755, 1756, 1757, 1758, 1926, 1927, 1930, 1938, 1941, 1999, 2003, 2004, 2005, 2006, 2007, 2008, 2010, 2011, 2014, 2017, 2019, 2020, 2023, 2024, 2025, 2026, 2027, 2029, 2032, 2033, 2035, 2036, 2038, 2040, 2041, 2042, 2044, 2045, 2046, 2048, 2049, 2051, 2052, 2053, 2057, 2058, 2059, 2061, 2062, 2063, 2065, 2070, 2072, 2074, 2077, 2078, 2079, 2093, 2097, 2098, 2100, 2101, 2102, 2104, 2105, 2106, 2107, 2111, 2112, 2113, 2114, 2115, 2116, 2117, 2119, 2122, 2123, 2124, 2125, 2130, 2131, 2132, 2133, 2135, 2138, 2140, 2142, 2143, 2159, 2167, 2169, 2170, 2171, 2176, 2177, 2180, 2181, 2182, 2187, 2188, 2190, 2191, 2192, 2193, 2194, 2196, 2197, 2198, 2199, 2200, 2203, 2204, 2207, 2208, 2209, 2211, 2214, 2215, 2216, 2219, 2220, 2221, 2225, 2226, 2227, 2228, 2229, 2232, 2233, 2236, 2240, 2241, 2242, 2243, 2244, 2245, 2251, 2257, 2271, 2273, 2274, 2275, 2281, 2282, 2283, 2285, 2287, 2288, 2289, 2290, 2291, 2292, 2293, 2296, 2297, 2298, 2300, 2302, 2303, 2307, 2324, 2325, 2326, 2327, 2328, 2329, 2332, 2333, 2334, 2335, 2336, 2337, 2338, 2341, 2342, 2345, 2346, 2347, 2348, 2349, 2350, 2352, 2353, 2354, 2355, 2356, 2357, 2358, 2359, 2395, 2398, 2401, 2409, 2412, 2417], "excluded_lines": [1092, 1093, 1094, 1177, 1178, 1179, 1272, 1273, 1274, 1409, 1410, 1411, 1412, 1516, 1517, 1607, 1608, 1609, 1711, 1712], "executed_branches": [[102, 103], [102, 106], [178, 179], [178, 181], [185, 187], [199, 201], [199, 218], [206, 208], [578, 579], [578, 584], [579, 580], [584, 585], [584, 597], [586, 587], [597, 598], [597, 600], [620, 621], [620, 624], [625, 626], [625, 628], [661, 662], [661, 664], [686, 687], [686, 689], [715, 716], [715, 719], [733, 766], [768, 769], [777, 790], [812, 814], [812, 827], [828, 829], [828, 834], [830, 831], [830, 832], [1797, 1798], [1797, 1819], [1822, 1823], [1822, 1826], [1826, 1827], [1826, 1832], [1832, 1833], [1832, 1836], [1836, 1837], [1836, 1840], [1840, 1841], [1840, 1844], [1844, 1845], [1844, 1848], [1849, 1850], [1849, 1852], [1852, 1853], [1852, 1855], [1855, 1856], [1855, 1858], [1858, 1859], [1858, 1862]], "missing_branches": [[185, 194], [195, 196], [195, 199], [206, 218], [331, 332], [331, 350], [372, 373], [372, 396], [396, 398], [396, 423], [439, 440], [439, 443], [443, 445], [443, 448], [448, 450], [448, 463], [466, 468], [466, 479], [479, 488], [479, 505], [505, 509], [505, 517], [517, 518], [517, 529], [529, 530], [529, 538], [579, 597], [586, 597], [733, 735], [747, 748], [747, 763], [753, 754], [753, 758], [758, 759], [758, 763], [768, 773], [773, 774], [773, 777], [777, 778], [781, 782], [781, 790], [783, 784], [783, 790], [903, 904], [903, 990], [908, 910], [908, 973], [920, 921], [920, 933], [937, 938], [937, 942], [942, 948], [942, 968], [952, 953], [952, 961], [968, 969], [968, 977], [973, 975], [973, 977], [1022, 1023], [1022, 1025], [1026, 1028], [1026, 1099], [1028, 1029], [1028, 1181], [1053, 1054], [1053, 1057], [1057, 1058], [1057, 1089], [1060, 1061], [1060, 1062], [1066, 1028], [1066, 1067], [1079, 1080], [1079, 1083], [1089, 1028], [1089, 1091], [1116, 1117], [1116, 1181], [1120, 1121], [1120, 1127], [1127, 1128], [1127, 1138], [1128, 1129], [1128, 1132], [1133, 1134], [1133, 1137], [1138, 1140], [1138, 1146], [1146, 1116], [1146, 1147], [1148, 1116], [1148, 1150], [1151, 1152], [1151, 1155], [1152, 1151], [1152, 1153], [1167, 1168], [1167, 1171], [1213, 1214], [1213, 1216], [1218, 1219], [1218, 1221], [1225, 1226], [1225, 1286], [1239, 1240], [1239, 1243], [1243, 1244], [1243, 1276], [1248, 1249], [1248, 1276], [1250, 1252], [1250, 1276], [1253, 1254], [1253, 1257], [1254, 1253], [1254, 1255], [1331, 1332], [1331, 1337], [1338, 1340], [1338, 1347], [1376, 1377], [1376, 1378], [1378, 1379], [1378, 1408], [1382, 1383], [1382, 1408], [1384, 1386], [1384, 1408], [1387, 1388], [1387, 1391], [1388, 1387], [1388, 1389], [1399, 1400], [1399, 1403], [1416, 1418], [1416, 1479], [1423, 1424], [1423, 1435], [1427, 1428], [1427, 1443], [1428, 1427], [1428, 1429], [1436, 1437], [1436, 1443], [1437, 1436], [1437, 1438], [1443, 1444], [1443, 1457], [1445, 1446], [1445, 1447], [1457, 1459], [1457, 1472], [1460, 1461], [1460, 1464], [1467, 1469], [1467, 1472], [1472, 1473], [1472, 1476], [1485, 1486], [1485, 1494], [1488, 1489], [1488, 1503], [1489, 1488], [1489, 1490], [1495, 1496], [1495, 1503], [1496, 1495], [1496, 1497], [1503, 1504], [1503, 1520], [1507, 1508], [1507, 1509], [1520, 1522], [1520, 1534], [1523, 1524], [1523, 1527], [1529, 1531], [1529, 1534], [1534, 1535], [1534, 1537], [1612, 1614], [1612, 1669], [1619, 1620], [1619, 1629], [1622, 1623], [1622, 1637], [1623, 1622], [1623, 1624], [1630, 1631], [1630, 1637], [1631, 1630], [1631, 1632], [1637, 1638], [1637, 1648], [1648, 1650], [1648, 1663], [1651, 1652], [1651, 1655], [1658, 1660], [1658, 1663], [1663, 1664], [1663, 1666], [1675, 1676], [1675, 1687], [1678, 1679], [1678, 1700], [1679, 1678], [1679, 1683], [1688, 1689], [1688, 1700], [1689, 1688], [1689, 1693], [1701, 1702], [1701, 1719], [1719, 1721], [1719, 1733], [1722, 1723], [1722, 1726], [1728, 1730], [1728, 1733], [1733, 1734], [1733, 1736], [1753, -1747], [1753, 1754], [1926, 1927], [1926, 1930], [2004, 2005], [2004, 2006], [2006, 2007], [2006, 2010], [2011, 2014], [2011, 2057], [2017, 2019], [2017, 2027], [2019, 2020], [2019, 2027], [2024, 2019], [2024, 2025], [2027, 2011], [2027, 2029], [2033, 2035], [2033, 2051], [2041, 2042], [2041, 2044], [2045, 2046], [2045, 2051], [2051, 2011], [2051, 2052], [2057, 2058], [2057, 2061], [2061, 2062], [2061, 2065], [2074, 2077], [2074, 2097], [2078, 2079], [2078, 2093], [2100, 2101], [2100, 2104], [2116, 2117], [2116, 2130], [2117, 2119], [2117, 2122], [2131, 2132], [2131, 2133], [2133, 2135], [2133, 2138], [2140, 2142], [2140, 2159], [2142, -1968], [2142, 2143], [2176, 2177], [2176, 2180], [2181, 2182], [2181, 2190], [2187, 2188], [2187, 2190], [2191, 2192], [2191, 2193], [2193, 2194], [2193, 2196], [2196, 2197], [2196, 2273], [2203, 2204], [2203, 2209], [2209, 2211], [2209, 2214], [2220, 2221], [2220, 2232], [2225, 2226], [2225, 2232], [2232, 2233], [2232, 2251], [2240, 2241], [2240, 2251], [2241, 2240], [2241, 2242], [2251, 2257], [2251, 2271], [2274, 2275], [2274, 2281], [2287, 2288], [2287, 2298], [2289, 2290], [2289, 2296], [2327, 2328], [2327, 2332], [2333, 2334], [2333, 2345], [2337, 2333], [2337, 2338], [2346, 2347], [2346, 2352], [2352, -1968], [2352, 2353], [2354, -1968], [2354, 2355], [2355, 2354], [2355, 2356]]}}}}, "totals": {"covered_lines": 2720, "num_statements": 5053, "percent_covered": 49.963530269876, "percent_covered_display": "49.96", "missing_lines": 2333, "excluded_lines": 75, "num_branches": 1802, "num_partial_branches": 223, "covered_branches": 705, "missing_branches": 1097}}